#
# A fatal error has been detected by the Java Runtime Environment:
#
#  EXCEPTION_ACCESS_VIOLATION (0xc0000005) at pc=0x00007ffd82f2e1a8, pid=15576, tid=21368
#
# JRE version: Java(TM) SE Runtime Environment (16.0.2+7) (build 16.0.2+7-67)
# Java VM: Java HotSpot(TM) 64-Bit Server VM (16.0.2+7-67, mixed mode, sharing, tiered, compressed oops, compressed class ptrs, g1 gc, windows-amd64)
# Problematic frame:
# C  0x00007ffd82f2e1a8  JPypeException::convertPythonToJava+0x158
#
# No core dump will be written. Minidumps are not enabled by default on client versions of Windows
#
# If you would like to submit a bug report, please visit:
#   https://bugreport.java.com/bugreport/crash.jsp
# The crash happened outside the Java Virtual Machine in native code.
# See problematic frame for where to report the bug.
#

---------------  S U M M A R Y ------------

Command Line: -Dfile.encoding=UTF8 -ea -Xmx1024m 

Host: Intel(R) Core(TM) i7-8750H CPU @ 2.20GHz, 12 cores, 15G,  Windows 10 , 64 bit Build 19041 (10.0.19041.1151)
Time: Wed Sep  8 17:18:55 2021 대한민국 표준시 elapsed time: 7.837437 seconds (0d 0h 0m 7s)

---------------  T H R E A D  ---------------

Current thread (0x000001cb020d7310):  JavaThread "main" [_thread_in_native, id=21368, stack(0x0000000c4e000000,0x0000000c4e1f0000)]

Stack: [0x0000000c4e000000,0x0000000c4e1f0000],  sp=0x0000000c4e1dc3a0,  free space=1904k
Native frames: (J=compiled Java code, j=interpreted, Vv=VM code, C=native code)
C  0x00007ffd82f2e1a8  JPypeException::convertPythonToJava+0x158  (jp_exception.cpp:266)
C  0x00007ffd82f2d59a  JPypeException::toJava+0x1fa  (jp_exception.cpp:432)
C  0x00007ffd82f5fae9  `JPTypeFactory_rethrow'::`1'::catch$0+0x1d  (jp_typefactory.cpp:50)
C  [VCRUNTIME140.dll+0x1030]
C  [VCRUNTIME140.dll+0x43a8]
C  [ntdll.dll+0xa1506]
C  0x00007ffd82f42b7b  JPTypeFactory_rethrow+0x1b  (jp_typefactory.cpp:47)
C  0x00007ffd82f5fabd  `JPTypeFactory_newWrapper'::`1'::catch$4+0x16  (jp_typefactory.cpp:97)
C  [VCRUNTIME140.dll+0x1030]
C  [VCRUNTIME140.dll+0x43a8]
C  [ntdll.dll+0xa1506]
C  0x00007ffd82f42b12  JPTypeFactory_newWrapper+0x72  (jp_typefactory.cpp:97)
C  0x000001cb0d46dd22

Java frames: (J=compiled Java code, j=interpreted, Vv=VM code)
j  org.jpype.manager.TypeFactoryNative.newWrapper(JJ)V+0
j  org.jpype.JPypeContext.newWrapper(J)V+16
v  ~StubRoutines::call_stub

siginfo: EXCEPTION_ACCESS_VIOLATION (0xc0000005), writing address 0x0000000000000000


Register to memory mapping:

RIP=0x00007ffd82f2e1a8 points into unknown readable memory: 0xddfe0d8d4c03ff48 | 48 ff 03 4c 8d 0d fe dd
RAX=0x0 is NULL
RBX=0x0 is NULL
RCX=0x000001cb05a6d830 points into unknown readable memory: 0x000001cb01daad50 | 50 ad da 01 cb 01 00 00
RDX=0x0 is NULL
RSP=0x0000000c4e1dc3a0 is pointing into the stack for thread: 0x000001cb020d7310
RBP=0x0000000c4e1de720 is pointing into the stack for thread: 0x000001cb020d7310
RSI=0x000001cb01daad50 points into unknown readable memory: 0x00007ffd82f75d58 | 58 5d f7 82 fd 7f 00 00
RDI=0x00007ffdbd5b1b50 python38.dll::_PyExc_KeyboardInterrupt + 0x0
R8 =0x0 is NULL
R9 =0x0000000000000002 is an unknown value
R10=0x000001cb025ea330 points into unknown readable memory: 0x0000040000000001 | 01 00 00 00 00 04 00 00
R11=0x0000000c4e1dc390 is pointing into the stack for thread: 0x000001cb020d7310
R12=0x0000000c4e1dc5a0 is pointing into the stack for thread: 0x000001cb020d7310
R13=0x0000000c4e1e0030 is pointing into the stack for thread: 0x000001cb020d7310
R14=0x000001cb056ad0c0 points into unknown readable memory: 0x00000000cc692180 | 80 21 69 cc 00 00 00 00
R15=0x0 is NULL


Registers:
RAX=0x0000000000000000, RBX=0x0000000000000000, RCX=0x000001cb05a6d830, RDX=0x0000000000000000
RSP=0x0000000c4e1dc3a0, RBP=0x0000000c4e1de720, RSI=0x000001cb01daad50, RDI=0x00007ffdbd5b1b50
R8 =0x0000000000000000, R9 =0x0000000000000002, R10=0x000001cb025ea330, R11=0x0000000c4e1dc390
R12=0x0000000c4e1dc5a0, R13=0x0000000c4e1e0030, R14=0x000001cb056ad0c0, R15=0x0000000000000000
RIP=0x00007ffd82f2e1a8, EFLAGS=0x0000000000010246

Top of Stack: (sp=0x0000000c4e1dc3a0)
0x0000000c4e1dc3a0:   0000000000000000 0000000000000000
0x0000000c4e1dc3b0:   000001cb01daad50 00007ffdbd5b1b50
0x0000000c4e1dc3c0:   fffffffffffffffe 00007ffdbd2b18a9
0x0000000c4e1dc3d0:   00007ffdbd5b1b50 0000000000000000
0x0000000c4e1dc3e0:   000001cb01daad50 000001cb020d7620
0x0000000c4e1dc3f0:   000001cb01da0100 00007ffdbd5b1b50
0x0000000c4e1dc400:   0000000000000000 000001cb25807240
0x0000000c4e1dc410:   00000f0760c7d701 0000000c4e1dc530
0x0000000c4e1dc420:   0000000c4e1dd418 00007ffd82f2d59a
0x0000000c4e1dc430:   000001cb020d7620 000001cb020d7620
0x0000000c4e1dc440:   000001cb242c2000 000001cb01daad50
0x0000000c4e1dc450:   0000000000000000 000001cb242c2000
0x0000000c4e1dc460:   000001cb01daad50 000001cb020d7620
0x0000000c4e1dc470:   0000000000000000 00007ffe548c97fb
0x0000000c4e1dc480:   fffffffffffffffe 0000000c4e1dcb10
0x0000000c4e1dc490:   000098e9500b4bc9 0000000a656e6f4e 

Instructions: (pc=0x00007ffd82f2e1a8)
0x00007ffd82f2e0a8:   24 60 48 89 5c 24 68 4c 8d 44 24 68 48 8d 54 24
0x00007ffd82f2e0b8:   60 48 8d 4c 24 58 e8 fd 5c 01 00 88 44 24 70 48
0x00007ffd82f2e0c8:   8b 7c 24 58 84 c0 74 78 48 8b cf e8 78 02 02 00
0x00007ffd82f2e0d8:   48 85 c0 74 6b 8b 80 98 00 00 00 48 c1 e8 11 24
0x00007ffd82f2e0e8:   01 74 5d 88 5c 24 70 48 8b 5c 24 60 48 8b cb e8
0x00007ffd82f2e0f8:   84 bc 02 00 48 85 c0 74 4c 48 8d 0c 03 48 83 39
0x00007ffd82f2e108:   00 74 42 e8 70 53 01 00 48 8b 4c 24 48 4c 8b 01
0x00007ffd82f2e118:   48 8b d0 41 ff 50 68 90 48 8d 4c 24 58 e8 e6 63
0x00007ffd82f2e128:   01 00 90 80 7c 24 50 00 75 11 48 8b 4c 24 48 48
0x00007ffd82f2e138:   8b 01 33 d2 ff 90 a0 00 00 00 90 e9 ac 00 00 00
0x00007ffd82f2e148:   48 8b 5c 24 60 48 89 7c 24 30 48 89 5c 24 38 48
0x00007ffd82f2e158:   8b 4c 24 48 48 8b 01 4c 8d 4c 24 30 4c 8b 86 80
0x00007ffd82f2e168:   01 00 00 48 8b 96 e8 00 00 00 ff 90 20 01 00 00
0x00007ffd82f2e178:   4c 8b f0 48 8d 4c 24 40 e8 9b 5b 00 00 48 8b 8e
0x00007ffd82f2e188:   08 01 00 00 48 ff 07 4c 8d 0d 1a de 00 00 4c 8b
0x00007ffd82f2e198:   c7 49 8b d6 e8 ef db 00 00 48 8b 8e 08 01 00 00
0x00007ffd82f2e1a8:   48 ff 03 4c 8d 0d fe dd 00 00 4c 8b c3 49 8b d6
0x00007ffd82f2e1b8:   e8 d3 db 00 00 c6 44 24 70 00 48 8b 4c 24 48 48
0x00007ffd82f2e1c8:   8b 01 49 8b d6 ff 50 68 90 48 8d 4c 24 58 e8 35
0x00007ffd82f2e1d8:   63 01 00 90 80 7c 24 50 00 75 11 48 8b 4c 24 48
0x00007ffd82f2e1e8:   48 8b 01 33 d2 ff 90 a0 00 00 00 90 4c 8d 9c 24
0x00007ffd82f2e1f8:   80 00 00 00 49 8b 5b 18 49 8b 73 20 49 8b 7b 28
0x00007ffd82f2e208:   49 8b e3 41 5e c3 cc cc cc cc cc cc cc cc cc cc
0x00007ffd82f2e218:   cc cc cc cc cc cc cc cc 48 8b c4 57 48 81 ec 00
0x00007ffd82f2e228:   01 00 00 48 c7 40 a8 fe ff ff ff 48 89 58 10 48
0x00007ffd82f2e238:   89 70 18 48 8b 05 ce 8d 06 00 48 33 c4 48 89 84
0x00007ffd82f2e248:   24 f0 00 00 00 48 8b f9 48 8b 09 48 85 c9 75 1c
0x00007ffd82f2e258:   48 8d 15 a1 96 03 00 48 8b 0d 8a 64 03 00 48 8b
0x00007ffd82f2e268:   09 ff 15 29 65 03 00 e9 16 07 00 00 e8 e7 be ff
0x00007ffd82f2e278:   ff 48 8b c8 48 8b 07 48 89 44 24 30 48 89 4c 24
0x00007ffd82f2e288:   38 66 c7 44 24 40 00 00 48 85 c9 75 10 48 8b c8
0x00007ffd82f2e298:   e8 c3 be ff ff 48 8b c8 48 89 44 24 38 48 8b 01 


Stack slot to memory mapping:
stack at sp + 0 slots: 0x0 is NULL
stack at sp + 1 slots: 0x0 is NULL
stack at sp + 2 slots: 0x000001cb01daad50 points into unknown readable memory: 0x00007ffd82f75d58 | 58 5d f7 82 fd 7f 00 00
stack at sp + 3 slots: 0x00007ffdbd5b1b50 python38.dll::_PyExc_KeyboardInterrupt + 0x0
stack at sp + 4 slots: 0xfffffffffffffffe is an unknown value
stack at sp + 5 slots: 0x00007ffdbd2b18a9 python38.dll::PyThread_tss_get + 0x29
stack at sp + 6 slots: 0x00007ffdbd5b1b50 python38.dll::_PyExc_KeyboardInterrupt + 0x0
stack at sp + 7 slots: 0x0 is NULL


---------------  P R O C E S S  ---------------

Threads class SMR info:
_java_thread_list=0x000001cb23900d20, length=13, elements={
0x000001cb020d7310, 0x000001cb020d38a0, 0x000001cb020d3df0, 0x000001cb020d4340,
0x000001cb020d6dc0, 0x000001cb020d6870, 0x000001cb020d4890, 0x000001cb02581460,
0x000001cb0257c680, 0x000001cb020d7860, 0x000001cb020d7db0, 0x000001cb020d4de0,
0x000001cb020d5dd0
}

Java Threads: ( => current thread )
=>0x000001cb020d7310 JavaThread "main" [_thread_in_native, id=21368, stack(0x0000000c4e000000,0x0000000c4e1f0000)]
  0x000001cb020d38a0 JavaThread "Reference Handler" daemon [_thread_blocked, id=684, stack(0x0000000c51e00000,0x0000000c51ff0000)]
  0x000001cb020d3df0 JavaThread "Finalizer" daemon [_thread_blocked, id=21796, stack(0x0000000c51ff0000,0x0000000c521e0000)]
  0x000001cb020d4340 JavaThread "Signal Dispatcher" daemon [_thread_blocked, id=16732, stack(0x0000000c521e0000,0x0000000c523d0000)]
  0x000001cb020d6dc0 JavaThread "Attach Listener" daemon [_thread_blocked, id=22360, stack(0x0000000c523d0000,0x0000000c525c0000)]
  0x000001cb020d6870 JavaThread "Service Thread" daemon [_thread_blocked, id=25688, stack(0x0000000c525c0000,0x0000000c527b0000)]
  0x000001cb020d4890 JavaThread "Monitor Deflation Thread" daemon [_thread_blocked, id=3920, stack(0x0000000c527b0000,0x0000000c529a0000)]
  0x000001cb02581460 JavaThread "C2 CompilerThread0" daemon [_thread_blocked, id=5960, stack(0x0000000c529a0000,0x0000000c52b90000)]
  0x000001cb0257c680 JavaThread "C1 CompilerThread0" daemon [_thread_blocked, id=7416, stack(0x0000000c52b90000,0x0000000c52d80000)]
  0x000001cb020d7860 JavaThread "Sweeper thread" daemon [_thread_blocked, id=20932, stack(0x0000000c52d80000,0x0000000c52f70000)]
  0x000001cb020d7db0 JavaThread "Notification Thread" daemon [_thread_blocked, id=22212, stack(0x0000000c52f70000,0x0000000c53160000)]
  0x000001cb020d4de0 JavaThread "Common-Cleaner" daemon [_thread_blocked, id=10148, stack(0x0000000c53350000,0x0000000c53540000)]
  0x000001cb020d5dd0 JavaThread "Python Reference Queue" daemon [_thread_blocked, id=21444, stack(0x0000000c53920000,0x0000000c53b10000)]

Other Threads:
  0x000001cb020274b0 VMThread "VM Thread" [stack: 0x0000000c51c10000,0x0000000c51e00000] [id=8616]
  0x000001cb02150e50 WatcherThread [stack: 0x0000000c53160000,0x0000000c53350000] [id=22712]
  0x000001cb01ff7870 GCTaskThread "GC Thread#0" [stack: 0x0000000c51260000,0x0000000c51450000] [id=21656]
  0x000001cb01ff3e40 GCTaskThread "GC Thread#1" [stack: 0x0000000c53b10000,0x0000000c53d00000] [id=11132]
  0x000001cb01ff3820 GCTaskThread "GC Thread#2" [stack: 0x0000000c53d00000,0x0000000c53ef0000] [id=22140]
  0x000001cb01fefdf0 GCTaskThread "GC Thread#3" [stack: 0x0000000c53ef0000,0x0000000c540e0000] [id=6464]
  0x000001cb01ff1980 GCTaskThread "GC Thread#4" [stack: 0x0000000c540e0000,0x0000000c542d0000] [id=25916]
  0x000001cb01ff0410 GCTaskThread "GC Thread#5" [stack: 0x0000000c542d0000,0x0000000c544c0000] [id=26196]
  0x000001cb249e8170 GCTaskThread "GC Thread#6" [stack: 0x0000000c55440000,0x0000000c55630000] [id=2820]
  0x000001cb249e8790 GCTaskThread "GC Thread#7" [stack: 0x0000000c55a10000,0x0000000c55c00000] [id=11372]
  0x000001cb249e6f10 GCTaskThread "GC Thread#8" [stack: 0x0000000c561d0000,0x0000000c563c0000] [id=16944]
  0x000001cb02488710 ConcurrentGCThread "G1 Main Marker" [stack: 0x0000000c51450000,0x0000000c51640000] [id=26556]
  0x000001cb01ff4150 ConcurrentGCThread "G1 Conc#0" [stack: 0x0000000c51640000,0x0000000c51830000] [id=27132]
  0x000001cb249e7840 ConcurrentGCThread "G1 Conc#1" [stack: 0x0000000c55c00000,0x0000000c55df0000] [id=11952]
  0x000001cb249e4a50 ConcurrentGCThread "G1 Conc#2" [stack: 0x0000000c55df0000,0x0000000c55fe0000] [id=24676]
  0x000001cb01d65d20 ConcurrentGCThread "G1 Refine#0" [stack: 0x0000000c51830000,0x0000000c51a20000] [id=23216]
  0x000001cb2430fbb0 ConcurrentGCThread "G1 Refine#1" [stack: 0x0000000c55630000,0x0000000c55820000] [id=9936]
  0x000001cb24312930 ConcurrentGCThread "G1 Refine#2" [stack: 0x0000000c55820000,0x0000000c55a10000] [id=26880]
  0x000001cb2430fef0 ConcurrentGCThread "G1 Refine#3" [stack: 0x0000000c55fe0000,0x0000000c561d0000] [id=22380]
  0x000001cb0256d980 ConcurrentGCThread "G1 Service" [stack: 0x0000000c51a20000,0x0000000c51c10000] [id=22232]

Threads with active compile tasks:

VM state: not at safepoint (normal execution)

VM Mutex/Monitor currently owned by a thread: None

Heap address: 0x00000000c0000000, size: 1024 MB, Compressed Oops mode: 32-bit

CDS archive(s) mapped at: [0x0000000800000000-0x0000000800bb0000-0x0000000800bb0000), size 12255232, SharedBaseAddress: 0x0000000800000000, ArchiveRelocationMode: 0.
Compressed class space mapped at: 0x0000000800c00000-0x0000000840c00000, reserved size: 1073741824
Narrow klass base: 0x0000000800000000, Narrow klass shift: 3, Narrow klass range: 0x100000000

GC Precious Log:
 CPUs: 12 total, 12 available
 Memory: 16223M
 Large Page Support: Disabled
 NUMA Support: Disabled
 Compressed Oops: Enabled (32-bit)
 Heap Region Size: 1M
 Heap Min Capacity: 8M
 Heap Initial Capacity: 254M
 Heap Max Capacity: 1G
 Pre-touch: Disabled
 Parallel Workers: 10
 Concurrent Workers: 3
 Concurrent Refinement Workers: 10
 Periodic GC: Disabled

Heap:
 garbage-first heap   total 248832K, used 123936K [0x00000000c0000000, 0x0000000100000000)
  region size 1024K, 46 young (47104K), 1 survivors (1024K)
 Metaspace       used 10324K, committed 10496K, reserved 1064960K
  class space    used 1494K, committed 1600K, reserved 1048576K

Heap Regions: E=young(eden), S=young(survivor), O=old, HS=humongous(starts), HC=humongous(continues), CS=collection set, F=free, OA=open archive, CA=closed archive, TAMS=top-at-mark-start (previous, next)
|   0|0x00000000c0000000, 0x00000000c00ffff0, 0x00000000c0100000| 99%| O|  |TAMS 0x00000000c0000000, 0x00000000c0000000| Untracked 
|   1|0x00000000c0100000, 0x00000000c01ffff8, 0x00000000c0200000| 99%| O|  |TAMS 0x00000000c0100000, 0x00000000c0100000| Untracked 
|   2|0x00000000c0200000, 0x00000000c02ffff0, 0x00000000c0300000| 99%| O|  |TAMS 0x00000000c0200000, 0x00000000c0200000| Untracked 
|   3|0x00000000c0300000, 0x00000000c03ffff0, 0x00000000c0400000| 99%| O|  |TAMS 0x00000000c0300000, 0x00000000c0300000| Untracked 
|   4|0x00000000c0400000, 0x00000000c04ffff0, 0x00000000c0500000| 99%| O|  |TAMS 0x00000000c0400000, 0x00000000c0400000| Untracked 
|   5|0x00000000c0500000, 0x00000000c05ffff8, 0x00000000c0600000| 99%| O|  |TAMS 0x00000000c0500000, 0x00000000c0500000| Untracked 
|   6|0x00000000c0600000, 0x00000000c06ffff8, 0x00000000c0700000| 99%| O|  |TAMS 0x00000000c0600000, 0x00000000c0600000| Untracked 
|   7|0x00000000c0700000, 0x00000000c0800000, 0x00000000c0800000|100%| O|  |TAMS 0x00000000c0700000, 0x00000000c0700000| Untracked 
|   8|0x00000000c0800000, 0x00000000c0900000, 0x00000000c0900000|100%| O|  |TAMS 0x00000000c0800000, 0x00000000c0800000| Untracked 
|   9|0x00000000c0900000, 0x00000000c09ffff8, 0x00000000c0a00000| 99%| O|  |TAMS 0x00000000c0900000, 0x00000000c0900000| Untracked 
|  10|0x00000000c0a00000, 0x00000000c0b00000, 0x00000000c0b00000|100%| O|  |TAMS 0x00000000c0a00000, 0x00000000c0a00000| Untracked 
|  11|0x00000000c0b00000, 0x00000000c0bffff0, 0x00000000c0c00000| 99%| O|  |TAMS 0x00000000c0b00000, 0x00000000c0b00000| Untracked 
|  12|0x00000000c0c00000, 0x00000000c0cffff8, 0x00000000c0d00000| 99%| O|  |TAMS 0x00000000c0c00000, 0x00000000c0c00000| Untracked 
|  13|0x00000000c0d00000, 0x00000000c0dffff8, 0x00000000c0e00000| 99%| O|  |TAMS 0x00000000c0d00000, 0x00000000c0d00000| Untracked 
|  14|0x00000000c0e00000, 0x00000000c0f00000, 0x00000000c0f00000|100%|HS|  |TAMS 0x00000000c0f00000, 0x00000000c0e00000| Untracked 
|  15|0x00000000c0f00000, 0x00000000c1000000, 0x00000000c1000000|100%|HC|  |TAMS 0x00000000c1000000, 0x00000000c0f00000| Untracked 
|  16|0x00000000c1000000, 0x00000000c1100000, 0x00000000c1100000|100%|HS|  |TAMS 0x00000000c1100000, 0x00000000c1000000| Untracked 
|  17|0x00000000c1100000, 0x00000000c1200000, 0x00000000c1200000|100%|HC|  |TAMS 0x00000000c1200000, 0x00000000c1100000| Untracked 
|  18|0x00000000c1200000, 0x00000000c1300000, 0x00000000c1300000|100%| O|  |TAMS 0x00000000c1200000, 0x00000000c1200000| Untracked 
|  19|0x00000000c1300000, 0x00000000c13fff68, 0x00000000c1400000| 99%| O|  |TAMS 0x00000000c1300000, 0x00000000c1300000| Untracked 
|  20|0x00000000c1400000, 0x00000000c14ffff8, 0x00000000c1500000| 99%| O|  |TAMS 0x00000000c1400000, 0x00000000c1400000| Untracked 
|  21|0x00000000c1500000, 0x00000000c15ffff8, 0x00000000c1600000| 99%| O|  |TAMS 0x00000000c1500000, 0x00000000c1500000| Untracked 
|  22|0x00000000c1600000, 0x00000000c16ffff8, 0x00000000c1700000| 99%| O|  |TAMS 0x00000000c1600000, 0x00000000c1600000| Untracked 
|  23|0x00000000c1700000, 0x00000000c1800000, 0x00000000c1800000|100%|HS|  |TAMS 0x00000000c1800000, 0x00000000c1700000| Untracked 
|  24|0x00000000c1800000, 0x00000000c1900000, 0x00000000c1900000|100%|HS|  |TAMS 0x00000000c1900000, 0x00000000c1800000| Untracked 
|  25|0x00000000c1900000, 0x00000000c19ffff8, 0x00000000c1a00000| 99%| O|  |TAMS 0x00000000c1900000, 0x00000000c1900000| Untracked 
|  26|0x00000000c1a00000, 0x00000000c1affff0, 0x00000000c1b00000| 99%| O|  |TAMS 0x00000000c1a00000, 0x00000000c1a00000| Untracked 
|  27|0x00000000c1b00000, 0x00000000c1c00000, 0x00000000c1c00000|100%| O|  |TAMS 0x00000000c1b00000, 0x00000000c1b00000| Untracked 
|  28|0x00000000c1c00000, 0x00000000c1d00000, 0x00000000c1d00000|100%|HS|  |TAMS 0x00000000c1d00000, 0x00000000c1c00000| Untracked 
|  29|0x00000000c1d00000, 0x00000000c1e00000, 0x00000000c1e00000|100%|HC|  |TAMS 0x00000000c1e00000, 0x00000000c1d00000| Untracked 
|  30|0x00000000c1e00000, 0x00000000c1f00000, 0x00000000c1f00000|100%|HS|  |TAMS 0x00000000c1f00000, 0x00000000c1e00000| Untracked 
|  31|0x00000000c1f00000, 0x00000000c2000000, 0x00000000c2000000|100%|HC|  |TAMS 0x00000000c2000000, 0x00000000c1f00000| Untracked 
|  32|0x00000000c2000000, 0x00000000c2100000, 0x00000000c2100000|100%|HS|  |TAMS 0x00000000c2100000, 0x00000000c2000000| Untracked 
|  33|0x00000000c2100000, 0x00000000c2200000, 0x00000000c2200000|100%|HS|  |TAMS 0x00000000c2200000, 0x00000000c2100000| Untracked 
|  34|0x00000000c2200000, 0x00000000c2300000, 0x00000000c2300000|100%|HC|  |TAMS 0x00000000c2300000, 0x00000000c2200000| Untracked 
|  35|0x00000000c2300000, 0x00000000c2400000, 0x00000000c2400000|100%|HS|  |TAMS 0x00000000c2400000, 0x00000000c2300000| Untracked 
|  36|0x00000000c2400000, 0x00000000c2500000, 0x00000000c2500000|100%|HC|  |TAMS 0x00000000c2500000, 0x00000000c2400000| Untracked 
|  37|0x00000000c2500000, 0x00000000c2600000, 0x00000000c2600000|100%| O|  |TAMS 0x00000000c2500000, 0x00000000c2500000| Untracked 
|  38|0x00000000c2600000, 0x00000000c2700000, 0x00000000c2700000|100%| O|  |TAMS 0x00000000c2600000, 0x00000000c2600000| Untracked 
|  39|0x00000000c2700000, 0x00000000c2800000, 0x00000000c2800000|100%| O|  |TAMS 0x00000000c2700000, 0x00000000c2700000| Untracked 
|  40|0x00000000c2800000, 0x00000000c2900000, 0x00000000c2900000|100%| O|  |TAMS 0x00000000c2800000, 0x00000000c2800000| Untracked 
|  41|0x00000000c2900000, 0x00000000c29fffd8, 0x00000000c2a00000| 99%| O|  |TAMS 0x00000000c2900000, 0x00000000c2900000| Untracked 
|  42|0x00000000c2a00000, 0x00000000c2affff8, 0x00000000c2b00000| 99%| O|  |TAMS 0x00000000c2a00000, 0x00000000c2a00000| Untracked 
|  43|0x00000000c2b00000, 0x00000000c2bffff0, 0x00000000c2c00000| 99%| O|  |TAMS 0x00000000c2b00000, 0x00000000c2b00000| Untracked 
|  44|0x00000000c2c00000, 0x00000000c2cffff0, 0x00000000c2d00000| 99%| O|  |TAMS 0x00000000c2c00000, 0x00000000c2c00000| Untracked 
|  45|0x00000000c2d00000, 0x00000000c2dffff0, 0x00000000c2e00000| 99%| O|  |TAMS 0x00000000c2d00000, 0x00000000c2d00000| Untracked 
|  46|0x00000000c2e00000, 0x00000000c2effff0, 0x00000000c2f00000| 99%| O|  |TAMS 0x00000000c2e00000, 0x00000000c2e00000| Untracked 
|  47|0x00000000c2f00000, 0x00000000c2fffff8, 0x00000000c3000000| 99%| O|  |TAMS 0x00000000c2f00000, 0x00000000c2f00000| Untracked 
|  48|0x00000000c3000000, 0x00000000c30ffff8, 0x00000000c3100000| 99%| O|  |TAMS 0x00000000c3000000, 0x00000000c3000000| Untracked 
|  49|0x00000000c3100000, 0x00000000c31ffff0, 0x00000000c3200000| 99%| O|  |TAMS 0x00000000c3100000, 0x00000000c3100000| Untracked 
|  50|0x00000000c3200000, 0x00000000c3300000, 0x00000000c3300000|100%| O|  |TAMS 0x00000000c3200000, 0x00000000c3200000| Untracked 
|  51|0x00000000c3300000, 0x00000000c33ffff8, 0x00000000c3400000| 99%| O|  |TAMS 0x00000000c3300000, 0x00000000c3300000| Untracked 
|  52|0x00000000c3400000, 0x00000000c34ffff0, 0x00000000c3500000| 99%| O|  |TAMS 0x00000000c3400000, 0x00000000c3400000| Untracked 
|  53|0x00000000c3500000, 0x00000000c35ffff8, 0x00000000c3600000| 99%| O|  |TAMS 0x00000000c3500000, 0x00000000c3500000| Untracked 
|  54|0x00000000c3600000, 0x00000000c3700000, 0x00000000c3700000|100%| O|  |TAMS 0x00000000c3600000, 0x00000000c3600000| Untracked 
|  55|0x00000000c3700000, 0x00000000c37ffff0, 0x00000000c3800000| 99%| O|  |TAMS 0x00000000c3700000, 0x00000000c3700000| Untracked 
|  56|0x00000000c3800000, 0x00000000c38ffff8, 0x00000000c3900000| 99%| O|  |TAMS 0x00000000c3800000, 0x00000000c3800000| Untracked 
|  57|0x00000000c3900000, 0x00000000c39ffff8, 0x00000000c3a00000| 99%| O|  |TAMS 0x00000000c3900000, 0x00000000c3900000| Untracked 
|  58|0x00000000c3a00000, 0x00000000c3b00000, 0x00000000c3b00000|100%| O|  |TAMS 0x00000000c3a00000, 0x00000000c3a00000| Untracked 
|  59|0x00000000c3b00000, 0x00000000c3bffff8, 0x00000000c3c00000| 99%| O|  |TAMS 0x00000000c3b00000, 0x00000000c3b00000| Untracked 
|  60|0x00000000c3c00000, 0x00000000c3d00000, 0x00000000c3d00000|100%| O|  |TAMS 0x00000000c3c00000, 0x00000000c3c00000| Untracked 
|  61|0x00000000c3d00000, 0x00000000c3dffff8, 0x00000000c3e00000| 99%| O|  |TAMS 0x00000000c3d00000, 0x00000000c3d00000| Untracked 
|  62|0x00000000c3e00000, 0x00000000c3effff0, 0x00000000c3f00000| 99%| O|  |TAMS 0x00000000c3e00000, 0x00000000c3e00000| Untracked 
|  63|0x00000000c3f00000, 0x00000000c3fffff8, 0x00000000c4000000| 99%| O|  |TAMS 0x00000000c3f00000, 0x00000000c3f00000| Untracked 
|  64|0x00000000c4000000, 0x00000000c4100000, 0x00000000c4100000|100%| O|  |TAMS 0x00000000c4000000, 0x00000000c4000000| Untracked 
|  65|0x00000000c4100000, 0x00000000c41ffff0, 0x00000000c4200000| 99%| O|  |TAMS 0x00000000c4100000, 0x00000000c4100000| Untracked 
|  66|0x00000000c4200000, 0x00000000c4300000, 0x00000000c4300000|100%| O|  |TAMS 0x00000000c4200000, 0x00000000c4200000| Untracked 
|  67|0x00000000c4300000, 0x00000000c4400000, 0x00000000c4400000|100%| O|  |TAMS 0x00000000c4300000, 0x00000000c4300000| Untracked 
|  68|0x00000000c4400000, 0x00000000c44ffff0, 0x00000000c4500000| 99%| O|  |TAMS 0x00000000c4400000, 0x00000000c4400000| Untracked 
|  69|0x00000000c4500000, 0x00000000c45ffff8, 0x00000000c4600000| 99%| O|  |TAMS 0x00000000c4500000, 0x00000000c4500000| Untracked 
|  70|0x00000000c4600000, 0x00000000c46ffff8, 0x00000000c4700000| 99%| O|  |TAMS 0x00000000c4600000, 0x00000000c4600000| Untracked 
|  71|0x00000000c4700000, 0x00000000c47ffff8, 0x00000000c4800000| 99%| O|  |TAMS 0x00000000c4700000, 0x00000000c4700000| Untracked 
|  72|0x00000000c4800000, 0x00000000c48ffff0, 0x00000000c4900000| 99%| O|  |TAMS 0x00000000c4800000, 0x00000000c4800000| Untracked 
|  73|0x00000000c4900000, 0x00000000c49ffff0, 0x00000000c4a00000| 99%| O|  |TAMS 0x00000000c4900000, 0x00000000c4900000| Untracked 
|  74|0x00000000c4a00000, 0x00000000c4b00000, 0x00000000c4b00000|100%| O|  |TAMS 0x00000000c4a00000, 0x00000000c4a00000| Untracked 
|  75|0x00000000c4b00000, 0x00000000c4b004a0, 0x00000000c4c00000|  0%| O|  |TAMS 0x00000000c4b00000, 0x00000000c4b00000| Untracked 
|  76|0x00000000c4c00000, 0x00000000c4c00000, 0x00000000c4d00000|  0%| F|  |TAMS 0x00000000c4c00000, 0x00000000c4c00000| Untracked 
|  77|0x00000000c4d00000, 0x00000000c4d00000, 0x00000000c4e00000|  0%| F|  |TAMS 0x00000000c4d00000, 0x00000000c4d00000| Untracked 
|  78|0x00000000c4e00000, 0x00000000c4e00000, 0x00000000c4f00000|  0%| F|  |TAMS 0x00000000c4e00000, 0x00000000c4e00000| Untracked 
|  79|0x00000000c4f00000, 0x00000000c4f00000, 0x00000000c5000000|  0%| F|  |TAMS 0x00000000c4f00000, 0x00000000c4f00000| Untracked 
|  80|0x00000000c5000000, 0x00000000c5000000, 0x00000000c5100000|  0%| F|  |TAMS 0x00000000c5000000, 0x00000000c5000000| Untracked 
|  81|0x00000000c5100000, 0x00000000c5100000, 0x00000000c5200000|  0%| F|  |TAMS 0x00000000c5100000, 0x00000000c5100000| Untracked 
|  82|0x00000000c5200000, 0x00000000c5200000, 0x00000000c5300000|  0%| F|  |TAMS 0x00000000c5200000, 0x00000000c5200000| Untracked 
|  83|0x00000000c5300000, 0x00000000c53d2a70, 0x00000000c5400000| 82%| O|  |TAMS 0x00000000c5300000, 0x00000000c5300000| Untracked 
|  84|0x00000000c5400000, 0x00000000c54890a0, 0x00000000c5500000| 53%| O|  |TAMS 0x00000000c5400000, 0x00000000c5400000| Untracked 
|  85|0x00000000c5500000, 0x00000000c55856d8, 0x00000000c5600000| 52%| O|  |TAMS 0x00000000c5500000, 0x00000000c5500000| Untracked 
|  86|0x00000000c5600000, 0x00000000c5600000, 0x00000000c5700000|  0%| F|  |TAMS 0x00000000c5600000, 0x00000000c5600000| Untracked 
|  87|0x00000000c5700000, 0x00000000c5700000, 0x00000000c5800000|  0%| F|  |TAMS 0x00000000c5700000, 0x00000000c5700000| Untracked 
|  88|0x00000000c5800000, 0x00000000c5800000, 0x00000000c5900000|  0%| F|  |TAMS 0x00000000c5800000, 0x00000000c5800000| Untracked 
|  89|0x00000000c5900000, 0x00000000c5900000, 0x00000000c5a00000|  0%| F|  |TAMS 0x00000000c5900000, 0x00000000c5900000| Untracked 
|  90|0x00000000c5a00000, 0x00000000c5a00000, 0x00000000c5b00000|  0%| F|  |TAMS 0x00000000c5a00000, 0x00000000c5a00000| Untracked 
|  91|0x00000000c5b00000, 0x00000000c5b00000, 0x00000000c5c00000|  0%| F|  |TAMS 0x00000000c5b00000, 0x00000000c5b00000| Untracked 
|  92|0x00000000c5c00000, 0x00000000c5c00000, 0x00000000c5d00000|  0%| F|  |TAMS 0x00000000c5c00000, 0x00000000c5c00000| Untracked 
|  93|0x00000000c5d00000, 0x00000000c5d00000, 0x00000000c5e00000|  0%| F|  |TAMS 0x00000000c5d00000, 0x00000000c5d00000| Untracked 
|  94|0x00000000c5e00000, 0x00000000c5e00000, 0x00000000c5f00000|  0%| F|  |TAMS 0x00000000c5e00000, 0x00000000c5e00000| Untracked 
|  95|0x00000000c5f00000, 0x00000000c5f00000, 0x00000000c6000000|  0%| F|  |TAMS 0x00000000c5f00000, 0x00000000c5f00000| Untracked 
|  96|0x00000000c6000000, 0x00000000c6000000, 0x00000000c6100000|  0%| F|  |TAMS 0x00000000c6000000, 0x00000000c6000000| Untracked 
|  97|0x00000000c6100000, 0x00000000c6100000, 0x00000000c6200000|  0%| F|  |TAMS 0x00000000c6100000, 0x00000000c6100000| Untracked 
|  98|0x00000000c6200000, 0x00000000c6200000, 0x00000000c6300000|  0%| F|  |TAMS 0x00000000c6200000, 0x00000000c6200000| Untracked 
|  99|0x00000000c6300000, 0x00000000c6300000, 0x00000000c6400000|  0%| F|  |TAMS 0x00000000c6300000, 0x00000000c6300000| Untracked 
| 100|0x00000000c6400000, 0x00000000c6400000, 0x00000000c6500000|  0%| F|  |TAMS 0x00000000c6400000, 0x00000000c6400000| Untracked 
| 101|0x00000000c6500000, 0x00000000c6500000, 0x00000000c6600000|  0%| F|  |TAMS 0x00000000c6500000, 0x00000000c6500000| Untracked 
| 102|0x00000000c6600000, 0x00000000c6600000, 0x00000000c6700000|  0%| F|  |TAMS 0x00000000c6600000, 0x00000000c6600000| Untracked 
| 103|0x00000000c6700000, 0x00000000c6700000, 0x00000000c6800000|  0%| F|  |TAMS 0x00000000c6700000, 0x00000000c6700000| Untracked 
| 104|0x00000000c6800000, 0x00000000c68050a0, 0x00000000c6900000|  1%| S|CS|TAMS 0x00000000c6800000, 0x00000000c6800000| Complete 
| 105|0x00000000c6900000, 0x00000000c6900000, 0x00000000c6a00000|  0%| F|  |TAMS 0x00000000c6900000, 0x00000000c6900000| Untracked 
| 106|0x00000000c6a00000, 0x00000000c6a00000, 0x00000000c6b00000|  0%| F|  |TAMS 0x00000000c6a00000, 0x00000000c6a00000| Untracked 
| 107|0x00000000c6b00000, 0x00000000c6b00000, 0x00000000c6c00000|  0%| F|  |TAMS 0x00000000c6b00000, 0x00000000c6b00000| Untracked 
| 108|0x00000000c6c00000, 0x00000000c6c00000, 0x00000000c6d00000|  0%| F|  |TAMS 0x00000000c6c00000, 0x00000000c6c00000| Untracked 
| 109|0x00000000c6d00000, 0x00000000c6d00000, 0x00000000c6e00000|  0%| F|  |TAMS 0x00000000c6d00000, 0x00000000c6d00000| Untracked 
| 110|0x00000000c6e00000, 0x00000000c6e00000, 0x00000000c6f00000|  0%| F|  |TAMS 0x00000000c6e00000, 0x00000000c6e00000| Untracked 
| 111|0x00000000c6f00000, 0x00000000c6f00000, 0x00000000c7000000|  0%| F|  |TAMS 0x00000000c6f00000, 0x00000000c6f00000| Untracked 
| 112|0x00000000c7000000, 0x00000000c7000000, 0x00000000c7100000|  0%| F|  |TAMS 0x00000000c7000000, 0x00000000c7000000| Untracked 
| 113|0x00000000c7100000, 0x00000000c7121be8, 0x00000000c7200000| 13%| O|  |TAMS 0x00000000c7100000, 0x00000000c7100000| Untracked 
| 114|0x00000000c7200000, 0x00000000c7200000, 0x00000000c7300000|  0%| F|  |TAMS 0x00000000c7200000, 0x00000000c7200000| Untracked 
| 115|0x00000000c7300000, 0x00000000c7300000, 0x00000000c7400000|  0%| F|  |TAMS 0x00000000c7300000, 0x00000000c7300000| Untracked 
| 116|0x00000000c7400000, 0x00000000c7400000, 0x00000000c7500000|  0%| F|  |TAMS 0x00000000c7400000, 0x00000000c7400000| Untracked 
| 117|0x00000000c7500000, 0x00000000c7500000, 0x00000000c7600000|  0%| F|  |TAMS 0x00000000c7500000, 0x00000000c7500000| Untracked 
| 118|0x00000000c7600000, 0x00000000c7600000, 0x00000000c7700000|  0%| F|  |TAMS 0x00000000c7600000, 0x00000000c7600000| Untracked 
| 119|0x00000000c7700000, 0x00000000c7700000, 0x00000000c7800000|  0%| F|  |TAMS 0x00000000c7700000, 0x00000000c7700000| Untracked 
| 120|0x00000000c7800000, 0x00000000c7800000, 0x00000000c7900000|  0%| F|  |TAMS 0x00000000c7800000, 0x00000000c7800000| Untracked 
| 121|0x00000000c7900000, 0x00000000c7900000, 0x00000000c7a00000|  0%| F|  |TAMS 0x00000000c7900000, 0x00000000c7900000| Untracked 
| 122|0x00000000c7a00000, 0x00000000c7a00000, 0x00000000c7b00000|  0%| F|  |TAMS 0x00000000c7a00000, 0x00000000c7a00000| Untracked 
| 123|0x00000000c7b00000, 0x00000000c7b00000, 0x00000000c7c00000|  0%| F|  |TAMS 0x00000000c7b00000, 0x00000000c7b00000| Untracked 
| 124|0x00000000c7c00000, 0x00000000c7c00000, 0x00000000c7d00000|  0%| F|  |TAMS 0x00000000c7c00000, 0x00000000c7c00000| Untracked 
| 125|0x00000000c7d00000, 0x00000000c7d00000, 0x00000000c7e00000|  0%| F|  |TAMS 0x00000000c7d00000, 0x00000000c7d00000| Untracked 
| 126|0x00000000c7e00000, 0x00000000c7e00000, 0x00000000c7f00000|  0%| F|  |TAMS 0x00000000c7e00000, 0x00000000c7e00000| Untracked 
| 127|0x00000000c7f00000, 0x00000000c7f00000, 0x00000000c8000000|  0%| F|  |TAMS 0x00000000c7f00000, 0x00000000c7f00000| Untracked 
| 128|0x00000000c8000000, 0x00000000c8000000, 0x00000000c8100000|  0%| F|  |TAMS 0x00000000c8000000, 0x00000000c8000000| Untracked 
| 129|0x00000000c8100000, 0x00000000c8100000, 0x00000000c8200000|  0%| F|  |TAMS 0x00000000c8100000, 0x00000000c8100000| Untracked 
| 130|0x00000000c8200000, 0x00000000c8200000, 0x00000000c8300000|  0%| F|  |TAMS 0x00000000c8200000, 0x00000000c8200000| Untracked 
| 131|0x00000000c8300000, 0x00000000c8300000, 0x00000000c8400000|  0%| F|  |TAMS 0x00000000c8300000, 0x00000000c8300000| Untracked 
| 132|0x00000000c8400000, 0x00000000c8400000, 0x00000000c8500000|  0%| F|  |TAMS 0x00000000c8400000, 0x00000000c8400000| Untracked 
| 133|0x00000000c8500000, 0x00000000c8500000, 0x00000000c8600000|  0%| F|  |TAMS 0x00000000c8500000, 0x00000000c8500000| Untracked 
| 134|0x00000000c8600000, 0x00000000c8600000, 0x00000000c8700000|  0%| F|  |TAMS 0x00000000c8600000, 0x00000000c8600000| Untracked 
| 135|0x00000000c8700000, 0x00000000c8700000, 0x00000000c8800000|  0%| F|  |TAMS 0x00000000c8700000, 0x00000000c8700000| Untracked 
| 136|0x00000000c8800000, 0x00000000c8800000, 0x00000000c8900000|  0%| F|  |TAMS 0x00000000c8800000, 0x00000000c8800000| Untracked 
| 137|0x00000000c8900000, 0x00000000c8900000, 0x00000000c8a00000|  0%| F|  |TAMS 0x00000000c8900000, 0x00000000c8900000| Untracked 
| 138|0x00000000c8a00000, 0x00000000c8a00000, 0x00000000c8b00000|  0%| F|  |TAMS 0x00000000c8a00000, 0x00000000c8a00000| Untracked 
| 139|0x00000000c8b00000, 0x00000000c8b00000, 0x00000000c8c00000|  0%| F|  |TAMS 0x00000000c8b00000, 0x00000000c8b00000| Untracked 
| 140|0x00000000c8c00000, 0x00000000c8c00000, 0x00000000c8d00000|  0%| F|  |TAMS 0x00000000c8c00000, 0x00000000c8c00000| Untracked 
| 141|0x00000000c8d00000, 0x00000000c8d00000, 0x00000000c8e00000|  0%| F|  |TAMS 0x00000000c8d00000, 0x00000000c8d00000| Untracked 
| 142|0x00000000c8e00000, 0x00000000c8e00000, 0x00000000c8f00000|  0%| F|  |TAMS 0x00000000c8e00000, 0x00000000c8e00000| Untracked 
| 143|0x00000000c8f00000, 0x00000000c8f00000, 0x00000000c9000000|  0%| F|  |TAMS 0x00000000c8f00000, 0x00000000c8f00000| Untracked 
| 144|0x00000000c9000000, 0x00000000c9000000, 0x00000000c9100000|  0%| F|  |TAMS 0x00000000c9000000, 0x00000000c9000000| Untracked 
| 145|0x00000000c9100000, 0x00000000c9100000, 0x00000000c9200000|  0%| F|  |TAMS 0x00000000c9100000, 0x00000000c9100000| Untracked 
| 146|0x00000000c9200000, 0x00000000c9200000, 0x00000000c9300000|  0%| F|  |TAMS 0x00000000c9200000, 0x00000000c9200000| Untracked 
| 147|0x00000000c9300000, 0x00000000c9300000, 0x00000000c9400000|  0%| F|  |TAMS 0x00000000c9300000, 0x00000000c9300000| Untracked 
| 148|0x00000000c9400000, 0x00000000c9400000, 0x00000000c9500000|  0%| F|  |TAMS 0x00000000c9400000, 0x00000000c9400000| Untracked 
| 149|0x00000000c9500000, 0x00000000c9500000, 0x00000000c9600000|  0%| F|  |TAMS 0x00000000c9500000, 0x00000000c9500000| Untracked 
| 150|0x00000000c9600000, 0x00000000c9600000, 0x00000000c9700000|  0%| F|  |TAMS 0x00000000c9600000, 0x00000000c9600000| Untracked 
| 151|0x00000000c9700000, 0x00000000c9700000, 0x00000000c9800000|  0%| F|  |TAMS 0x00000000c9700000, 0x00000000c9700000| Untracked 
| 152|0x00000000c9800000, 0x00000000c9800000, 0x00000000c9900000|  0%| F|  |TAMS 0x00000000c9800000, 0x00000000c9800000| Untracked 
| 153|0x00000000c9900000, 0x00000000c9900000, 0x00000000c9a00000|  0%| F|  |TAMS 0x00000000c9900000, 0x00000000c9900000| Untracked 
| 154|0x00000000c9a00000, 0x00000000c9a00000, 0x00000000c9b00000|  0%| F|  |TAMS 0x00000000c9a00000, 0x00000000c9a00000| Untracked 
| 155|0x00000000c9b00000, 0x00000000c9b00000, 0x00000000c9c00000|  0%| F|  |TAMS 0x00000000c9b00000, 0x00000000c9b00000| Untracked 
| 156|0x00000000c9c00000, 0x00000000c9c00000, 0x00000000c9d00000|  0%| F|  |TAMS 0x00000000c9c00000, 0x00000000c9c00000| Untracked 
| 157|0x00000000c9d00000, 0x00000000c9d00000, 0x00000000c9e00000|  0%| F|  |TAMS 0x00000000c9d00000, 0x00000000c9d00000| Untracked 
| 158|0x00000000c9e00000, 0x00000000c9e00000, 0x00000000c9f00000|  0%| F|  |TAMS 0x00000000c9e00000, 0x00000000c9e00000| Untracked 
| 159|0x00000000c9f00000, 0x00000000c9f00000, 0x00000000ca000000|  0%| F|  |TAMS 0x00000000c9f00000, 0x00000000c9f00000| Untracked 
| 160|0x00000000ca000000, 0x00000000ca000000, 0x00000000ca100000|  0%| F|  |TAMS 0x00000000ca000000, 0x00000000ca000000| Untracked 
| 161|0x00000000ca100000, 0x00000000ca100000, 0x00000000ca200000|  0%| F|  |TAMS 0x00000000ca100000, 0x00000000ca100000| Untracked 
| 162|0x00000000ca200000, 0x00000000ca200000, 0x00000000ca300000|  0%| F|  |TAMS 0x00000000ca200000, 0x00000000ca200000| Untracked 
| 163|0x00000000ca300000, 0x00000000ca300000, 0x00000000ca400000|  0%| F|  |TAMS 0x00000000ca300000, 0x00000000ca300000| Untracked 
| 164|0x00000000ca400000, 0x00000000ca400000, 0x00000000ca500000|  0%| F|  |TAMS 0x00000000ca400000, 0x00000000ca400000| Untracked 
| 165|0x00000000ca500000, 0x00000000ca500000, 0x00000000ca600000|  0%| F|  |TAMS 0x00000000ca500000, 0x00000000ca500000| Untracked 
| 166|0x00000000ca600000, 0x00000000ca600000, 0x00000000ca700000|  0%| F|  |TAMS 0x00000000ca600000, 0x00000000ca600000| Untracked 
| 167|0x00000000ca700000, 0x00000000ca700000, 0x00000000ca800000|  0%| F|  |TAMS 0x00000000ca700000, 0x00000000ca700000| Untracked 
| 168|0x00000000ca800000, 0x00000000ca800000, 0x00000000ca900000|  0%| F|  |TAMS 0x00000000ca800000, 0x00000000ca800000| Untracked 
| 169|0x00000000ca900000, 0x00000000ca900000, 0x00000000caa00000|  0%| F|  |TAMS 0x00000000ca900000, 0x00000000ca900000| Untracked 
| 170|0x00000000caa00000, 0x00000000caa00000, 0x00000000cab00000|  0%| F|  |TAMS 0x00000000caa00000, 0x00000000caa00000| Untracked 
| 171|0x00000000cab00000, 0x00000000cab00000, 0x00000000cac00000|  0%| F|  |TAMS 0x00000000cab00000, 0x00000000cab00000| Untracked 
| 172|0x00000000cac00000, 0x00000000cac00000, 0x00000000cad00000|  0%| F|  |TAMS 0x00000000cac00000, 0x00000000cac00000| Untracked 
| 173|0x00000000cad00000, 0x00000000cad00000, 0x00000000cae00000|  0%| F|  |TAMS 0x00000000cad00000, 0x00000000cad00000| Untracked 
| 174|0x00000000cae00000, 0x00000000cae00000, 0x00000000caf00000|  0%| F|  |TAMS 0x00000000cae00000, 0x00000000cae00000| Untracked 
| 175|0x00000000caf00000, 0x00000000caf00000, 0x00000000cb000000|  0%| F|  |TAMS 0x00000000caf00000, 0x00000000caf00000| Untracked 
| 176|0x00000000cb000000, 0x00000000cb000000, 0x00000000cb100000|  0%| F|  |TAMS 0x00000000cb000000, 0x00000000cb000000| Untracked 
| 177|0x00000000cb100000, 0x00000000cb100000, 0x00000000cb200000|  0%| F|  |TAMS 0x00000000cb100000, 0x00000000cb100000| Untracked 
| 178|0x00000000cb200000, 0x00000000cb200000, 0x00000000cb300000|  0%| F|  |TAMS 0x00000000cb200000, 0x00000000cb200000| Untracked 
| 179|0x00000000cb300000, 0x00000000cb300000, 0x00000000cb400000|  0%| F|  |TAMS 0x00000000cb300000, 0x00000000cb300000| Untracked 
| 180|0x00000000cb400000, 0x00000000cb400000, 0x00000000cb500000|  0%| F|  |TAMS 0x00000000cb400000, 0x00000000cb400000| Untracked 
| 181|0x00000000cb500000, 0x00000000cb500000, 0x00000000cb600000|  0%| F|  |TAMS 0x00000000cb500000, 0x00000000cb500000| Untracked 
| 182|0x00000000cb600000, 0x00000000cb600000, 0x00000000cb700000|  0%| F|  |TAMS 0x00000000cb600000, 0x00000000cb600000| Untracked 
| 183|0x00000000cb700000, 0x00000000cb700000, 0x00000000cb800000|  0%| F|  |TAMS 0x00000000cb700000, 0x00000000cb700000| Untracked 
| 184|0x00000000cb800000, 0x00000000cb800000, 0x00000000cb900000|  0%| F|  |TAMS 0x00000000cb800000, 0x00000000cb800000| Untracked 
| 185|0x00000000cb900000, 0x00000000cb900000, 0x00000000cba00000|  0%| F|  |TAMS 0x00000000cb900000, 0x00000000cb900000| Untracked 
| 186|0x00000000cba00000, 0x00000000cba00000, 0x00000000cbb00000|  0%| F|  |TAMS 0x00000000cba00000, 0x00000000cba00000| Untracked 
| 187|0x00000000cbb00000, 0x00000000cbb00000, 0x00000000cbc00000|  0%| F|  |TAMS 0x00000000cbb00000, 0x00000000cbb00000| Untracked 
| 188|0x00000000cbc00000, 0x00000000cbc00000, 0x00000000cbd00000|  0%| F|  |TAMS 0x00000000cbc00000, 0x00000000cbc00000| Untracked 
| 189|0x00000000cbd00000, 0x00000000cbd00000, 0x00000000cbe00000|  0%| F|  |TAMS 0x00000000cbd00000, 0x00000000cbd00000| Untracked 
| 190|0x00000000cbe00000, 0x00000000cbe00000, 0x00000000cbf00000|  0%| F|  |TAMS 0x00000000cbe00000, 0x00000000cbe00000| Untracked 
| 191|0x00000000cbf00000, 0x00000000cbf00000, 0x00000000cc000000|  0%| F|  |TAMS 0x00000000cbf00000, 0x00000000cbf00000| Untracked 
| 192|0x00000000cc000000, 0x00000000cc000000, 0x00000000cc100000|  0%| F|  |TAMS 0x00000000cc000000, 0x00000000cc000000| Untracked 
| 193|0x00000000cc100000, 0x00000000cc100000, 0x00000000cc200000|  0%| F|  |TAMS 0x00000000cc100000, 0x00000000cc100000| Untracked 
| 194|0x00000000cc200000, 0x00000000cc200000, 0x00000000cc300000|  0%| F|  |TAMS 0x00000000cc200000, 0x00000000cc200000| Untracked 
| 195|0x00000000cc300000, 0x00000000cc300000, 0x00000000cc400000|  0%| F|  |TAMS 0x00000000cc300000, 0x00000000cc300000| Untracked 
| 196|0x00000000cc400000, 0x00000000cc400000, 0x00000000cc500000|  0%| F|  |TAMS 0x00000000cc400000, 0x00000000cc400000| Untracked 
| 197|0x00000000cc500000, 0x00000000cc500000, 0x00000000cc600000|  0%| F|  |TAMS 0x00000000cc500000, 0x00000000cc500000| Untracked 
| 198|0x00000000cc600000, 0x00000000cc700000, 0x00000000cc700000|100%| E|  |TAMS 0x00000000cc600000, 0x00000000cc600000| Complete 
| 199|0x00000000cc700000, 0x00000000cc800000, 0x00000000cc800000|100%| E|CS|TAMS 0x00000000cc700000, 0x00000000cc700000| Complete 
| 200|0x00000000cc800000, 0x00000000cc900000, 0x00000000cc900000|100%| E|CS|TAMS 0x00000000cc800000, 0x00000000cc800000| Complete 
| 201|0x00000000cc900000, 0x00000000cca00000, 0x00000000cca00000|100%| E|CS|TAMS 0x00000000cc900000, 0x00000000cc900000| Complete 
| 202|0x00000000cca00000, 0x00000000ccb00000, 0x00000000ccb00000|100%| E|CS|TAMS 0x00000000cca00000, 0x00000000cca00000| Complete 
| 203|0x00000000ccb00000, 0x00000000ccc00000, 0x00000000ccc00000|100%| E|CS|TAMS 0x00000000ccb00000, 0x00000000ccb00000| Complete 
| 204|0x00000000ccc00000, 0x00000000ccd00000, 0x00000000ccd00000|100%| E|CS|TAMS 0x00000000ccc00000, 0x00000000ccc00000| Complete 
| 205|0x00000000ccd00000, 0x00000000cce00000, 0x00000000cce00000|100%| E|CS|TAMS 0x00000000ccd00000, 0x00000000ccd00000| Complete 
| 206|0x00000000cce00000, 0x00000000ccf00000, 0x00000000ccf00000|100%| E|CS|TAMS 0x00000000cce00000, 0x00000000cce00000| Complete 
| 207|0x00000000ccf00000, 0x00000000cd000000, 0x00000000cd000000|100%| E|CS|TAMS 0x00000000ccf00000, 0x00000000ccf00000| Complete 
| 208|0x00000000cd000000, 0x00000000cd100000, 0x00000000cd100000|100%| E|CS|TAMS 0x00000000cd000000, 0x00000000cd000000| Complete 
| 209|0x00000000cd100000, 0x00000000cd200000, 0x00000000cd200000|100%| E|CS|TAMS 0x00000000cd100000, 0x00000000cd100000| Complete 
| 210|0x00000000cd200000, 0x00000000cd300000, 0x00000000cd300000|100%| E|CS|TAMS 0x00000000cd200000, 0x00000000cd200000| Complete 
| 211|0x00000000cd300000, 0x00000000cd400000, 0x00000000cd400000|100%| E|CS|TAMS 0x00000000cd300000, 0x00000000cd300000| Complete 
| 212|0x00000000cd400000, 0x00000000cd500000, 0x00000000cd500000|100%| E|CS|TAMS 0x00000000cd400000, 0x00000000cd400000| Complete 
| 213|0x00000000cd500000, 0x00000000cd600000, 0x00000000cd600000|100%| E|CS|TAMS 0x00000000cd500000, 0x00000000cd500000| Complete 
| 214|0x00000000cd600000, 0x00000000cd700000, 0x00000000cd700000|100%| E|CS|TAMS 0x00000000cd600000, 0x00000000cd600000| Complete 
| 215|0x00000000cd700000, 0x00000000cd800000, 0x00000000cd800000|100%| E|CS|TAMS 0x00000000cd700000, 0x00000000cd700000| Complete 
| 216|0x00000000cd800000, 0x00000000cd900000, 0x00000000cd900000|100%| E|CS|TAMS 0x00000000cd800000, 0x00000000cd800000| Complete 
| 217|0x00000000cd900000, 0x00000000cda00000, 0x00000000cda00000|100%| E|CS|TAMS 0x00000000cd900000, 0x00000000cd900000| Complete 
| 218|0x00000000cda00000, 0x00000000cdb00000, 0x00000000cdb00000|100%| E|CS|TAMS 0x00000000cda00000, 0x00000000cda00000| Complete 
| 219|0x00000000cdb00000, 0x00000000cdc00000, 0x00000000cdc00000|100%| E|CS|TAMS 0x00000000cdb00000, 0x00000000cdb00000| Complete 
| 220|0x00000000cdc00000, 0x00000000cdd00000, 0x00000000cdd00000|100%| E|CS|TAMS 0x00000000cdc00000, 0x00000000cdc00000| Complete 
| 221|0x00000000cdd00000, 0x00000000cde00000, 0x00000000cde00000|100%| E|CS|TAMS 0x00000000cdd00000, 0x00000000cdd00000| Complete 
| 222|0x00000000cde00000, 0x00000000cdf00000, 0x00000000cdf00000|100%| E|CS|TAMS 0x00000000cde00000, 0x00000000cde00000| Complete 
| 223|0x00000000cdf00000, 0x00000000ce000000, 0x00000000ce000000|100%| E|CS|TAMS 0x00000000cdf00000, 0x00000000cdf00000| Complete 
| 224|0x00000000ce000000, 0x00000000ce100000, 0x00000000ce100000|100%| E|CS|TAMS 0x00000000ce000000, 0x00000000ce000000| Complete 
| 225|0x00000000ce100000, 0x00000000ce200000, 0x00000000ce200000|100%| E|CS|TAMS 0x00000000ce100000, 0x00000000ce100000| Complete 
| 226|0x00000000ce200000, 0x00000000ce300000, 0x00000000ce300000|100%| E|CS|TAMS 0x00000000ce200000, 0x00000000ce200000| Complete 
| 227|0x00000000ce300000, 0x00000000ce400000, 0x00000000ce400000|100%| E|CS|TAMS 0x00000000ce300000, 0x00000000ce300000| Complete 
| 228|0x00000000ce400000, 0x00000000ce500000, 0x00000000ce500000|100%| E|CS|TAMS 0x00000000ce400000, 0x00000000ce400000| Complete 
| 229|0x00000000ce500000, 0x00000000ce600000, 0x00000000ce600000|100%| E|CS|TAMS 0x00000000ce500000, 0x00000000ce500000| Complete 
| 230|0x00000000ce600000, 0x00000000ce700000, 0x00000000ce700000|100%| E|CS|TAMS 0x00000000ce600000, 0x00000000ce600000| Complete 
| 231|0x00000000ce700000, 0x00000000ce800000, 0x00000000ce800000|100%| E|CS|TAMS 0x00000000ce700000, 0x00000000ce700000| Complete 
| 232|0x00000000ce800000, 0x00000000ce900000, 0x00000000ce900000|100%| E|CS|TAMS 0x00000000ce800000, 0x00000000ce800000| Complete 
| 233|0x00000000ce900000, 0x00000000cea00000, 0x00000000cea00000|100%| E|CS|TAMS 0x00000000ce900000, 0x00000000ce900000| Complete 
| 234|0x00000000cea00000, 0x00000000ceb00000, 0x00000000ceb00000|100%| E|CS|TAMS 0x00000000cea00000, 0x00000000cea00000| Complete 
| 235|0x00000000ceb00000, 0x00000000cec00000, 0x00000000cec00000|100%| E|CS|TAMS 0x00000000ceb00000, 0x00000000ceb00000| Complete 
| 236|0x00000000cec00000, 0x00000000ced00000, 0x00000000ced00000|100%| E|CS|TAMS 0x00000000cec00000, 0x00000000cec00000| Complete 
| 237|0x00000000ced00000, 0x00000000cee00000, 0x00000000cee00000|100%| E|CS|TAMS 0x00000000ced00000, 0x00000000ced00000| Complete 
| 238|0x00000000cee00000, 0x00000000cef00000, 0x00000000cef00000|100%| E|CS|TAMS 0x00000000cee00000, 0x00000000cee00000| Complete 
| 239|0x00000000cef00000, 0x00000000cf000000, 0x00000000cf000000|100%| E|CS|TAMS 0x00000000cef00000, 0x00000000cef00000| Complete 
| 240|0x00000000cf000000, 0x00000000cf100000, 0x00000000cf100000|100%| E|CS|TAMS 0x00000000cf000000, 0x00000000cf000000| Complete 
| 241|0x00000000cf100000, 0x00000000cf200000, 0x00000000cf200000|100%| E|CS|TAMS 0x00000000cf100000, 0x00000000cf100000| Complete 
| 242|0x00000000cf200000, 0x00000000cf300000, 0x00000000cf300000|100%| E|CS|TAMS 0x00000000cf200000, 0x00000000cf200000| Complete 

Card table byte_map: [0x000001cb1d300000,0x000001cb1d500000] _byte_map_base: 0x000001cb1cd00000

Marking Bits (Prev, Next): (CMBitMap*) 0x000001cb0245a920, (CMBitMap*) 0x000001cb0245a8e0
 Prev Bits: [0x000001cb1e700000, 0x000001cb1f700000)
 Next Bits: [0x000001cb1d700000, 0x000001cb1e700000)

Polling page: 0x000001cb0d440000

Metaspace:

Usage:
  Non-class:      8.62 MB used.
      Class:      1.46 MB used.
       Both:     10.08 MB used.

Virtual space:
  Non-class space:       16.00 MB reserved,       8.69 MB ( 54%) committed,  2 nodes.
      Class space:        1.00 GB reserved,       1.56 MB ( <1%) committed,  1 nodes.
              Both:        1.02 GB reserved,      10.25 MB ( <1%) committed. 

Chunk freelists:
   Non-Class:  2.08 MB
       Class:  2.47 MB
        Both:  4.55 MB

MaxMetaspaceSize: 17179869184.00 GB
CompressedClassSpaceSize: 1.00 GB
 - commit_granule_bytes: 65536.
 - commit_granule_words: 8192.
 - virtual_space_node_default_size: 1048576.
 - enlarge_chunks_in_place: 1.
 - new_chunks_are_fully_committed: 0.
 - uncommit_free_chunks: 1.
 - use_allocation_guard: 0.
 - handle_deallocations: 1.


Internal statistics:

num_allocs_failed_limit: 0.
num_arena_births: 96.
num_arena_deaths: 0.
num_vsnodes_births: 3.
num_vsnodes_deaths: 0.
num_space_committed: 164.
num_space_uncommitted: 0.
num_chunks_returned_to_freelist: 0.
num_chunks_taken_from_freelist: 399.
num_chunk_merges: 0.
num_chunk_splits: 293.
num_chunks_enlarged: 242.
num_purges: 0.

CodeHeap 'non-profiled nmethods': size=120000Kb used=2707Kb max_used=2867Kb free=117292Kb
 bounds [0x000001cb14f30000, 0x000001cb15210000, 0x000001cb1c460000]
CodeHeap 'profiled nmethods': size=120000Kb used=3890Kb max_used=6183Kb free=116109Kb
 bounds [0x000001cb0da00000, 0x000001cb0e010000, 0x000001cb14f30000]
CodeHeap 'non-nmethods': size=5760Kb used=1166Kb max_used=1331Kb free=4593Kb
 bounds [0x000001cb0d460000, 0x000001cb0d6d0000, 0x000001cb0da00000]
 total_blobs=3337 nmethods=2890 adapters=358
 compilation: enabled
              stopped_count=0, restarted_count=0
 full_count=0

Compilation events (20 events):
Event: 7.407 Thread 0x000001cb02581460 3846       4       org.openkoreantext.processor.tokenizer.KoreanChunker$::splitBySpaceKeepingSpace (161 bytes)
Event: 7.455 Thread 0x000001cb02581460 nmethod 3846 0x000001cb14fff290 code [0x000001cb14fff580, 0x000001cb15001c00]
Event: 7.532 Thread 0x000001cb0257c680 3847       3       scala.collection.immutable.StringLike::r (10 bytes)
Event: 7.532 Thread 0x000001cb0257c680 nmethod 3847 0x000001cb0dda2a90 code [0x000001cb0dda2c40, 0x000001cb0dda2e28]
Event: 7.532 Thread 0x000001cb0257c680 3848       3       scala.collection.immutable.StringOps::r (6 bytes)
Event: 7.533 Thread 0x000001cb0257c680 nmethod 3848 0x000001cb0dfa8d90 code [0x000001cb0dfa8f80, 0x000001cb0dfa95a8]
Event: 7.533 Thread 0x000001cb0257c680 3849       3       scala.collection.immutable.StringLike::r$ (6 bytes)
Event: 7.533 Thread 0x000001cb0257c680 nmethod 3849 0x000001cb0ded5990 code [0x000001cb0ded5b80, 0x000001cb0ded6178]
Event: 7.533 Thread 0x000001cb0257c680 3850       3       scala.collection.immutable.StringLike::r (15 bytes)
Event: 7.533 Thread 0x000001cb0257c680 nmethod 3850 0x000001cb0de74b90 code [0x000001cb0de74d80, 0x000001cb0de752b8]
Event: 7.533 Thread 0x000001cb0257c680 3851       3       scala.util.matching.Regex::<init> (10 bytes)
Event: 7.533 Thread 0x000001cb0257c680 nmethod 3851 0x000001cb0ddc5110 code [0x000001cb0ddc52e0, 0x000001cb0ddc5688]
Event: 7.539 Thread 0x000001cb02581460 3852       4       java.util.Arrays::copyOf (40 bytes)
Event: 7.541 Thread 0x000001cb02581460 nmethod 3852 0x000001cb1502c390 code [0x000001cb1502c520, 0x000001cb1502c918]
Event: 7.647 Thread 0x000001cb02581460 3853       4       scala.collection.immutable.Vector::preClean (141 bytes)
Event: 7.648 Thread 0x000001cb02581460 nmethod 3853 0x000001cb14f64f90 code [0x000001cb14f65120, 0x000001cb14f653d8]
Event: 7.648 Thread 0x000001cb02581460 3854       4       scala.collection.immutable.Vector::dropBack0 (116 bytes)
Event: 7.651 Thread 0x000001cb02581460 nmethod 3854 0x000001cb14f6d990 code [0x000001cb14f6db40, 0x000001cb14f6df70]
Event: 7.651 Thread 0x000001cb02581460 3855       4       scala.collection.immutable.Vector::dropRight (38 bytes)
Event: 7.654 Thread 0x000001cb02581460 nmethod 3855 0x000001cb14f70190 code [0x000001cb14f70340, 0x000001cb14f707d0]

GC Heap History (20 events):
Event: 5.933 GC heap before
{Heap before GC invocations=50 (full 16):
 garbage-first heap   total 248832K, used 216076K [0x00000000c0000000, 0x0000000100000000)
  region size 1024K, 134 young (137216K), 0 survivors (0K)
 Metaspace       used 10318K, committed 10496K, reserved 1064960K
  class space    used 1492K, committed 1600K, reserved 1048576K
}
Event: 5.934 GC heap after
{Heap after GC invocations=51 (full 16):
 garbage-first heap   total 248832K, used 78875K [0x00000000c0000000, 0x0000000100000000)
  region size 1024K, 1 young (1024K), 1 survivors (1024K)
 Metaspace       used 10318K, committed 10496K, reserved 1064960K
  class space    used 1492K, committed 1600K, reserved 1048576K
}
Event: 5.990 GC heap before
{Heap before GC invocations=51 (full 16):
 garbage-first heap   total 248832K, used 79899K [0x00000000c0000000, 0x0000000100000000)
  region size 1024K, 3 young (3072K), 1 survivors (1024K)
 Metaspace       used 10318K, committed 10496K, reserved 1064960K
  class space    used 1492K, committed 1600K, reserved 1048576K
}
Event: 6.039 GC heap after
{Heap after GC invocations=52 (full 17):
 garbage-first heap   total 248832K, used 78859K [0x00000000c0000000, 0x0000000100000000)
  region size 1024K, 0 young (0K), 0 survivors (0K)
 Metaspace       used 10318K, committed 10496K, reserved 1064960K
  class space    used 1492K, committed 1600K, reserved 1048576K
}
Event: 6.236 GC heap before
{Heap before GC invocations=52 (full 17):
 garbage-first heap   total 248832K, used 217099K [0x00000000c0000000, 0x0000000100000000)
  region size 1024K, 135 young (138240K), 0 survivors (0K)
 Metaspace       used 10318K, committed 10496K, reserved 1064960K
  class space    used 1492K, committed 1600K, reserved 1048576K
}
Event: 6.238 GC heap after
{Heap after GC invocations=53 (full 17):
 garbage-first heap   total 248832K, used 78882K [0x00000000c0000000, 0x0000000100000000)
  region size 1024K, 1 young (1024K), 1 survivors (1024K)
 Metaspace       used 10318K, committed 10496K, reserved 1064960K
  class space    used 1492K, committed 1600K, reserved 1048576K
}
Event: 6.433 GC heap before
{Heap before GC invocations=53 (full 17):
 garbage-first heap   total 248832K, used 216098K [0x00000000c0000000, 0x0000000100000000)
  region size 1024K, 135 young (138240K), 1 survivors (1024K)
 Metaspace       used 10318K, committed 10496K, reserved 1064960K
  class space    used 1492K, committed 1600K, reserved 1048576K
}
Event: 6.434 GC heap after
{Heap after GC invocations=54 (full 17):
 garbage-first heap   total 248832K, used 78884K [0x00000000c0000000, 0x0000000100000000)
  region size 1024K, 1 young (1024K), 1 survivors (1024K)
 Metaspace       used 10318K, committed 10496K, reserved 1064960K
  class space    used 1492K, committed 1600K, reserved 1048576K
}
Event: 6.628 GC heap before
{Heap before GC invocations=54 (full 17):
 garbage-first heap   total 248832K, used 217124K [0x00000000c0000000, 0x0000000100000000)
  region size 1024K, 136 young (139264K), 1 survivors (1024K)
 Metaspace       used 10318K, committed 10496K, reserved 1064960K
  class space    used 1492K, committed 1600K, reserved 1048576K
}
Event: 6.629 GC heap after
{Heap after GC invocations=55 (full 17):
 garbage-first heap   total 248832K, used 78876K [0x00000000c0000000, 0x0000000100000000)
  region size 1024K, 1 young (1024K), 1 survivors (1024K)
 Metaspace       used 10318K, committed 10496K, reserved 1064960K
  class space    used 1492K, committed 1600K, reserved 1048576K
}
Event: 6.825 GC heap before
{Heap before GC invocations=55 (full 17):
 garbage-first heap   total 248832K, used 217116K [0x00000000c0000000, 0x0000000100000000)
  region size 1024K, 136 young (139264K), 1 survivors (1024K)
 Metaspace       used 10319K, committed 10496K, reserved 1064960K
  class space    used 1492K, committed 1600K, reserved 1048576K
}
Event: 6.826 GC heap after
{Heap after GC invocations=56 (full 17):
 garbage-first heap   total 248832K, used 78876K [0x00000000c0000000, 0x0000000100000000)
  region size 1024K, 1 young (1024K), 1 survivors (1024K)
 Metaspace       used 10319K, committed 10496K, reserved 1064960K
  class space    used 1492K, committed 1600K, reserved 1048576K
}
Event: 7.028 GC heap before
{Heap before GC invocations=56 (full 17):
 garbage-first heap   total 248832K, used 217116K [0x00000000c0000000, 0x0000000100000000)
  region size 1024K, 136 young (139264K), 1 survivors (1024K)
 Metaspace       used 10319K, committed 10496K, reserved 1064960K
  class space    used 1492K, committed 1600K, reserved 1048576K
}
Event: 7.029 GC heap after
{Heap after GC invocations=57 (full 17):
 garbage-first heap   total 248832K, used 78876K [0x00000000c0000000, 0x0000000100000000)
  region size 1024K, 1 young (1024K), 1 survivors (1024K)
 Metaspace       used 10319K, committed 10496K, reserved 1064960K
  class space    used 1492K, committed 1600K, reserved 1048576K
}
Event: 7.232 GC heap before
{Heap before GC invocations=57 (full 17):
 garbage-first heap   total 248832K, used 218140K [0x00000000c0000000, 0x0000000100000000)
  region size 1024K, 137 young (140288K), 1 survivors (1024K)
 Metaspace       used 10319K, committed 10496K, reserved 1064960K
  class space    used 1492K, committed 1600K, reserved 1048576K
}
Event: 7.234 GC heap after
{Heap after GC invocations=58 (full 17):
 garbage-first heap   total 248832K, used 78874K [0x00000000c0000000, 0x0000000100000000)
  region size 1024K, 1 young (1024K), 1 survivors (1024K)
 Metaspace       used 10319K, committed 10496K, reserved 1064960K
  class space    used 1492K, committed 1600K, reserved 1048576K
}
Event: 7.429 GC heap before
{Heap before GC invocations=58 (full 17):
 garbage-first heap   total 248832K, used 218138K [0x00000000c0000000, 0x0000000100000000)
  region size 1024K, 137 young (140288K), 1 survivors (1024K)
 Metaspace       used 10319K, committed 10496K, reserved 1064960K
  class space    used 1492K, committed 1600K, reserved 1048576K
}
Event: 7.430 GC heap after
{Heap after GC invocations=59 (full 17):
 garbage-first heap   total 248832K, used 78874K [0x00000000c0000000, 0x0000000100000000)
  region size 1024K, 1 young (1024K), 1 survivors (1024K)
 Metaspace       used 10319K, committed 10496K, reserved 1064960K
  class space    used 1492K, committed 1600K, reserved 1048576K
}
Event: 7.675 GC heap before
{Heap before GC invocations=59 (full 17):
 garbage-first heap   total 248832K, used 218138K [0x00000000c0000000, 0x0000000100000000)
  region size 1024K, 137 young (140288K), 1 survivors (1024K)
 Metaspace       used 10319K, committed 10496K, reserved 1064960K
  class space    used 1492K, committed 1600K, reserved 1048576K
}
Event: 7.676 GC heap after
{Heap after GC invocations=60 (full 17):
 garbage-first heap   total 248832K, used 78880K [0x00000000c0000000, 0x0000000100000000)
  region size 1024K, 1 young (1024K), 1 survivors (1024K)
 Metaspace       used 10319K, committed 10496K, reserved 1064960K
  class space    used 1492K, committed 1600K, reserved 1048576K
}

Deoptimization events (20 events):
Event: 5.520 Thread 0x000001cb020d7310 Uncommon trap: trap_request=0xffffffde fr.pc=0x000001cb1517ec9c relative=0x00000000000023fc
Event: 5.520 Thread 0x000001cb020d7310 Uncommon trap: reason=class_check action=maybe_recompile pc=0x000001cb1517ec9c method=scala.collection.SeqLike.sorted(Lscala/math/Ordering;)Ljava/lang/Object; @ 37 c2
Event: 5.520 Thread 0x000001cb020d7310 DEOPT PACKING pc=0x000001cb1517ec9c sp=0x0000000c4e1ed860
Event: 5.520 Thread 0x000001cb020d7310 DEOPT UNPACKING pc=0x000001cb0d4ad72e sp=0x0000000c4e1ed838 mode 2
Event: 5.520 Thread 0x000001cb020d7310 Uncommon trap: trap_request=0xffffffc6 fr.pc=0x000001cb1514aa00 relative=0x0000000000002700
Event: 5.520 Thread 0x000001cb020d7310 Uncommon trap: reason=bimorphic_or_optimized_type_check action=maybe_recompile pc=0x000001cb1514aa00 method=scala.math.Ordering$$anon$5.compare(Ljava/lang/Object;Ljava/lang/Object;)I @ 9 c2
Event: 5.520 Thread 0x000001cb020d7310 DEOPT PACKING pc=0x000001cb1514aa00 sp=0x0000000c4e1ed620
Event: 5.520 Thread 0x000001cb020d7310 DEOPT UNPACKING pc=0x000001cb0d4ad72e sp=0x0000000c4e1ed628 mode 2
Event: 5.549 Thread 0x000001cb020d7310 DEOPT PACKING pc=0x000001cb0dc05ca2 sp=0x0000000c4e1ed460
Event: 5.549 Thread 0x000001cb020d7310 DEOPT UNPACKING pc=0x000001cb0d4adece sp=0x0000000c4e1ec8d0 mode 0
Event: 5.911 Thread 0x000001cb020d7310 DEOPT PACKING pc=0x000001cb0dfc47ee sp=0x0000000c4e1ed420
Event: 5.911 Thread 0x000001cb020d7310 DEOPT UNPACKING pc=0x000001cb0d4adece sp=0x0000000c4e1ec8a8 mode 0
Event: 7.781 Thread 0x000001cb020d7310 Uncommon trap: trap_request=0xffffff45 fr.pc=0x000001cb15022e8c relative=0x000000000000042c
Event: 7.781 Thread 0x000001cb020d7310 Uncommon trap: reason=unstable_if action=reinterpret pc=0x000001cb15022e8c method=org.jpype.manager.TypeManager.findClassForObject(Ljava/lang/Object;)J @ 8 c2
Event: 7.781 Thread 0x000001cb020d7310 DEOPT PACKING pc=0x000001cb15022e8c sp=0x0000000c4e1edd50
Event: 7.781 Thread 0x000001cb020d7310 DEOPT UNPACKING pc=0x000001cb0d4ad72e sp=0x0000000c4e1edd20 mode 2
Event: 7.782 Thread 0x000001cb020d7310 Uncommon trap: trap_request=0xffffff45 fr.pc=0x000001cb150779a0 relative=0x0000000000000280
Event: 7.782 Thread 0x000001cb020d7310 Uncommon trap: reason=unstable_if action=reinterpret pc=0x000001cb150779a0 method=jdk.internal.loader.URLClassPath.getLoader(I)Ljdk/internal/loader/URLClassPath$Loader; @ 19 c2
Event: 7.782 Thread 0x000001cb020d7310 DEOPT PACKING pc=0x000001cb150779a0 sp=0x0000000c4e1daed0
Event: 7.782 Thread 0x000001cb020d7310 DEOPT UNPACKING pc=0x000001cb0d4ad72e sp=0x0000000c4e1dae58 mode 2

Classes unloaded (0 events):
No events

Classes redefined (0 events):
No events

Internal exceptions (20 events):
Event: 1.752 Thread 0x000001cb020d7310 Exception <a 'java/lang/NoSuchMethodError'{0x00000000c107ed08}: 'java.lang.Object java.lang.invoke.DirectMethodHandle$Holder.invokeStatic(java.lang.Object, java.lang.Object, int, java.lang.Object, java.lang.Object)'> (0x00000000c107ed08) 
thrown [t:\workspace\open\src\hotspot\share\interpreter\linkResolver.cpp, line 790]
Event: 1.752 Thread 0x000001cb020d7310 Exception <a 'java/lang/NoSuchMethodError'{0x00000000c10899b8}: 'java.lang.Object java.lang.invoke.DirectMethodHandle$Holder.newInvokeSpecial(java.lang.Object, java.lang.Object, int, java.lang.Object)'> (0x00000000c10899b8) 
thrown [t:\workspace\open\src\hotspot\share\interpreter\linkResolver.cpp, line 790]
Event: 1.753 Thread 0x000001cb020d7310 Exception <a 'java/lang/NoSuchMethodError'{0x00000000c108dc08}: 'java.lang.Object java.lang.invoke.DirectMethodHandle$Holder.invokeSpecial(java.lang.Object, java.lang.Object, java.lang.Object, int, java.lang.Object)'> (0x00000000c108dc08) 
thrown [t:\workspace\open\src\hotspot\share\interpreter\linkResolver.cpp, line 790]
Event: 1.767 Thread 0x000001cb020d7310 Exception <a 'java/lang/NoSuchMethodError'{0x00000000c0f3ec40}: 'java.lang.Object java.lang.invoke.DirectMethodHandle$Holder.invokeStaticInit(java.lang.Object, java.lang.Object, java.lang.Object, java.lang.Object)'> (0x00000000c0f3ec40) 
thrown [t:\workspace\open\src\hotspot\share\interpreter\linkResolver.cpp, line 790]
Event: 1.775 Thread 0x000001cb020d7310 Exception <a 'java/lang/NoSuchMethodError'{0x00000000c0fc6e98}: 'void java.lang.invoke.DirectMethodHandle$Holder.invokeStatic(java.lang.Object, java.lang.Object)'> (0x00000000c0fc6e98) 
thrown [t:\workspace\open\src\hotspot\share\interpreter\linkResolver.cpp, line 790]
Event: 1.971 Thread 0x000001cb020d7310 Exception <a 'java/lang/NoSuchMethodError'{0x00000000c29bc1b0}: 'java.lang.Object java.lang.invoke.DirectMethodHandle$Holder.invokeStatic(java.lang.Object, java.lang.Object, int, java.lang.Object)'> (0x00000000c29bc1b0) 
thrown [t:\workspace\open\src\hotspot\share\interpreter\linkResolver.cpp, line 790]
Event: 1.972 Thread 0x000001cb020d7310 Exception <a 'java/lang/NoSuchMethodError'{0x00000000c29c5358}: 'java.lang.Object java.lang.invoke.DirectMethodHandle$Holder.newInvokeSpecial(java.lang.Object, java.lang.Object, int)'> (0x00000000c29c5358) 
thrown [t:\workspace\open\src\hotspot\share\interpreter\linkResolver.cpp, line 790]
Event: 1.980 Thread 0x000001cb020d7310 Exception <a 'java/lang/NoSuchMethodError'{0x00000000c29eb890}: 'java.lang.Object java.lang.invoke.DirectMethodHandle$Holder.invokeStatic(java.lang.Object, int, java.lang.Object)'> (0x00000000c29eb890) 
thrown [t:\workspace\open\src\hotspot\share\interpreter\linkResolver.cpp, line 790]
Event: 2.723 Thread 0x000001cb020d7310 Exception <a 'java/lang/NoSuchMethodError'{0x00000000c6517638}: 'java.lang.Object java.lang.invoke.DirectMethodHandle$Holder.newInvokeSpecial(java.lang.Object, java.lang.Object, java.lang.Object, java.lang.Object, java.lang.Object, int)'> (0x00000000c6517638) 
thrown [t:\workspace\open\src\hotspot\share\interpreter\linkResolver.cpp, line 790]
Event: 2.724 Thread 0x000001cb020d7310 Exception <a 'java/lang/NoSuchMethodError'{0x00000000c651bdb0}: 'java.lang.Object java.lang.invoke.DirectMethodHandle$Holder.invokeSpecial(java.lang.Object, java.lang.Object, java.lang.Object, java.lang.Object, java.lang.Object, java.lang.Object, int)'> (0x00000000c651bdb0) 
thrown [t:\workspace\open\src\hotspot\share\interpreter\linkResolver.cpp, line 790]
Event: 2.747 Thread 0x000001cb020d7310 Exception <a 'java/lang/NoSuchMethodError'{0x00000000c65d6a60}: 'java.lang.Object java.lang.invoke.DirectMethodHandle$Holder.newInvokeSpecial(java.lang.Object, java.lang.Object, java.lang.Object, java.lang.Object, int, java.lang.Object)'> (0x00000000c65d6a60) 
thrown [t:\workspace\open\src\hotspot\share\interpreter\linkResolver.cpp, line 790]
Event: 2.747 Thread 0x000001cb020d7310 Exception <a 'java/lang/NoSuchMethodError'{0x00000000c65dae48}: 'java.lang.Object java.lang.invoke.DirectMethodHandle$Holder.invokeSpecial(java.lang.Object, java.lang.Object, java.lang.Object, java.lang.Object, java.lang.Object, int, java.lang.Object)'> (0x00000000c65dae48) 
thrown [t:\workspace\open\src\hotspot\share\interpreter\linkResolver.cpp, line 790]
Event: 2.889 Thread 0x000001cb020d7310 Exception <a 'java/lang/NoSuchMethodError'{0x00000000c403c768}: 'java.lang.Object java.lang.invoke.DirectMethodHandle$Holder.invokeStaticInit(java.lang.Object, java.lang.Object, java.lang.Object, java.lang.Object, java.lang.Object)'> (0x00000000c403c768) 
thrown [t:\workspace\open\src\hotspot\share\interpreter\linkResolver.cpp, line 790]
Event: 2.890 Thread 0x000001cb020d7310 Exception <a 'java/lang/NoSuchMethodError'{0x00000000c4043bd8}: 'java.lang.Object java.lang.invoke.Invokers$Holder.invoke_MT(java.lang.Object, java.lang.Object, java.lang.Object, java.lang.Object, java.lang.Object, java.lang.Object)'> (0x00000000c4043bd8) 
thrown [t:\workspace\open\src\hotspot\share\interpreter\linkResolver.cpp, line 790]
Event: 2.891 Thread 0x000001cb020d7310 Exception <a 'java/lang/NoSuchMethodError'{0x00000000c4051358}: 'java.lang.Object java.lang.invoke.Invokers$Holder.invoker(java.lang.Object, java.lang.Object, java.lang.Object)'> (0x00000000c4051358) 
thrown [t:\workspace\open\src\hotspot\share\interpreter\linkResolver.cpp, line 790]
Event: 2.892 Thread 0x000001cb020d7310 Exception <a 'java/lang/NoSuchMethodError'{0x00000000c405ae68}: 'java.lang.Object java.lang.invoke.DirectMethodHandle$Holder.invokeStatic(java.lang.Object, java.lang.Object, int)'> (0x00000000c405ae68) 
thrown [t:\workspace\open\src\hotspot\share\interpreter\linkResolver.cpp, line 790]
Event: 2.892 Thread 0x000001cb020d7310 Exception <a 'java/lang/NoSuchMethodError'{0x00000000c4066280}: 'void java.lang.invoke.DelegatingMethodHandle$Holder.delegate(java.lang.Object, java.lang.Object, int, java.lang.Object)'> (0x00000000c4066280) 
thrown [t:\workspace\open\src\hotspot\share\interpreter\linkResolver.cpp, line 790]
Event: 2.893 Thread 0x000001cb020d7310 Exception <a 'java/lang/NoSuchMethodError'{0x00000000c406aa70}: 'int java.lang.invoke.DirectMethodHandle$Holder.invokeSpecial(java.lang.Object, java.lang.Object, java.lang.Object)'> (0x00000000c406aa70) 
thrown [t:\workspace\open\src\hotspot\share\interpreter\linkResolver.cpp, line 790]
Event: 2.893 Thread 0x000001cb020d7310 Exception <a 'java/lang/NoSuchMethodError'{0x00000000c4073290}: 'java.lang.Object java.lang.invoke.Invokers$Holder.invokeExact_MT(java.lang.Object, java.lang.Object, java.lang.Object, java.lang.Object)'> (0x00000000c4073290) 
thrown [t:\workspace\open\src\hotspot\share\interpreter\linkResolver.cpp, line 790]
Event: 7.781 Thread 0x000001cb020d7310 Exception <a 'java/lang/InterruptedException'{0x00000000cc68ed48}: sleep interrupted> (0x00000000cc68ed48) 
thrown [t:\workspace\open\src\hotspot\share\prims\jvm.cpp, line 3279]

Events (20 events):
Event: 6.238 Executing  VM operation: G1CollectForAllocation done
Event: 6.372 Thread 0x000001cb2444ff60 Thread exited: 0x000001cb2444ff60
Event: 6.433 Executing  VM operation: G1CollectForAllocation
Event: 6.434 Executing  VM operation: G1CollectForAllocation done
Event: 6.628 Executing  VM operation: G1CollectForAllocation
Event: 6.629 Executing  VM operation: G1CollectForAllocation done
Event: 6.825 Executing  VM operation: G1CollectForAllocation
Event: 6.826 Executing  VM operation: G1CollectForAllocation done
Event: 7.028 Executing  VM operation: G1CollectForAllocation
Event: 7.029 Executing  VM operation: G1CollectForAllocation done
Event: 7.232 Executing  VM operation: G1CollectForAllocation
Event: 7.234 Executing  VM operation: G1CollectForAllocation done
Event: 7.429 Executing  VM operation: G1CollectForAllocation
Event: 7.431 Executing  VM operation: G1CollectForAllocation done
Event: 7.675 Executing  VM operation: G1CollectForAllocation
Event: 7.676 Executing  VM operation: G1CollectForAllocation done
Event: 7.763 loading class jdk/internal/misc/Signal$1
Event: 7.763 loading class jdk/internal/misc/Signal$1 done
Event: 7.763 Thread 0x000001cb2afe1b90 Thread added: 0x000001cb2afe1b90
Event: 7.763 Thread 0x000001cb2afe1b90 Thread exited: 0x000001cb2afe1b90


Dynamic libraries:
0x00007ff6c76a0000 - 0x00007ff6c76bc000 	C:\Users\CPB06GameN\anaconda3\python.exe
0x00007ffe56e30000 - 0x00007ffe57025000 	C:\WINDOWS\SYSTEM32\ntdll.dll
0x00007ffe562f0000 - 0x00007ffe563ad000 	C:\WINDOWS\System32\KERNEL32.DLL
0x00007ffe54880000 - 0x00007ffe54b49000 	C:\WINDOWS\System32\KERNELBASE.dll
0x00007ffe545b0000 - 0x00007ffe546b0000 	C:\WINDOWS\System32\ucrtbase.dll
0x00007ffdbd210000 - 0x00007ffdbd642000 	C:\Users\CPB06GameN\anaconda3\python38.dll
0x00007ffe3fc40000 - 0x00007ffe3fc59000 	C:\Users\CPB06GameN\anaconda3\VCRUNTIME140.dll
0x00007ffe56740000 - 0x00007ffe56795000 	C:\WINDOWS\System32\SHLWAPI.dll
0x00007ffe55f30000 - 0x00007ffe55fce000 	C:\WINDOWS\System32\msvcrt.dll
0x00007ffe4cc20000 - 0x00007ffe4cc2a000 	C:\WINDOWS\SYSTEM32\VERSION.dll
0x00007ffe56ca0000 - 0x00007ffe56d0b000 	C:\WINDOWS\System32\WS2_32.dll
0x00007ffe54ea0000 - 0x00007ffe54fca000 	C:\WINDOWS\System32\RPCRT4.dll
0x00007ffe55530000 - 0x00007ffe555dc000 	C:\WINDOWS\System32\ADVAPI32.dll
0x00007ffe56250000 - 0x00007ffe562eb000 	C:\WINDOWS\System32\sechost.dll
0x00007ffe53f10000 - 0x00007ffe53f28000 	C:\WINDOWS\SYSTEM32\CRYPTSP.dll
0x00007ffe535d0000 - 0x00007ffe53604000 	C:\WINDOWS\system32\rsaenh.dll
0x00007ffe546b0000 - 0x00007ffe546d7000 	C:\WINDOWS\System32\bcrypt.dll
0x00007ffe53f30000 - 0x00007ffe53f3c000 	C:\WINDOWS\SYSTEM32\CRYPTBASE.dll
0x00007ffe547f0000 - 0x00007ffe54873000 	C:\WINDOWS\System32\bcryptPrimitives.dll
0x00007ffe500c0000 - 0x00007ffe500cf000 	C:\Users\CPB06GameN\anaconda3\python3.DLL
0x00007ffe3fc20000 - 0x00007ffe3fc37000 	C:\Users\CPB06GameN\anaconda3\DLLs\_bz2.pyd
0x00007ffe35ea0000 - 0x00007ffe35eca000 	C:\Users\CPB06GameN\anaconda3\DLLs\_lzma.pyd
0x00007ffe3eaa0000 - 0x00007ffe3eac0000 	C:\Users\CPB06GameN\anaconda3\DLLs\_ctypes.pyd
0x00007ffe564c0000 - 0x00007ffe565ea000 	C:\WINDOWS\System32\ole32.dll
0x00007ffe54fd0000 - 0x00007ffe55325000 	C:\WINDOWS\System32\combase.dll
0x00007ffe4f070000 - 0x00007ffe4f07b000 	C:\Users\CPB06GameN\anaconda3\DLLs\libffi-7.dll
0x00007ffe565f0000 - 0x00007ffe5661a000 	C:\WINDOWS\System32\GDI32.dll
0x00007ffe54c60000 - 0x00007ffe54c82000 	C:\WINDOWS\System32\win32u.dll
0x00007ffe54b50000 - 0x00007ffe54c5b000 	C:\WINDOWS\System32\gdi32full.dll
0x00007ffe54c90000 - 0x00007ffe54d2d000 	C:\WINDOWS\System32\msvcp_win.dll
0x00007ffe55330000 - 0x00007ffe554d0000 	C:\WINDOWS\System32\USER32.dll
0x00007ffe56180000 - 0x00007ffe5624d000 	C:\WINDOWS\System32\OLEAUT32.dll
0x00007ffe55710000 - 0x00007ffe55740000 	C:\WINDOWS\System32\IMM32.DLL
0x0000000066d80000 - 0x0000000068b11000 	C:\Users\CPB06GameN\anaconda3\lib\site-packages\numpy\.libs\libopenblas.WCDJNK7YVMPZQ2ME2ZZHJJRJ3JIKNDB7.gfortran-win_amd64.dll
0x00007ffdd61f0000 - 0x00007ffdd64b9000 	C:\Users\CPB06GameN\anaconda3\lib\site-packages\numpy\core\_multiarray_umath.cp38-win_amd64.pyd
0x00007ffe33cb0000 - 0x00007ffe33ccf000 	C:\Users\CPB06GameN\anaconda3\lib\site-packages\numpy\core\_multiarray_tests.cp38-win_amd64.pyd
0x00007ffe4eb40000 - 0x00007ffe4eb49000 	C:\Users\CPB06GameN\anaconda3\lib\site-packages\numpy\linalg\lapack_lite.cp38-win_amd64.pyd
0x00007ffe2e000000 - 0x00007ffe2e02a000 	C:\Users\CPB06GameN\anaconda3\lib\site-packages\numpy\linalg\_umath_linalg.cp38-win_amd64.pyd
0x00007ffe27710000 - 0x00007ffe27753000 	C:\Users\CPB06GameN\anaconda3\DLLs\_decimal.pyd
0x00007ffe31660000 - 0x00007ffe31680000 	C:\Users\CPB06GameN\anaconda3\lib\site-packages\numpy\fft\_pocketfft_internal.cp38-win_amd64.pyd
0x00007ffe0b430000 - 0x00007ffe0b4c0000 	C:\Users\CPB06GameN\anaconda3\lib\site-packages\numpy\random\mtrand.cp38-win_amd64.pyd
0x00007ffe2cc80000 - 0x00007ffe2cca9000 	C:\Users\CPB06GameN\anaconda3\lib\site-packages\numpy\random\bit_generator.cp38-win_amd64.pyd
0x00007ffe2c3c0000 - 0x00007ffe2c3f2000 	C:\Users\CPB06GameN\anaconda3\lib\site-packages\numpy\random\_common.cp38-win_amd64.pyd
0x00007ffe4e230000 - 0x00007ffe4e23d000 	C:\Users\CPB06GameN\anaconda3\DLLs\_hashlib.pyd
0x00007ffdca4c0000 - 0x00007ffdca80a000 	C:\Users\CPB06GameN\anaconda3\Library\bin\libcrypto-1_1-x64.dll
0x00007ffe2bb10000 - 0x00007ffe2bb50000 	C:\Users\CPB06GameN\anaconda3\lib\site-packages\numpy\random\_bounded_integers.cp38-win_amd64.pyd
0x00007ffe2c9f0000 - 0x00007ffe2ca08000 	C:\Users\CPB06GameN\anaconda3\lib\site-packages\numpy\random\_mt19937.cp38-win_amd64.pyd
0x00007ffe2a980000 - 0x00007ffe2a997000 	C:\Users\CPB06GameN\anaconda3\lib\site-packages\numpy\random\_philox.cp38-win_amd64.pyd
0x00007ffe29e50000 - 0x00007ffe29e65000 	C:\Users\CPB06GameN\anaconda3\lib\site-packages\numpy\random\_pcg64.cp38-win_amd64.pyd
0x00007ffe29e30000 - 0x00007ffe29e42000 	C:\Users\CPB06GameN\anaconda3\lib\site-packages\numpy\random\_sfc64.cp38-win_amd64.pyd
0x00007ffe0b380000 - 0x00007ffe0b425000 	C:\Users\CPB06GameN\anaconda3\lib\site-packages\numpy\random\_generator.cp38-win_amd64.pyd
0x00007ffe27ad0000 - 0x00007ffe27af1000 	C:\Users\CPB06GameN\anaconda3\lib\site-packages\matplotlib\ft2font.cp38-win_amd64.pyd
0x00007ffe3a180000 - 0x00007ffe3a20d000 	C:\WINDOWS\SYSTEM32\MSVCP140.dll
0x00007ffe3ea70000 - 0x00007ffe3ea7c000 	C:\WINDOWS\SYSTEM32\VCRUNTIME140_1.dll
0x00007ffe0a620000 - 0x00007ffe0a6bf000 	C:\Users\CPB06GameN\anaconda3\Library\bin\freetype.dll
0x00007ffe29c20000 - 0x00007ffe29c39000 	C:\Users\CPB06GameN\anaconda3\Library\bin\zlib.dll
0x00007ffe25730000 - 0x00007ffe25764000 	C:\Users\CPB06GameN\anaconda3\Library\bin\libpng16.dll
0x00007ffe1baf0000 - 0x00007ffe1bb13000 	C:\Users\CPB06GameN\anaconda3\lib\site-packages\kiwisolver.cp38-win_amd64.pyd
0x00007ffe276f0000 - 0x00007ffe27706000 	C:\Users\CPB06GameN\anaconda3\DLLs\_socket.pyd
0x00007ffe539c0000 - 0x00007ffe539fb000 	C:\WINDOWS\SYSTEM32\IPHLPAPI.DLL
0x00007ffe4dfe0000 - 0x00007ffe4dfe9000 	C:\Users\CPB06GameN\anaconda3\DLLs\select.pyd
0x00007ffe1bb60000 - 0x00007ffe1bb7e000 	C:\Users\CPB06GameN\anaconda3\lib\site-packages\google\protobuf\internal\_api_implementation.cp38-win_amd64.pyd
0x00007ffe08f10000 - 0x00007ffe090a0000 	C:\Users\CPB06GameN\anaconda3\lib\site-packages\google\protobuf\pyext\_message.cp38-win_amd64.pyd
0x00007ffe4caf0000 - 0x00007ffe4caf9000 	C:\Users\CPB06GameN\anaconda3\msvcp140_1.dll
0x00007ffd89520000 - 0x00007ffdad0bc000 	C:\Users\CPB06GameN\anaconda3\lib\site-packages\tensorflow\python\_pywrap_tensorflow_internal.pyd
0x00007ffe54d30000 - 0x00007ffe54e8f000 	C:\WINDOWS\System32\CRYPT32.dll
0x00007ffe55e90000 - 0x00007ffe55e98000 	C:\WINDOWS\System32\Normaliz.dll
0x00007ffe55740000 - 0x00007ffe55e7f000 	C:\WINDOWS\System32\SHELL32.dll
0x00007ffe39f90000 - 0x00007ffe3a174000 	C:\WINDOWS\SYSTEM32\dbghelp.dll
0x00007ffdbcc50000 - 0x00007ffdbd20f000 	C:\Users\CPB06GameN\anaconda3\lib\site-packages\tensorflow\python\_pywrap_tfe.pyd
0x00007ffdbc920000 - 0x00007ffdbcc47000 	C:\Users\CPB06GameN\anaconda3\lib\site-packages\tensorflow\python\platform\_pywrap_tf2.pyd
0x00007ffdbc360000 - 0x00007ffdbc914000 	C:\Users\CPB06GameN\anaconda3\lib\site-packages\tensorflow\python\client\_pywrap_tf_session.pyd
0x00007ffe4c9c0000 - 0x00007ffe4c9ce000 	C:\Users\CPB06GameN\anaconda3\lib\site-packages\wrapt\_wrappers.cp38-win_amd64.pyd
0x00007ffe1b5c0000 - 0x00007ffe1b5e7000 	C:\Users\CPB06GameN\anaconda3\lib\site-packages\tensorflow\python\util\_pywrap_utils.pyd
0x00007ffe1b5a0000 - 0x00007ffe1b5b9000 	C:\Users\CPB06GameN\anaconda3\lib\site-packages\tensorflow\python\util\_pywrap_nest.pyd
0x00007ffd89290000 - 0x00007ffd8951e000 	C:\Users\CPB06GameN\anaconda3\lib\site-packages\tensorflow\python\_pywrap_py_exception_registry.pyd
0x00007ffd88ff0000 - 0x00007ffd89284000 	C:\Users\CPB06GameN\anaconda3\lib\site-packages\tensorflow\python\framework\_dtypes.pyd
0x00007ffe1b580000 - 0x00007ffe1b598000 	C:\Users\CPB06GameN\anaconda3\lib\site-packages\tensorflow\python\lib\core\_pywrap_bfloat16.pyd
0x00007ffd88cc0000 - 0x00007ffd88fea000 	C:\Users\CPB06GameN\anaconda3\lib\site-packages\tensorflow\python\profiler\internal\_pywrap_traceme.pyd
0x00007ffe0a510000 - 0x00007ffe0a61f000 	C:\Users\CPB06GameN\anaconda3\lib\site-packages\tensorflow\python\util\_tf_stack.pyd
0x00007ffd88990000 - 0x00007ffd88cb6000 	C:\Users\CPB06GameN\anaconda3\lib\site-packages\tensorflow\python\framework\_op_def_registry.pyd
0x00007ffd885e0000 - 0x00007ffd88981000 	C:\Users\CPB06GameN\anaconda3\lib\site-packages\tensorflow\python\framework\_proto_comparators.pyd
0x00007ffd880c0000 - 0x00007ffd885de000 	C:\Users\CPB06GameN\anaconda3\lib\site-packages\tensorflow\python\data\experimental\service\_pywrap_utils.pyd
0x00007ffe4c830000 - 0x00007ffe4c839000 	C:\Users\CPB06GameN\anaconda3\DLLs\_queue.pyd
0x00007ffd87d80000 - 0x00007ffd880b9000 	C:\Users\CPB06GameN\anaconda3\lib\site-packages\tensorflow\python\lib\io\_pywrap_file_io.pyd
0x00007ffd87a30000 - 0x00007ffd87d78000 	C:\Users\CPB06GameN\anaconda3\lib\site-packages\tensorflow\python\lib\io\_pywrap_record_io.pyd
0x00007ffd87690000 - 0x00007ffd87a26000 	C:\Users\CPB06GameN\anaconda3\lib\site-packages\tensorflow\python\util\_pywrap_checkpoint_reader.pyd
0x00007ffd87350000 - 0x00007ffd87684000 	C:\Users\CPB06GameN\anaconda3\lib\site-packages\tensorflow\python\_pywrap_parallel_device.pyd
0x00007ffe16680000 - 0x00007ffe16699000 	C:\Users\CPB06GameN\anaconda3\lib\site-packages\tensorflow\python\util\_pywrap_tensor_float_32_execution.pyd
0x00007ffe13ad0000 - 0x00007ffe13ae8000 	C:\Users\CPB06GameN\anaconda3\lib\site-packages\tensorflow\python\lib\core\_pywrap_py_func.pyd
0x00007ffd87020000 - 0x00007ffd8734d000 	C:\Users\CPB06GameN\anaconda3\lib\site-packages\tensorflow\python\data\experimental\service\_pywrap_server_lib.pyd
0x00007ffd86cf0000 - 0x00007ffd8701c000 	C:\Users\CPB06GameN\anaconda3\lib\site-packages\tensorflow\python\client\_pywrap_events_writer.pyd
0x00007ffd865d0000 - 0x00007ffd86ce3000 	C:\Users\CPB06GameN\anaconda3\lib\site-packages\tensorflow\python\profiler\internal\_pywrap_profiler.pyd
0x00007ffe0ff90000 - 0x00007ffe0ffb7000 	C:\Users\CPB06GameN\anaconda3\DLLs\_ssl.pyd
0x00007ffe09580000 - 0x00007ffe0962c000 	C:\Users\CPB06GameN\anaconda3\Library\bin\libssl-1_1-x64.dll
0x00007ffe12320000 - 0x00007ffe12332000 	C:\Users\CPB06GameN\anaconda3\DLLs\_asyncio.pyd
0x00007ffe4c5f0000 - 0x00007ffe4c5fd000 	C:\Users\CPB06GameN\anaconda3\DLLs\_overlapped.pyd
0x00007ffe53d20000 - 0x00007ffe53d8a000 	C:\WINDOWS\system32\mswsock.dll
0x00007ffd862a0000 - 0x00007ffd865c8000 	C:\Users\CPB06GameN\anaconda3\lib\site-packages\tensorflow\python\saved_model\experimental\pywrap_libexport.pyd
0x00007ffe4c5b0000 - 0x00007ffe4c5b9000 	C:\Users\CPB06GameN\anaconda3\DLLs\_multiprocessing.pyd
0x00007ffd85f70000 - 0x00007ffd86296000 	C:\Users\CPB06GameN\anaconda3\lib\site-packages\tensorflow\python\client\_pywrap_device_lib.pyd
0x00007ffe0f380000 - 0x00007ffe0f3ad000 	C:\Users\CPB06GameN\anaconda3\DLLs\_elementtree.pyd
0x00007ffe0b970000 - 0x00007ffe0b9a1000 	C:\Users\CPB06GameN\anaconda3\DLLs\pyexpat.pyd
0x00007ffe08e70000 - 0x00007ffe08f0e000 	C:\Users\CPB06GameN\anaconda3\lib\site-packages\PIL\_imaging.cp38-win_amd64.pyd
0x00007ffe04300000 - 0x00007ffe043a2000 	C:\Users\CPB06GameN\anaconda3\Library\bin\tiff.dll
0x00007ffe0b350000 - 0x00007ffe0b37a000 	C:\Users\CPB06GameN\anaconda3\Library\bin\liblzma.dll
0x00007ffe04cc0000 - 0x00007ffe04d36000 	C:\Users\CPB06GameN\anaconda3\Library\bin\zstd.dll
0x0000000070bc0000 - 0x0000000070be8000 	C:\Users\CPB06GameN\anaconda3\lib\site-packages\scipy\.libs\libansari.R6EA3HQP5KZ6TAXU4Y4ZVTRPT7UVA53Z.gfortran-win_amd64.dll
0x000000006af00000 - 0x000000006afa6000 	C:\Users\CPB06GameN\anaconda3\lib\site-packages\scipy\.libs\libbanded5x.ZCD4YVWE76FRGRP64SGAP7BX4MU5BEFM.gfortran-win_amd64.dll
0x0000000000aa0000 - 0x0000000002728000 	C:\Users\CPB06GameN\anaconda3\lib\site-packages\scipy\.libs\libopenblas.PYQHXLVVQ7VESDPUVUADXEVJOBGHJPAY.gfortran-win_amd64.dll
0x0000000071200000 - 0x00000000713bf000 	C:\Users\CPB06GameN\anaconda3\lib\site-packages\scipy\.libs\libbispeu.7AH3PCQ2E2NGLC3AQD7FFAH73KGJTZCJ.gfortran-win_amd64.dll
0x0000000064840000 - 0x00000000648e3000 	C:\Users\CPB06GameN\anaconda3\lib\site-packages\scipy\.libs\libblkdta00.5USURWRMG6FPFEKUZDHXY7U7LNUM2WK6.gfortran-win_amd64.dll
0x000000006dc40000 - 0x000000006dc8a000 	C:\Users\CPB06GameN\anaconda3\lib\site-packages\scipy\.libs\libchkder.G7WSOGIYYQO3UWFVEZ3PPXCXR53ADVPA.gfortran-win_amd64.dll
0x0000000002730000 - 0x00000000027d1000 	C:\Users\CPB06GameN\anaconda3\lib\site-packages\scipy\.libs\libcobyla2.25EVUSEBAW7VKISARB7LO3UGZPN2HXE3.gfortran-win_amd64.dll
0x0000000063400000 - 0x0000000063418000 	C:\Users\CPB06GameN\anaconda3\lib\site-packages\scipy\.libs\libdcsrch.I2AOPDCXAPDRFNPWY55H5UE7XZSU5CVN.gfortran-win_amd64.dll
0x0000000062880000 - 0x000000006289e000 	C:\Users\CPB06GameN\anaconda3\lib\site-packages\scipy\.libs\libdet.F6RQ4OV2DGIJ2MARDTCBP35QSS4MLVQE.gfortran-win_amd64.dll
0x0000000070980000 - 0x0000000070adf000 	C:\Users\CPB06GameN\anaconda3\lib\site-packages\scipy\.libs\libdfft_sub.U5C2BGSVP4A24TBEJAO6QCQJ2B6LPVGU.gfortran-win_amd64.dll
0x0000000066340000 - 0x00000000664ff000 	C:\Users\CPB06GameN\anaconda3\lib\site-packages\scipy\.libs\libdfitpack.F5IA373IXQXRMNVIGRAXL6SPJ4PKDPUB.gfortran-win_amd64.dll
0x00000000027e0000 - 0x0000000002a4a000 	C:\Users\CPB06GameN\anaconda3\lib\site-packages\scipy\.libs\libdgamln.UIFGIOJQL54NTBYWYZ56OJCM4CZSNWEI.gfortran-win_amd64.dll
0x0000000066600000 - 0x0000000066699000 	C:\Users\CPB06GameN\anaconda3\lib\site-packages\scipy\.libs\libdop853.6TJTQZW3I3Q3QIDQHEOBEZKJ3NYRXI4B.gfortran-win_amd64.dll
0x000000006f5c0000 - 0x000000006f683000 	C:\Users\CPB06GameN\anaconda3\lib\site-packages\scipy\.libs\libdqag.DX5EAYYNPFO66EWHYQS3FJBH7SZRQOKL.gfortran-win_amd64.dll
0x0000000070340000 - 0x000000007045e000 	C:\Users\CPB06GameN\anaconda3\lib\site-packages\scipy\.libs\libd_odr.HY35LCTJLWN56VS6T57IRQDDWOT6C433.gfortran-win_amd64.dll
0x000000006b300000 - 0x000000006b35b000 	C:\Users\CPB06GameN\anaconda3\lib\site-packages\scipy\.libs\libgetbreak.A43LEPYTRXGJCAFEE2XXOUDQX2I7BT74.gfortran-win_amd64.dll
0x0000000064100000 - 0x00000000641ac000 	C:\Users\CPB06GameN\anaconda3\lib\site-packages\scipy\.libs\liblbfgsb.754DFFB6OF2BEPR5ANJHBKOOGAKJT2PV.gfortran-win_amd64.dll
0x000000006c040000 - 0x000000006c167000 	C:\Users\CPB06GameN\anaconda3\lib\site-packages\scipy\.libs\libmvndst.IUWFZM2WSUQ3UTGQHFQ26ATH2A2TIUVI.gfortran-win_amd64.dll
0x000000006a440000 - 0x000000006a4c2000 	C:\Users\CPB06GameN\anaconda3\lib\site-packages\scipy\.libs\libnnls.IXEEHJUCGHJL42YZEM6UIEMROJWXHMLJ.gfortran-win_amd64.dll
0x0000000066940000 - 0x0000000066987000 	C:\Users\CPB06GameN\anaconda3\lib\site-packages\scipy\.libs\libslsqp_op.RGGN6ZOFD2K47X7YRNDYCM7JFP4AGLER.gfortran-win_amd64.dll
0x000000006e180000 - 0x000000006e2db000 	C:\Users\CPB06GameN\anaconda3\lib\site-packages\scipy\.libs\libspecfun.LQCTHMCYNULEOOGKIO6AGREE6D6V37RU.gfortran-win_amd64.dll

dbghelp: loaded successfully - version: 4.0.5 - missing functions: none
symbol engine: initialized successfully - sym options: 0x614 - pdb path: .;C:\Users\CPB06GameN\anaconda3;C:\WINDOWS\SYSTEM32;C:\Users\CPB06GameN\anaconda3\DLLs;C:\Users\CPB06GameN\anaconda3\lib\site-packages\numpy\.libs;C:\Users\CPB06GameN\anaconda3\lib\site-packages\numpy\core;C:\Users\CPB06GameN\anaconda3\lib\site-packages\numpy\linalg;C:\Users\CPB06GameN\anaconda3\lib\site-packages\numpy\fft;C:\Users\CPB06GameN\anaconda3\lib\site-packages\numpy\random;C:\Users\CPB06GameN\anaconda3\Library\bin;C:\Users\CPB06GameN\anaconda3\lib\site-packages\matplotlib;C:\Users\CPB06GameN\anaconda3\lib\site-packages;C:\Users\CPB06GameN\anaconda3\lib\site-packages\google\protobuf\internal;C:\Users\CPB06GameN\anaconda3\lib\site-packages\google\protobuf\pyext;C:\Users\CPB06GameN\anaconda3\lib\site-packages\tensorflow\python;C:\Users\CPB06GameN\anaconda3\lib\site-packages\tensorflow\python\platform;C:\Users\CPB06GameN\anaconda3\lib\site-packages\tensorflow\python\client;C:\Users\CPB06GameN\anaconda3\lib\site-packages\wrapt;C:\Users\CPB06GameN\anaconda3\lib\site-packages\tensorflow\python\util;C:\Users\CPB06GameN\anaconda3\lib\site-packages\tensorflow\python\framework;C:\Users\CPB06GameN\anaconda3\lib\site-packages\tensorflow\python\lib\core;C:\Users\CPB06GameN\anaconda3\lib\site-packages\tensorflow\python\profiler\internal;C:\Users\CPB06GameN\anaconda3\lib\site-packages\tensorflow\python\data\experimental\service;C:\Users\CPB06GameN\anaconda3\lib\site-packages\tensorflow\python\lib\io;C:\Users\CPB06GameN\anaconda3\lib\site-packages\tensorflow\python\saved_model\experimental;C:\Users\CPB06GameN\anaconda3\lib\site-packages\PIL;C:\Users\CPB06GameN\anaconda3\lib\site-packages\scipy\.libs;C:\Users\CPB06GameN\anaconda3\lib\site-packages\scipy\_lib;C:\Users\CPB06GameN\anaconda3\lib\site-packages\scipy\_lib\_uarray;C:\Users\CPB06GameN\anaconda3\lib\site-packages\scipy\fft\_pocketfft;C:\Users\CPB06GameN\anaconda3\lib\site-packages\scipy\ndimage;C:\Users\CPB06GameN\anaconda3\lib\site-packages\scipy\linalg;C:\Users\CPB06GameN\anaconda3\lib\site-packages\scipy\sparse;C:\Users\CPB06GameN\anaconda3\lib\site-packages\scipy\sparse\csgraph;C:\Users\CPB06GameN\anaconda3\lib\site-packages\brotli;C:\Users\CPB06GameN\anaconda3\lib\site-packages\h5py;C:\Users\CPB06GameN\anaconda3\lib\site-packages\tensorflow\lite\experimental\microfrontend\python\ops;C:\Users\CPB06GameN\anaconda3\lib\site-packages\tensorflow\python\grappler;C:\Users\CPB06GameN\anaconda3\lib\site-packages\tensorflow\lite\python\metrics_wrapper;C:\Users\CPB06GameN\anaconda3\lib\site-packages\tensorflow\lite\python\interpreter_wrapper;C:\Users\CPB06GameN\anaconda3\lib\site-packages\sklearn\__check_build;C:\Users\CPB06GameN\anaconda3\lib\site-packages\sklearn\utils;C:\Users\CPB06GameN\anaconda3\lib\site-packages\psutil;C:\Users\CPB06GameN\anaconda3\lib\site-packages\scipy\spatial;C:\Users\CPB06GameN\anaconda3\lib\site-packages\scipy\special;C:\Users\CPB06GameN\anaconda3\lib\site-packages\scipy\optimize;C:\Users\CPB06GameN\anaconda3\lib\site-packages\scipy\optimize\_trlib;C:\Users\CPB06GameN\anaconda3\lib\site-packages\scipy\sparse\linalg\isolve;C:\Users\CPB06GameN\anaconda3\lib\site-packages\scipy\sparse\linalg\dsolve;C:\Users\CPB06GameN\anaconda3\lib\site-packages\scipy\sparse\linalg\eigen\arpack;C:\Users\CPB06GameN\anaconda3\lib\site-packages\scipy\optimize\_lsq;C:\Users\CPB06GameN\anaconda3\lib\site-packages\scipy\integrate;C:\Users\CPB06GameN\anaconda3\lib\site-packages\scipy\interpolate;C:\Users\CPB06GameN\anaconda3\lib\site-packages\scipy\stats;C:\Users\CPB06GameN\anaconda3\lib\site-packages\win32;C:\Users\CPB06GameN\anaconda3\lib\site-packages\sklearn\preprocessing;C:\Users\CPB06GameN\anaconda3\lib\site-packages\sklearn\metrics\cluster;C:\Users\CPB06GameN\anaconda3\lib\site-packages\sklearn\metrics;C:\Users\CPB06GameN\anaconda3\lib\site-packages\sklearn\neighbors;C:\Users\CPB06GameN\anaconda3\lib\site-packages\sklearn\decomposition;C:\Users\CPB06GameN\anaconda3\lib\site-packages\sklearn\linear_model;C:\Users\CPB06GameN\anaconda3\lib\site-packages\sklearn\svm;C:\Users\CPB06GameN\anaconda3\lib\site-packages\sklearn;C:\Users\CPB06GameN\anaconda3\lib\site-packages\sklearn\manifold;C:\Users\CPB06GameN\anaconda3\lib\site-packages\sklearn\tree;C:\Users\CPB06GameN\anaconda3\lib\site-packages\sklearn\cluster;C:\Users\CPB06GameN\anaconda3\lib\site-packages\pandas\_libs;C:\Users\CPB06GameN\anaconda3\lib\site-packages\pandas\_libs\tslibs;C:\Users\CPB06GameN\anaconda3\lib\site-packages\bottleneck;C:\Users\CPB06GameN\anaconda3\lib\site-packages\pandas\_libs\window;C:\Users\CPB06GameN\anaconda3\lib\site-packages\lxml;C:\Program Files\Java\jdk-16.0.2\bin\server;C:\Program Files\Java\jdk-16.0.2\bin;C:\Users\CPB06GameN\anaconda3\lib\site-packages\gensim;C:\Users\CPB06GameN\anaconda3\lib\site-packages\gensim\corpora;C:\Users\CPB06GameN\anaconda3\lib\site-packages\gensim\models;C:\Users\CPB06GameN\anaconda3\lib\site-packages\gensim\similarities;C:\Users\CPB06GameN\anaconda3\lib\site-packages\numexpr

VM Arguments:
jvm_args: -Dfile.encoding=UTF8 -ea -Xmx1024m 
java_command: <unknown>
java_class_path (initial): C:\Users\CPB06GameN\anaconda3\Lib\site-packages\konlpy\java;C:\Users\CPB06GameN\anaconda3\Lib\site-packages\konlpy\java\bin;C:\Users\CPB06GameN\anaconda3\Lib\site-packages\konlpy\java\*;C:\Users\CPB06GameN\anaconda3\Lib\site-packages\konlpy\java\jhannanum-0.8.4.jar;C:\Users\CPB06GameN\anaconda3\Lib\site-packages\konlpy\java\kkma-2.0.jar;C:\Users\CPB06GameN\anaconda3\Lib\site-packages\konlpy\java\aho-corasick.jar;C:\Users\CPB06GameN\anaconda3\Lib\site-packages\konlpy\java\shineware-common-1.0.jar;C:\Users\CPB06GameN\anaconda3\Lib\site-packages\konlpy\java\shineware-ds-1.0.jar;C:\Users\CPB06GameN\anaconda3\Lib\site-packages\konlpy\java\komoran-3.0.jar;C:\Users\CPB06GameN\anaconda3\Lib\site-packages\konlpy\java\snakeyaml-1.12.jar;C:\Users\CPB06GameN\anaconda3\Lib\site-packages\konlpy\java\scala-library-2.12.3.jar;C:\Users\CPB06GameN\anaconda3\Lib\site-packages\konlpy\java\open-korean-text-2.1.0.jar;C:\Users\CPB06GameN\anaconda3\Lib\site-packages\konlpy\java\twitter-text-1.14.7.jar;C:\Users\CPB06GameN\anaconda3\Lib\site-packages\konlpy\java\*
Launcher Type: generic

[Global flags]
     intx CICompilerCount                          = 4                                         {product} {ergonomic}
     uint ConcGCThreads                            = 3                                         {product} {ergonomic}
     uint G1ConcRefinementThreads                  = 10                                        {product} {ergonomic}
   size_t G1HeapRegionSize                         = 1048576                                   {product} {ergonomic}
    uintx GCDrainStackTargetSize                   = 64                                        {product} {ergonomic}
   size_t InitialHeapSize                          = 266338304                                 {product} {ergonomic}
   size_t MarkStackSize                            = 4194304                                   {product} {ergonomic}
   size_t MaxHeapSize                              = 1073741824                                {product} {command line}
   size_t MaxNewSize                               = 643825664                                 {product} {ergonomic}
   size_t MinHeapDeltaBytes                        = 1048576                                   {product} {ergonomic}
   size_t MinHeapSize                              = 8388608                                   {product} {ergonomic}
    uintx NonNMethodCodeHeapSize                   = 5839372                                {pd product} {ergonomic}
    uintx NonProfiledCodeHeapSize                  = 122909434                              {pd product} {ergonomic}
    uintx ProfiledCodeHeapSize                     = 122909434                              {pd product} {ergonomic}
    uintx ReservedCodeCacheSize                    = 251658240                              {pd product} {ergonomic}
     bool SegmentedCodeCache                       = true                                      {product} {ergonomic}
   size_t SoftMaxHeapSize                          = 1073741824                             {manageable} {ergonomic}
     bool UseCompressedClassPointers               = true                           {product lp64_product} {ergonomic}
     bool UseCompressedOops                        = true                           {product lp64_product} {ergonomic}
     bool UseG1GC                                  = true                                      {product} {ergonomic}
     bool UseLargePagesIndividualAllocation        = false                                  {pd product} {ergonomic}

Logging:
Log output configuration:
 #0: stdout all=warning uptime,level,tags
 #1: stderr all=off uptime,level,tags

Environment Variables:
PATH=C:\Users\CPB06GameN\anaconda3;C:\Users\CPB06GameN\anaconda3\Library\mingw-w64\bin;C:\Users\CPB06GameN\anaconda3\Library\usr\bin;C:\Users\CPB06GameN\anaconda3\Library\bin;C:\Users\CPB06GameN\anaconda3\Scripts;C:\Users\CPB06GameN\anaconda3\bin;C:\Users\CPB06GameN\anaconda3\condabin;C:\Program Files\NVIDIA GPU Computing Toolkit\CUDA\v11.4\bin;C:\Program Files\NVIDIA GPU Computing Toolkit\CUDA\v11.4\libnvvp;C:\Program Files (x86)\Intel\Intel(R) Management Engine Components\iCLS;C:\Program Files\Intel\Intel(R) Management Engine Components\iCLS;C:\Windows\system32;C:\Windows;C:\Windows\System32\Wbem;C:\Windows\System32\WindowsPowerShell\v1.0;C:\Windows\System32\OpenSSH;C:\Program Files (x86)\Intel\Intel(R) Management Engine Components\DAL;C:\Program Files\Intel\Intel(R) Management Engine Components\DAL;C:\Program Files\Intel\WiFi\bin;C:\Program Files\Common Files\Intel\WirelessCommon;C:\Program Files (x86)\NVIDIA Corporation\PhysX\Common;C:\Program Files\NVIDIA Corporation\NVIDIA NvDLISR;C:\WINDOWS\system32;C:\WINDOWS;C:\WINDOWS\System32\Wbem;C:\WINDOWS\System32\WindowsPowerShell\v1.0;C:\WINDOWS\System32\OpenSSH;C:\Program Files\MySQL\MySQL Shell 8.0\bin;C:\Program Files\Git\cmd;C:\Program Files\Git LFS;C:\Program Files\NVIDIA Corporation\Nsight Compute 2021.2.1;C:\Users\CPB06GameN\AppData\Local\Programs\Python\Python38\Scripts;C:\Users\CPB06GameN\AppData\Local\Programs\Python\Python38;C:\Program Files\MySQL\MySQL Shell 8.0\bin;C:\Users\CPB06GameN\AppData\Local\Programs\Python\Python39\Scripts;C:\Users\CPB06GameN\AppData\Local\Programs\Python\Python39;C:\Users\CPB06GameN\AppData\Local\Microsoft\WindowsApps;C:\Program Files\Intel\WiFi\bin;C:\Program Files\Common Files\Intel\WirelessCommon;C:\Program Files\Bandizip;C:\Users\CPB06GameN\AppData\Local\Programs\Microsoft VS Code\bin;C:\Program Files\JetBrains\PyCharm Community Edition 2021.1.3\bin;.;C:\Program Files\NVIDIA GPU Computing Toolkit\CUDA\v11.4\bin;C:\Program Files\NVIDIA GPU Computing Toolkit\CUDA\v11.4\extras\CUP
USERNAME=CPB06GameN
OS=Windows_NT
PROCESSOR_IDENTIFIER=Intel64 Family 6 Model 158 Stepping 10, GenuineIntel



---------------  S Y S T E M  ---------------

OS:
 Windows 10 , 64 bit Build 19041 (10.0.19041.1151)
OS uptime: 9 days 5:45 hours

CPU: total 12 (initial active 12) (6 cores per cpu, 2 threads per core) family 6 model 158 stepping 10 microcode 0xb4, cx8, cmov, fxsr, ht, mmx, 3dnowpref, sse, sse2, sse3, ssse3, sse4.1, sse4.2, popcnt, lzcnt, tsc, tscinvbit, avx, avx2, aes, erms, clmul, bmi1, bmi2, adx, fma, vzeroupper, clflush, clflushopt

Memory: 4k page, system-wide physical 16223M (2180M free)
TotalPageFile size 41695M (AvailPageFile size 9509M)
current process WorkingSet (physical memory assigned to process): 654M, peak: 654M
current process commit charge ("private bytes"): 2552M, peak: 2639M

vm_info: Java HotSpot(TM) 64-Bit Server VM (16.0.2+7-67) for windows-amd64 JRE (16.0.2+7-67), built on Jun  8 2021 23:24:19 by "mach5one" with MS VC++ 16.7 (VS2019)

END.
