#
# A fatal error has been detected by the Java Runtime Environment:
#
#  EXCEPTION_ACCESS_VIOLATION (0xc0000005) at pc=0x00007ff879b5e1a8, pid=21864, tid=7452
#
# JRE version: Java(TM) SE Runtime Environment (16.0.2+7) (build 16.0.2+7-67)
# Java VM: Java HotSpot(TM) 64-Bit Server VM (16.0.2+7-67, mixed mode, sharing, tiered, compressed oops, compressed class ptrs, g1 gc, windows-amd64)
# Problematic frame:
# C  [_jpype.cp38-win_amd64.pyd+0x2e1a8]  JPypeException::convertPythonToJava+0x158
#
# No core dump will be written. Minidumps are not enabled by default on client versions of Windows
#
# If you would like to submit a bug report, please visit:
#   https://bugreport.java.com/bugreport/crash.jsp
# The crash happened outside the Java Virtual Machine in native code.
# See problematic frame for where to report the bug.
#

---------------  S U M M A R Y ------------

Command Line: -Dfile.encoding=UTF8 -ea -Xmx1024m 

Host: Intel(R) Core(TM) i7-8750H CPU @ 2.20GHz, 12 cores, 15G,  Windows 10 , 64 bit Build 19041 (10.0.19041.1151)
Time: Thu Sep 16 18:21:05 2021 대한민국 표준시 elapsed time: 8.335474 seconds (0d 0h 0m 8s)

---------------  T H R E A D  ---------------

Current thread (0x000001eaf9f24110):  JavaThread "main" [_thread_in_native, id=7452, stack(0x000000526ce00000,0x000000526cff0000)]

Stack: [0x000000526ce00000,0x000000526cff0000],  sp=0x000000526cfdcc90,  free space=1907k
Native frames: (J=compiled Java code, j=interpreted, Vv=VM code, C=native code)
C  [_jpype.cp38-win_amd64.pyd+0x2e1a8]  JPypeException::convertPythonToJava+0x158  (jp_exception.cpp:266)
C  [_jpype.cp38-win_amd64.pyd+0x2d59a]  JPypeException::toJava+0x1fa  (jp_exception.cpp:432)
C  [_jpype.cp38-win_amd64.pyd+0x5fae9]  `JPTypeFactory_rethrow'::`1'::catch$0+0x1d  (jp_typefactory.cpp:50)
C  [VCRUNTIME140.dll+0x1030]
C  [VCRUNTIME140.dll+0x43a8]
C  [ntdll.dll+0xa1506]
C  [_jpype.cp38-win_amd64.pyd+0x42b7b]  JPTypeFactory_rethrow+0x1b  (jp_typefactory.cpp:47)
C  [_jpype.cp38-win_amd64.pyd+0x5fabd]  `JPTypeFactory_newWrapper'::`1'::catch$4+0x16  (jp_typefactory.cpp:97)
C  [VCRUNTIME140.dll+0x1030]
C  [VCRUNTIME140.dll+0x43a8]
C  [ntdll.dll+0xa1506]
C  [_jpype.cp38-win_amd64.pyd+0x42b12]  JPTypeFactory_newWrapper+0x72  (jp_typefactory.cpp:97)
C  0x000001eafae6dd22

Java frames: (J=compiled Java code, j=interpreted, Vv=VM code)
j  org.jpype.manager.TypeFactoryNative.newWrapper(JJ)V+0
j  org.jpype.JPypeContext.newWrapper(J)V+16
v  ~StubRoutines::call_stub

siginfo: EXCEPTION_ACCESS_VIOLATION (0xc0000005), writing address 0x0000000000000000


Register to memory mapping:

RIP=0x00007ff879b5e1a8 _jpype.cp38-win_amd64.pyd::JPypeException::convertPythonToJava + 0x158
RAX=0x0 is NULL
RBX=0x0 is NULL
RCX=0x000001eb1003fca0 points into unknown readable memory: 0x000001eaf10f6940 | 40 69 0f f1 ea 01 00 00
RDX=0x0 is NULL
RSP=0x000000526cfdcc90 is pointing into the stack for thread: 0x000001eaf9f24110
RBP=0x000000526cfdf010 is pointing into the stack for thread: 0x000001eaf9f24110
RSI=0x000001eaf10f6940 points into unknown readable memory: 0x00007ff879ba5d58 | 58 5d ba 79 f8 7f 00 00
RDI=0x00007ff877e81b50 python38.dll::_PyExc_KeyboardInterrupt + 0x0
R8 =0x0 is NULL
R9 =0x0000000000000002 is an unknown value
R10=0x000001eaf9f51380 points into unknown readable memory: 0x0000040000000001 | 01 00 00 00 00 04 00 00
R11=0x000000526cfdcc80 is pointing into the stack for thread: 0x000001eaf9f24110
R12=0x000000526cfdce90 is pointing into the stack for thread: 0x000001eaf9f24110
R13=0x000000526cfe0920 is pointing into the stack for thread: 0x000001eaf9f24110
R14=0x000001eafa281460 points into unknown readable memory: 0x00000000ccec0ac8 | c8 0a ec cc 00 00 00 00
R15=0x0 is NULL


Registers:
RAX=0x0000000000000000, RBX=0x0000000000000000, RCX=0x000001eb1003fca0, RDX=0x0000000000000000
RSP=0x000000526cfdcc90, RBP=0x000000526cfdf010, RSI=0x000001eaf10f6940, RDI=0x00007ff877e81b50
R8 =0x0000000000000000, R9 =0x0000000000000002, R10=0x000001eaf9f51380, R11=0x000000526cfdcc80
R12=0x000000526cfdce90, R13=0x000000526cfe0920, R14=0x000001eafa281460, R15=0x0000000000000000
RIP=0x00007ff879b5e1a8, EFLAGS=0x0000000000010246

Top of Stack: (sp=0x000000526cfdcc90)
0x000000526cfdcc90:   0000000000000000 0000000000000000
0x000000526cfdcca0:   000001eaf10f6940 00007ff877e81b50
0x000000526cfdccb0:   fffffffffffffffe 00007ff877b818a9
0x000000526cfdccc0:   00007ff877e81b50 0000000000000000
0x000000526cfdccd0:   000001eaf10f6940 000001eaf9f24420
0x000000526cfdcce0:   000001eaf10f0100 00007ff877e81b50
0x000000526cfdccf0:   0000000000000000 000001eb2c8cefc0
0x000000526cfdcd00:   0000aa2d51dbb501 000000526cfdce20
0x000000526cfdcd10:   000000526cfddd08 00007ff879b5d59a
0x000000526cfdcd20:   000001eaf9f24420 000001eaf9f24420
0x000000526cfdcd30:   000001eaf10e1450 000001eaf10f6940
0x000000526cfdcd40:   0000000000000000 000001eaf10e1450
0x000000526cfdcd50:   000001eaf10f6940 000001eaf9f24420
0x000000526cfdcd60:   0000000000000000 00007ff8be8497fb
0x000000526cfdcd70:   fffffffffffffffe 000000526cfdd400
0x000000526cfdcd80:   000022393e06277b 0000000a656e6f4e 

Instructions: (pc=0x00007ff879b5e1a8)
0x00007ff879b5e0a8:   24 60 48 89 5c 24 68 4c 8d 44 24 68 48 8d 54 24
0x00007ff879b5e0b8:   60 48 8d 4c 24 58 e8 fd 5c 01 00 88 44 24 70 48
0x00007ff879b5e0c8:   8b 7c 24 58 84 c0 74 78 48 8b cf e8 78 02 02 00
0x00007ff879b5e0d8:   48 85 c0 74 6b 8b 80 98 00 00 00 48 c1 e8 11 24
0x00007ff879b5e0e8:   01 74 5d 88 5c 24 70 48 8b 5c 24 60 48 8b cb e8
0x00007ff879b5e0f8:   84 bc 02 00 48 85 c0 74 4c 48 8d 0c 03 48 83 39
0x00007ff879b5e108:   00 74 42 e8 70 53 01 00 48 8b 4c 24 48 4c 8b 01
0x00007ff879b5e118:   48 8b d0 41 ff 50 68 90 48 8d 4c 24 58 e8 e6 63
0x00007ff879b5e128:   01 00 90 80 7c 24 50 00 75 11 48 8b 4c 24 48 48
0x00007ff879b5e138:   8b 01 33 d2 ff 90 a0 00 00 00 90 e9 ac 00 00 00
0x00007ff879b5e148:   48 8b 5c 24 60 48 89 7c 24 30 48 89 5c 24 38 48
0x00007ff879b5e158:   8b 4c 24 48 48 8b 01 4c 8d 4c 24 30 4c 8b 86 80
0x00007ff879b5e168:   01 00 00 48 8b 96 e8 00 00 00 ff 90 20 01 00 00
0x00007ff879b5e178:   4c 8b f0 48 8d 4c 24 40 e8 9b 5b 00 00 48 8b 8e
0x00007ff879b5e188:   08 01 00 00 48 ff 07 4c 8d 0d 1a de 00 00 4c 8b
0x00007ff879b5e198:   c7 49 8b d6 e8 ef db 00 00 48 8b 8e 08 01 00 00
0x00007ff879b5e1a8:   48 ff 03 4c 8d 0d fe dd 00 00 4c 8b c3 49 8b d6
0x00007ff879b5e1b8:   e8 d3 db 00 00 c6 44 24 70 00 48 8b 4c 24 48 48
0x00007ff879b5e1c8:   8b 01 49 8b d6 ff 50 68 90 48 8d 4c 24 58 e8 35
0x00007ff879b5e1d8:   63 01 00 90 80 7c 24 50 00 75 11 48 8b 4c 24 48
0x00007ff879b5e1e8:   48 8b 01 33 d2 ff 90 a0 00 00 00 90 4c 8d 9c 24
0x00007ff879b5e1f8:   80 00 00 00 49 8b 5b 18 49 8b 73 20 49 8b 7b 28
0x00007ff879b5e208:   49 8b e3 41 5e c3 cc cc cc cc cc cc cc cc cc cc
0x00007ff879b5e218:   cc cc cc cc cc cc cc cc 48 8b c4 57 48 81 ec 00
0x00007ff879b5e228:   01 00 00 48 c7 40 a8 fe ff ff ff 48 89 58 10 48
0x00007ff879b5e238:   89 70 18 48 8b 05 ce 8d 06 00 48 33 c4 48 89 84
0x00007ff879b5e248:   24 f0 00 00 00 48 8b f9 48 8b 09 48 85 c9 75 1c
0x00007ff879b5e258:   48 8d 15 a1 96 03 00 48 8b 0d 8a 64 03 00 48 8b
0x00007ff879b5e268:   09 ff 15 29 65 03 00 e9 16 07 00 00 e8 e7 be ff
0x00007ff879b5e278:   ff 48 8b c8 48 8b 07 48 89 44 24 30 48 89 4c 24
0x00007ff879b5e288:   38 66 c7 44 24 40 00 00 48 85 c9 75 10 48 8b c8
0x00007ff879b5e298:   e8 c3 be ff ff 48 8b c8 48 89 44 24 38 48 8b 01 


Stack slot to memory mapping:
stack at sp + 0 slots: 0x0 is NULL
stack at sp + 1 slots: 0x0 is NULL
stack at sp + 2 slots: 0x000001eaf10f6940 points into unknown readable memory: 0x00007ff879ba5d58 | 58 5d ba 79 f8 7f 00 00
stack at sp + 3 slots: 0x00007ff877e81b50 python38.dll::_PyExc_KeyboardInterrupt + 0x0
stack at sp + 4 slots: 0xfffffffffffffffe is an unknown value
stack at sp + 5 slots: 0x00007ff877b818a9 python38.dll::PyThread_tss_get + 0x29
stack at sp + 6 slots: 0x00007ff877e81b50 python38.dll::_PyExc_KeyboardInterrupt + 0x0
stack at sp + 7 slots: 0x0 is NULL


---------------  P R O C E S S  ---------------

Threads class SMR info:
_java_thread_list=0x000001eb2ed52210, length=13, elements={
0x000001eaf9f24110, 0x000001eafa2be8e0, 0x000001eb0fd26050, 0x000001eb0fd319c0,
0x000001eb0fd33ef0, 0x000001eb0fd34410, 0x000001eb0fd36940, 0x000001eb0fd36e60,
0x000001eb0fd3b3d0, 0x000001eaf12f3260, 0x000001eb0fd0c8d0, 0x000001eaf12f17d0,
0x000001eaf12f2d10
}

Java Threads: ( => current thread )
=>0x000001eaf9f24110 JavaThread "main" [_thread_in_native, id=7452, stack(0x000000526ce00000,0x000000526cff0000)]
  0x000001eafa2be8e0 JavaThread "Reference Handler" daemon [_thread_blocked, id=22368, stack(0x000000526f6b0000,0x000000526f8a0000)]
  0x000001eb0fd26050 JavaThread "Finalizer" daemon [_thread_blocked, id=18324, stack(0x000000526f8a0000,0x000000526fa90000)]
  0x000001eb0fd319c0 JavaThread "Signal Dispatcher" daemon [_thread_blocked, id=5888, stack(0x000000526fa90000,0x000000526fc80000)]
  0x000001eb0fd33ef0 JavaThread "Attach Listener" daemon [_thread_blocked, id=18412, stack(0x000000526fc80000,0x000000526fe70000)]
  0x000001eb0fd34410 JavaThread "Service Thread" daemon [_thread_blocked, id=19812, stack(0x000000526fe70000,0x0000005270060000)]
  0x000001eb0fd36940 JavaThread "Monitor Deflation Thread" daemon [_thread_blocked, id=19988, stack(0x0000005270060000,0x0000005270250000)]
  0x000001eb0fd36e60 JavaThread "C2 CompilerThread0" daemon [_thread_blocked, id=11584, stack(0x0000005270250000,0x0000005270440000)]
  0x000001eb0fd3b3d0 JavaThread "C1 CompilerThread0" daemon [_thread_blocked, id=17136, stack(0x0000005270440000,0x0000005270630000)]
  0x000001eaf12f3260 JavaThread "Sweeper thread" daemon [_thread_blocked, id=22160, stack(0x0000005270630000,0x0000005270820000)]
  0x000001eb0fd0c8d0 JavaThread "Notification Thread" daemon [_thread_blocked, id=544, stack(0x0000005270820000,0x0000005270a10000)]
  0x000001eaf12f17d0 JavaThread "Common-Cleaner" daemon [_thread_blocked, id=3720, stack(0x0000005270c00000,0x0000005270df0000)]
  0x000001eaf12f2d10 JavaThread "Python Reference Queue" daemon [_thread_blocked, id=13368, stack(0x00000052711d0000,0x00000052713c0000)]

Other Threads:
  0x000001eaf0f75980 VMThread "VM Thread" [stack: 0x000000526f4c0000,0x000000526f6b0000] [id=22460]
  0x000001eaf9ba3590 WatcherThread [stack: 0x0000005270a10000,0x0000005270c00000] [id=21480]
  0x000001eaf9ec0ec0 GCTaskThread "GC Thread#0" [stack: 0x000000526eb10000,0x000000526ed00000] [id=18592]
  0x000001eaf9ec08a0 GCTaskThread "GC Thread#1" [stack: 0x00000052713c0000,0x00000052715b0000] [id=1408]
  0x000001eaf9ec1b00 GCTaskThread "GC Thread#2" [stack: 0x00000052715b0000,0x00000052717a0000] [id=12632]
  0x000001eaf9ec2430 GCTaskThread "GC Thread#3" [stack: 0x00000052717a0000,0x0000005271990000] [id=1476]
  0x000001eaf9ec2120 GCTaskThread "GC Thread#4" [stack: 0x0000005271990000,0x0000005271b80000] [id=20292]
  0x000001eaf9ec2a50 GCTaskThread "GC Thread#5" [stack: 0x0000005271b80000,0x0000005271d70000] [id=21040]
  0x000001eb2f8d8750 GCTaskThread "GC Thread#6" [stack: 0x0000005274240000,0x0000005274430000] [id=19164]
  0x000001eb2f8d8d70 GCTaskThread "GC Thread#7" [stack: 0x0000005274620000,0x0000005274810000] [id=9500]
  0x000001eb2f8d96a0 GCTaskThread "GC Thread#8" [stack: 0x0000005274de0000,0x0000005274fd0000] [id=22376]
  0x000001eb2f8d6ed0 GCTaskThread "GC Thread#9" [stack: 0x0000005274fd0000,0x00000052751c0000] [id=21968]
  0x000001eaf9f20f30 ConcurrentGCThread "G1 Main Marker" [stack: 0x000000526ed00000,0x000000526eef0000] [id=7392]
  0x000001eaf9ec17f0 ConcurrentGCThread "G1 Conc#0" [stack: 0x000000526eef0000,0x000000526f0e0000] [id=22396]
  0x000001eb2f8d7b10 ConcurrentGCThread "G1 Conc#1" [stack: 0x0000005274810000,0x0000005274a00000] [id=18624]
  0x000001eb2f8d99b0 ConcurrentGCThread "G1 Conc#2" [stack: 0x0000005274a00000,0x0000005274bf0000] [id=4724]
  0x000001eaf9db32a0 ConcurrentGCThread "G1 Refine#0" [stack: 0x000000526f0e0000,0x000000526f2d0000] [id=9396]
  0x000001eb2f948fa0 ConcurrentGCThread "G1 Refine#1" [stack: 0x0000005274430000,0x0000005274620000] [id=22204]
  0x000001eb2f94bd20 ConcurrentGCThread "G1 Refine#2" [stack: 0x0000005274bf0000,0x0000005274de0000] [id=21348]
  0x000001eaf9df4d60 ConcurrentGCThread "G1 Service" [stack: 0x000000526f2d0000,0x000000526f4c0000] [id=18420]

Threads with active compile tasks:

VM state: not at safepoint (normal execution)

VM Mutex/Monitor currently owned by a thread: None

Heap address: 0x00000000c0000000, size: 1024 MB, Compressed Oops mode: 32-bit

CDS archive(s) mapped at: [0x0000000800000000-0x0000000800bb0000-0x0000000800bb0000), size 12255232, SharedBaseAddress: 0x0000000800000000, ArchiveRelocationMode: 0.
Compressed class space mapped at: 0x0000000800c00000-0x0000000840c00000, reserved size: 1073741824
Narrow klass base: 0x0000000800000000, Narrow klass shift: 3, Narrow klass range: 0x100000000

GC Precious Log:
 CPUs: 12 total, 12 available
 Memory: 16223M
 Large Page Support: Disabled
 NUMA Support: Disabled
 Compressed Oops: Enabled (32-bit)
 Heap Region Size: 1M
 Heap Min Capacity: 8M
 Heap Initial Capacity: 254M
 Heap Max Capacity: 1G
 Pre-touch: Disabled
 Parallel Workers: 10
 Concurrent Workers: 3
 Concurrent Refinement Workers: 10
 Periodic GC: Disabled

Heap:
 garbage-first heap   total 270336K, used 137275K [0x00000000c0000000, 0x0000000100000000)
  region size 1024K, 59 young (60416K), 1 survivors (1024K)
 Metaspace       used 10318K, committed 10496K, reserved 1064960K
  class space    used 1497K, committed 1600K, reserved 1048576K

Heap Regions: E=young(eden), S=young(survivor), O=old, HS=humongous(starts), HC=humongous(continues), CS=collection set, F=free, OA=open archive, CA=closed archive, TAMS=top-at-mark-start (previous, next)
|   0|0x00000000c0000000, 0x00000000c00ffff0, 0x00000000c0100000| 99%| O|  |TAMS 0x00000000c0000000, 0x00000000c0000000| Untracked 
|   1|0x00000000c0100000, 0x00000000c0200000, 0x00000000c0200000|100%| O|  |TAMS 0x00000000c0100000, 0x00000000c0100000| Untracked 
|   2|0x00000000c0200000, 0x00000000c02ffff8, 0x00000000c0300000| 99%| O|  |TAMS 0x00000000c0200000, 0x00000000c0200000| Untracked 
|   3|0x00000000c0300000, 0x00000000c0400000, 0x00000000c0400000|100%| O|  |TAMS 0x00000000c0300000, 0x00000000c0300000| Untracked 
|   4|0x00000000c0400000, 0x00000000c04ffff0, 0x00000000c0500000| 99%| O|  |TAMS 0x00000000c0400000, 0x00000000c0400000| Untracked 
|   5|0x00000000c0500000, 0x00000000c0600000, 0x00000000c0600000|100%| O|  |TAMS 0x00000000c0500000, 0x00000000c0500000| Untracked 
|   6|0x00000000c0600000, 0x00000000c06ffff0, 0x00000000c0700000| 99%| O|  |TAMS 0x00000000c0600000, 0x00000000c0600000| Untracked 
|   7|0x00000000c0700000, 0x00000000c07ffff0, 0x00000000c0800000| 99%| O|  |TAMS 0x00000000c0700000, 0x00000000c0700000| Untracked 
|   8|0x00000000c0800000, 0x00000000c08ffff8, 0x00000000c0900000| 99%| O|  |TAMS 0x00000000c0800000, 0x00000000c0800000| Untracked 
|   9|0x00000000c0900000, 0x00000000c09ffff8, 0x00000000c0a00000| 99%| O|  |TAMS 0x00000000c0900000, 0x00000000c0900000| Untracked 
|  10|0x00000000c0a00000, 0x00000000c0affff8, 0x00000000c0b00000| 99%| O|  |TAMS 0x00000000c0a00000, 0x00000000c0a00000| Untracked 
|  11|0x00000000c0b00000, 0x00000000c0c00000, 0x00000000c0c00000|100%| O|  |TAMS 0x00000000c0b00000, 0x00000000c0b00000| Untracked 
|  12|0x00000000c0c00000, 0x00000000c0d00000, 0x00000000c0d00000|100%|HS|  |TAMS 0x00000000c0d00000, 0x00000000c0c00000| Untracked 
|  13|0x00000000c0d00000, 0x00000000c0e00000, 0x00000000c0e00000|100%|HC|  |TAMS 0x00000000c0e00000, 0x00000000c0d00000| Untracked 
|  14|0x00000000c0e00000, 0x00000000c0f00000, 0x00000000c0f00000|100%|HS|  |TAMS 0x00000000c0f00000, 0x00000000c0e00000| Untracked 
|  15|0x00000000c0f00000, 0x00000000c1000000, 0x00000000c1000000|100%|HC|  |TAMS 0x00000000c1000000, 0x00000000c0f00000| Untracked 
|  16|0x00000000c1000000, 0x00000000c10ffff0, 0x00000000c1100000| 99%| O|  |TAMS 0x00000000c1000000, 0x00000000c1000000| Untracked 
|  17|0x00000000c1100000, 0x00000000c11ffff8, 0x00000000c1200000| 99%| O|  |TAMS 0x00000000c1100000, 0x00000000c1100000| Untracked 
|  18|0x00000000c1200000, 0x00000000c12ffff0, 0x00000000c1300000| 99%| O|  |TAMS 0x00000000c1200000, 0x00000000c1200000| Untracked 
|  19|0x00000000c1300000, 0x00000000c13ffff0, 0x00000000c1400000| 99%| O|  |TAMS 0x00000000c1300000, 0x00000000c1300000| Untracked 
|  20|0x00000000c1400000, 0x00000000c1500000, 0x00000000c1500000|100%|HS|  |TAMS 0x00000000c1500000, 0x00000000c1400000| Untracked 
|  21|0x00000000c1500000, 0x00000000c15ffff8, 0x00000000c1600000| 99%| O|  |TAMS 0x00000000c1500000, 0x00000000c1500000| Untracked 
|  22|0x00000000c1600000, 0x00000000c16ffff0, 0x00000000c1700000| 99%| O|  |TAMS 0x00000000c1600000, 0x00000000c1600000| Untracked 
|  23|0x00000000c1700000, 0x00000000c17ffff0, 0x00000000c1800000| 99%| O|  |TAMS 0x00000000c1700000, 0x00000000c1700000| Untracked 
|  24|0x00000000c1800000, 0x00000000c1900000, 0x00000000c1900000|100%|HS|  |TAMS 0x00000000c1900000, 0x00000000c1800000| Untracked 
|  25|0x00000000c1900000, 0x00000000c1a00000, 0x00000000c1a00000|100%|HS|  |TAMS 0x00000000c1a00000, 0x00000000c1900000| Untracked 
|  26|0x00000000c1a00000, 0x00000000c1affff8, 0x00000000c1b00000| 99%| O|  |TAMS 0x00000000c1a00000, 0x00000000c1a00000| Untracked 
|  27|0x00000000c1b00000, 0x00000000c1c00000, 0x00000000c1c00000|100%| O|  |TAMS 0x00000000c1b00000, 0x00000000c1b00000| Untracked 
|  28|0x00000000c1c00000, 0x00000000c1cffff8, 0x00000000c1d00000| 99%| O|  |TAMS 0x00000000c1c00000, 0x00000000c1c00000| Untracked 
|  29|0x00000000c1d00000, 0x00000000c1dffff8, 0x00000000c1e00000| 99%| O|  |TAMS 0x00000000c1d00000, 0x00000000c1d00000| Untracked 
|  30|0x00000000c1e00000, 0x00000000c1effff8, 0x00000000c1f00000| 99%| O|  |TAMS 0x00000000c1e00000, 0x00000000c1e00000| Untracked 
|  31|0x00000000c1f00000, 0x00000000c2000000, 0x00000000c2000000|100%| O|  |TAMS 0x00000000c1f00000, 0x00000000c1f00000| Untracked 
|  32|0x00000000c2000000, 0x00000000c2100000, 0x00000000c2100000|100%| O|  |TAMS 0x00000000c2000000, 0x00000000c2000000| Untracked 
|  33|0x00000000c2100000, 0x00000000c2200000, 0x00000000c2200000|100%|HS|  |TAMS 0x00000000c2200000, 0x00000000c2100000| Untracked 
|  34|0x00000000c2200000, 0x00000000c2300000, 0x00000000c2300000|100%|HC|  |TAMS 0x00000000c2300000, 0x00000000c2200000| Untracked 
|  35|0x00000000c2300000, 0x00000000c2400000, 0x00000000c2400000|100%|HS|  |TAMS 0x00000000c2400000, 0x00000000c2300000| Untracked 
|  36|0x00000000c2400000, 0x00000000c2500000, 0x00000000c2500000|100%|HC|  |TAMS 0x00000000c2500000, 0x00000000c2400000| Untracked 
|  37|0x00000000c2500000, 0x00000000c2600000, 0x00000000c2600000|100%| O|  |TAMS 0x00000000c2500000, 0x00000000c2500000| Untracked 
|  38|0x00000000c2600000, 0x00000000c26ffff0, 0x00000000c2700000| 99%| O|  |TAMS 0x00000000c2600000, 0x00000000c2600000| Untracked 
|  39|0x00000000c2700000, 0x00000000c2800000, 0x00000000c2800000|100%|HS|  |TAMS 0x00000000c2800000, 0x00000000c2700000| Untracked 
|  40|0x00000000c2800000, 0x00000000c2900000, 0x00000000c2900000|100%|HC|  |TAMS 0x00000000c2900000, 0x00000000c2800000| Untracked 
|  41|0x00000000c2900000, 0x00000000c2a00000, 0x00000000c2a00000|100%|HS|  |TAMS 0x00000000c2a00000, 0x00000000c2900000| Untracked 
|  42|0x00000000c2a00000, 0x00000000c2b00000, 0x00000000c2b00000|100%|HC|  |TAMS 0x00000000c2b00000, 0x00000000c2a00000| Untracked 
|  43|0x00000000c2b00000, 0x00000000c2bfffe8, 0x00000000c2c00000| 99%| O|  |TAMS 0x00000000c2b00000, 0x00000000c2b00000| Untracked 
|  44|0x00000000c2c00000, 0x00000000c2cffff8, 0x00000000c2d00000| 99%| O|  |TAMS 0x00000000c2c00000, 0x00000000c2c00000| Untracked 
|  45|0x00000000c2d00000, 0x00000000c2e00000, 0x00000000c2e00000|100%| O|  |TAMS 0x00000000c2d00000, 0x00000000c2d00000| Untracked 
|  46|0x00000000c2e00000, 0x00000000c2effff0, 0x00000000c2f00000| 99%| O|  |TAMS 0x00000000c2e00000, 0x00000000c2e00000| Untracked 
|  47|0x00000000c2f00000, 0x00000000c2fffff0, 0x00000000c3000000| 99%| O|  |TAMS 0x00000000c2f00000, 0x00000000c2f00000| Untracked 
|  48|0x00000000c3000000, 0x00000000c3100000, 0x00000000c3100000|100%| O|  |TAMS 0x00000000c3000000, 0x00000000c3000000| Untracked 
|  49|0x00000000c3100000, 0x00000000c31ffff0, 0x00000000c3200000| 99%| O|  |TAMS 0x00000000c3100000, 0x00000000c3100000| Untracked 
|  50|0x00000000c3200000, 0x00000000c32ffff8, 0x00000000c3300000| 99%| O|  |TAMS 0x00000000c3200000, 0x00000000c3200000| Untracked 
|  51|0x00000000c3300000, 0x00000000c3400000, 0x00000000c3400000|100%| O|  |TAMS 0x00000000c3300000, 0x00000000c3300000| Untracked 
|  52|0x00000000c3400000, 0x00000000c34ffff8, 0x00000000c3500000| 99%| O|  |TAMS 0x00000000c3400000, 0x00000000c3400000| Untracked 
|  53|0x00000000c3500000, 0x00000000c3600000, 0x00000000c3600000|100%| O|  |TAMS 0x00000000c3500000, 0x00000000c3500000| Untracked 
|  54|0x00000000c3600000, 0x00000000c3700000, 0x00000000c3700000|100%| O|  |TAMS 0x00000000c3600000, 0x00000000c3600000| Untracked 
|  55|0x00000000c3700000, 0x00000000c37ffff8, 0x00000000c3800000| 99%| O|  |TAMS 0x00000000c3700000, 0x00000000c3700000| Untracked 
|  56|0x00000000c3800000, 0x00000000c38ffff0, 0x00000000c3900000| 99%| O|  |TAMS 0x00000000c3800000, 0x00000000c3800000| Untracked 
|  57|0x00000000c3900000, 0x00000000c39ffff8, 0x00000000c3a00000| 99%| O|  |TAMS 0x00000000c3900000, 0x00000000c3900000| Untracked 
|  58|0x00000000c3a00000, 0x00000000c3affff0, 0x00000000c3b00000| 99%| O|  |TAMS 0x00000000c3a00000, 0x00000000c3a00000| Untracked 
|  59|0x00000000c3b00000, 0x00000000c3bffff0, 0x00000000c3c00000| 99%| O|  |TAMS 0x00000000c3b00000, 0x00000000c3b00000| Untracked 
|  60|0x00000000c3c00000, 0x00000000c3cffff8, 0x00000000c3d00000| 99%| O|  |TAMS 0x00000000c3c00000, 0x00000000c3c00000| Untracked 
|  61|0x00000000c3d00000, 0x00000000c3dfffe8, 0x00000000c3e00000| 99%| O|  |TAMS 0x00000000c3d00000, 0x00000000c3d00000| Untracked 
|  62|0x00000000c3e00000, 0x00000000c3f00000, 0x00000000c3f00000|100%| O|  |TAMS 0x00000000c3e00000, 0x00000000c3e00000| Untracked 
|  63|0x00000000c3f00000, 0x00000000c3fffff0, 0x00000000c4000000| 99%| O|  |TAMS 0x00000000c3f00000, 0x00000000c3f00000| Untracked 
|  64|0x00000000c4000000, 0x00000000c40ffff0, 0x00000000c4100000| 99%| O|  |TAMS 0x00000000c4000000, 0x00000000c4000000| Untracked 
|  65|0x00000000c4100000, 0x00000000c41ffff8, 0x00000000c4200000| 99%| O|  |TAMS 0x00000000c4100000, 0x00000000c4100000| Untracked 
|  66|0x00000000c4200000, 0x00000000c42ffff8, 0x00000000c4300000| 99%| O|  |TAMS 0x00000000c4200000, 0x00000000c4200000| Untracked 
|  67|0x00000000c4300000, 0x00000000c4400000, 0x00000000c4400000|100%| O|  |TAMS 0x00000000c4300000, 0x00000000c4300000| Untracked 
|  68|0x00000000c4400000, 0x00000000c44ffff0, 0x00000000c4500000| 99%| O|  |TAMS 0x00000000c4400000, 0x00000000c4400000| Untracked 
|  69|0x00000000c4500000, 0x00000000c45ffff8, 0x00000000c4600000| 99%| O|  |TAMS 0x00000000c4500000, 0x00000000c4500000| Untracked 
|  70|0x00000000c4600000, 0x00000000c4700000, 0x00000000c4700000|100%| O|  |TAMS 0x00000000c4600000, 0x00000000c4600000| Untracked 
|  71|0x00000000c4700000, 0x00000000c47ffff8, 0x00000000c4800000| 99%| O|  |TAMS 0x00000000c4700000, 0x00000000c4700000| Untracked 
|  72|0x00000000c4800000, 0x00000000c48facb0, 0x00000000c4900000| 97%| O|  |TAMS 0x00000000c4800000, 0x00000000c4800000| Untracked 
|  73|0x00000000c4900000, 0x00000000c49ffff8, 0x00000000c4a00000| 99%| O|  |TAMS 0x00000000c4900000, 0x00000000c4900000| Untracked 
|  74|0x00000000c4a00000, 0x00000000c4afffe8, 0x00000000c4b00000| 99%| O|  |TAMS 0x00000000c4a00000, 0x00000000c4a00000| Untracked 
|  75|0x00000000c4b00000, 0x00000000c4bcf7e8, 0x00000000c4c00000| 81%| O|  |TAMS 0x00000000c4b00000, 0x00000000c4b00000| Untracked 
|  76|0x00000000c4c00000, 0x00000000c4c69b28, 0x00000000c4d00000| 41%| O|  |TAMS 0x00000000c4c00000, 0x00000000c4c00000| Untracked 
|  77|0x00000000c4d00000, 0x00000000c4dd4f50, 0x00000000c4e00000| 83%| O|  |TAMS 0x00000000c4d00000, 0x00000000c4d00000| Untracked 
|  78|0x00000000c4e00000, 0x00000000c4e00000, 0x00000000c4f00000|  0%| F|  |TAMS 0x00000000c4e00000, 0x00000000c4e00000| Untracked 
|  79|0x00000000c4f00000, 0x00000000c4f00000, 0x00000000c5000000|  0%| F|  |TAMS 0x00000000c4f00000, 0x00000000c4f00000| Untracked 
|  80|0x00000000c5000000, 0x00000000c5000000, 0x00000000c5100000|  0%| F|  |TAMS 0x00000000c5000000, 0x00000000c5000000| Untracked 
|  81|0x00000000c5100000, 0x00000000c5100000, 0x00000000c5200000|  0%| F|  |TAMS 0x00000000c5100000, 0x00000000c5100000| Untracked 
|  82|0x00000000c5200000, 0x00000000c5200000, 0x00000000c5300000|  0%| F|  |TAMS 0x00000000c5200000, 0x00000000c5200000| Untracked 
|  83|0x00000000c5300000, 0x00000000c5300000, 0x00000000c5400000|  0%| F|  |TAMS 0x00000000c5300000, 0x00000000c5300000| Untracked 
|  84|0x00000000c5400000, 0x00000000c5400000, 0x00000000c5500000|  0%| F|  |TAMS 0x00000000c5400000, 0x00000000c5400000| Untracked 
|  85|0x00000000c5500000, 0x00000000c5500000, 0x00000000c5600000|  0%| F|  |TAMS 0x00000000c5500000, 0x00000000c5500000| Untracked 
|  86|0x00000000c5600000, 0x00000000c5600000, 0x00000000c5700000|  0%| F|  |TAMS 0x00000000c5600000, 0x00000000c5600000| Untracked 
|  87|0x00000000c5700000, 0x00000000c5700000, 0x00000000c5800000|  0%| F|  |TAMS 0x00000000c5700000, 0x00000000c5700000| Untracked 
|  88|0x00000000c5800000, 0x00000000c5800000, 0x00000000c5900000|  0%| F|  |TAMS 0x00000000c5800000, 0x00000000c5800000| Untracked 
|  89|0x00000000c5900000, 0x00000000c5900000, 0x00000000c5a00000|  0%| F|  |TAMS 0x00000000c5900000, 0x00000000c5900000| Untracked 
|  90|0x00000000c5a00000, 0x00000000c5a00000, 0x00000000c5b00000|  0%| F|  |TAMS 0x00000000c5a00000, 0x00000000c5a00000| Untracked 
|  91|0x00000000c5b00000, 0x00000000c5b00000, 0x00000000c5c00000|  0%| F|  |TAMS 0x00000000c5b00000, 0x00000000c5b00000| Untracked 
|  92|0x00000000c5c00000, 0x00000000c5c00000, 0x00000000c5d00000|  0%| F|  |TAMS 0x00000000c5c00000, 0x00000000c5c00000| Untracked 
|  93|0x00000000c5d00000, 0x00000000c5d00000, 0x00000000c5e00000|  0%| F|  |TAMS 0x00000000c5d00000, 0x00000000c5d00000| Untracked 
|  94|0x00000000c5e00000, 0x00000000c5e00000, 0x00000000c5f00000|  0%| F|  |TAMS 0x00000000c5e00000, 0x00000000c5e00000| Untracked 
|  95|0x00000000c5f00000, 0x00000000c5f00000, 0x00000000c6000000|  0%| F|  |TAMS 0x00000000c5f00000, 0x00000000c5f00000| Untracked 
|  96|0x00000000c6000000, 0x00000000c6000000, 0x00000000c6100000|  0%| F|  |TAMS 0x00000000c6000000, 0x00000000c6000000| Untracked 
|  97|0x00000000c6100000, 0x00000000c6100000, 0x00000000c6200000|  0%| F|  |TAMS 0x00000000c6100000, 0x00000000c6100000| Untracked 
|  98|0x00000000c6200000, 0x00000000c6200000, 0x00000000c6300000|  0%| F|  |TAMS 0x00000000c6200000, 0x00000000c6200000| Untracked 
|  99|0x00000000c6300000, 0x00000000c6300000, 0x00000000c6400000|  0%| F|  |TAMS 0x00000000c6300000, 0x00000000c6300000| Untracked 
| 100|0x00000000c6400000, 0x00000000c6400000, 0x00000000c6500000|  0%| F|  |TAMS 0x00000000c6400000, 0x00000000c6400000| Untracked 
| 101|0x00000000c6500000, 0x00000000c6500000, 0x00000000c6600000|  0%| F|  |TAMS 0x00000000c6500000, 0x00000000c6500000| Untracked 
| 102|0x00000000c6600000, 0x00000000c6600000, 0x00000000c6700000|  0%| F|  |TAMS 0x00000000c6600000, 0x00000000c6600000| Untracked 
| 103|0x00000000c6700000, 0x00000000c6700000, 0x00000000c6800000|  0%| F|  |TAMS 0x00000000c6700000, 0x00000000c6700000| Untracked 
| 104|0x00000000c6800000, 0x00000000c6800000, 0x00000000c6900000|  0%| F|  |TAMS 0x00000000c6800000, 0x00000000c6800000| Untracked 
| 105|0x00000000c6900000, 0x00000000c6903870, 0x00000000c6a00000|  1%| S|CS|TAMS 0x00000000c6900000, 0x00000000c6900000| Complete 
| 106|0x00000000c6a00000, 0x00000000c6a00000, 0x00000000c6b00000|  0%| F|  |TAMS 0x00000000c6a00000, 0x00000000c6a00000| Untracked 
| 107|0x00000000c6b00000, 0x00000000c6b02980, 0x00000000c6c00000|  1%| O|  |TAMS 0x00000000c6b00000, 0x00000000c6b00000| Untracked 
| 108|0x00000000c6c00000, 0x00000000c6c00000, 0x00000000c6d00000|  0%| F|  |TAMS 0x00000000c6c00000, 0x00000000c6c00000| Untracked 
| 109|0x00000000c6d00000, 0x00000000c6d00000, 0x00000000c6e00000|  0%| F|  |TAMS 0x00000000c6d00000, 0x00000000c6d00000| Untracked 
| 110|0x00000000c6e00000, 0x00000000c6e00000, 0x00000000c6f00000|  0%| F|  |TAMS 0x00000000c6e00000, 0x00000000c6e00000| Untracked 
| 111|0x00000000c6f00000, 0x00000000c6f00000, 0x00000000c7000000|  0%| F|  |TAMS 0x00000000c6f00000, 0x00000000c6f00000| Untracked 
| 112|0x00000000c7000000, 0x00000000c7000000, 0x00000000c7100000|  0%| F|  |TAMS 0x00000000c7000000, 0x00000000c7000000| Untracked 
| 113|0x00000000c7100000, 0x00000000c7100000, 0x00000000c7200000|  0%| F|  |TAMS 0x00000000c7100000, 0x00000000c7100000| Untracked 
| 114|0x00000000c7200000, 0x00000000c7200000, 0x00000000c7300000|  0%| F|  |TAMS 0x00000000c7200000, 0x00000000c7200000| Untracked 
| 115|0x00000000c7300000, 0x00000000c7300000, 0x00000000c7400000|  0%| F|  |TAMS 0x00000000c7300000, 0x00000000c7300000| Untracked 
| 116|0x00000000c7400000, 0x00000000c7400000, 0x00000000c7500000|  0%| F|  |TAMS 0x00000000c7400000, 0x00000000c7400000| Untracked 
| 117|0x00000000c7500000, 0x00000000c7500000, 0x00000000c7600000|  0%| F|  |TAMS 0x00000000c7500000, 0x00000000c7500000| Untracked 
| 118|0x00000000c7600000, 0x00000000c7600000, 0x00000000c7700000|  0%| F|  |TAMS 0x00000000c7600000, 0x00000000c7600000| Untracked 
| 119|0x00000000c7700000, 0x00000000c7700000, 0x00000000c7800000|  0%| F|  |TAMS 0x00000000c7700000, 0x00000000c7700000| Untracked 
| 120|0x00000000c7800000, 0x00000000c7800000, 0x00000000c7900000|  0%| F|  |TAMS 0x00000000c7800000, 0x00000000c7800000| Untracked 
| 121|0x00000000c7900000, 0x00000000c7900000, 0x00000000c7a00000|  0%| F|  |TAMS 0x00000000c7900000, 0x00000000c7900000| Untracked 
| 122|0x00000000c7a00000, 0x00000000c7a00000, 0x00000000c7b00000|  0%| F|  |TAMS 0x00000000c7a00000, 0x00000000c7a00000| Untracked 
| 123|0x00000000c7b00000, 0x00000000c7b00000, 0x00000000c7c00000|  0%| F|  |TAMS 0x00000000c7b00000, 0x00000000c7b00000| Untracked 
| 124|0x00000000c7c00000, 0x00000000c7c00000, 0x00000000c7d00000|  0%| F|  |TAMS 0x00000000c7c00000, 0x00000000c7c00000| Untracked 
| 125|0x00000000c7d00000, 0x00000000c7d00000, 0x00000000c7e00000|  0%| F|  |TAMS 0x00000000c7d00000, 0x00000000c7d00000| Untracked 
| 126|0x00000000c7e00000, 0x00000000c7e00000, 0x00000000c7f00000|  0%| F|  |TAMS 0x00000000c7e00000, 0x00000000c7e00000| Untracked 
| 127|0x00000000c7f00000, 0x00000000c7f00000, 0x00000000c8000000|  0%| F|  |TAMS 0x00000000c7f00000, 0x00000000c7f00000| Untracked 
| 128|0x00000000c8000000, 0x00000000c8000000, 0x00000000c8100000|  0%| F|  |TAMS 0x00000000c8000000, 0x00000000c8000000| Untracked 
| 129|0x00000000c8100000, 0x00000000c8100000, 0x00000000c8200000|  0%| F|  |TAMS 0x00000000c8100000, 0x00000000c8100000| Untracked 
| 130|0x00000000c8200000, 0x00000000c8200000, 0x00000000c8300000|  0%| F|  |TAMS 0x00000000c8200000, 0x00000000c8200000| Untracked 
| 131|0x00000000c8300000, 0x00000000c8300000, 0x00000000c8400000|  0%| F|  |TAMS 0x00000000c8300000, 0x00000000c8300000| Untracked 
| 132|0x00000000c8400000, 0x00000000c8400000, 0x00000000c8500000|  0%| F|  |TAMS 0x00000000c8400000, 0x00000000c8400000| Untracked 
| 133|0x00000000c8500000, 0x00000000c8500000, 0x00000000c8600000|  0%| F|  |TAMS 0x00000000c8500000, 0x00000000c8500000| Untracked 
| 134|0x00000000c8600000, 0x00000000c8600000, 0x00000000c8700000|  0%| F|  |TAMS 0x00000000c8600000, 0x00000000c8600000| Untracked 
| 135|0x00000000c8700000, 0x00000000c8700000, 0x00000000c8800000|  0%| F|  |TAMS 0x00000000c8700000, 0x00000000c8700000| Untracked 
| 136|0x00000000c8800000, 0x00000000c8800000, 0x00000000c8900000|  0%| F|  |TAMS 0x00000000c8800000, 0x00000000c8800000| Untracked 
| 137|0x00000000c8900000, 0x00000000c8900000, 0x00000000c8a00000|  0%| F|  |TAMS 0x00000000c8900000, 0x00000000c8900000| Untracked 
| 138|0x00000000c8a00000, 0x00000000c8a00000, 0x00000000c8b00000|  0%| F|  |TAMS 0x00000000c8a00000, 0x00000000c8a00000| Untracked 
| 139|0x00000000c8b00000, 0x00000000c8b00000, 0x00000000c8c00000|  0%| F|  |TAMS 0x00000000c8b00000, 0x00000000c8b00000| Untracked 
| 140|0x00000000c8c00000, 0x00000000c8c00000, 0x00000000c8d00000|  0%| F|  |TAMS 0x00000000c8c00000, 0x00000000c8c00000| Untracked 
| 141|0x00000000c8d00000, 0x00000000c8d00000, 0x00000000c8e00000|  0%| F|  |TAMS 0x00000000c8d00000, 0x00000000c8d00000| Untracked 
| 142|0x00000000c8e00000, 0x00000000c8e00000, 0x00000000c8f00000|  0%| F|  |TAMS 0x00000000c8e00000, 0x00000000c8e00000| Untracked 
| 143|0x00000000c8f00000, 0x00000000c8f00000, 0x00000000c9000000|  0%| F|  |TAMS 0x00000000c8f00000, 0x00000000c8f00000| Untracked 
| 144|0x00000000c9000000, 0x00000000c9000000, 0x00000000c9100000|  0%| F|  |TAMS 0x00000000c9000000, 0x00000000c9000000| Untracked 
| 145|0x00000000c9100000, 0x00000000c9100000, 0x00000000c9200000|  0%| F|  |TAMS 0x00000000c9100000, 0x00000000c9100000| Untracked 
| 146|0x00000000c9200000, 0x00000000c9200000, 0x00000000c9300000|  0%| F|  |TAMS 0x00000000c9200000, 0x00000000c9200000| Untracked 
| 147|0x00000000c9300000, 0x00000000c9300000, 0x00000000c9400000|  0%| F|  |TAMS 0x00000000c9300000, 0x00000000c9300000| Untracked 
| 148|0x00000000c9400000, 0x00000000c9400000, 0x00000000c9500000|  0%| F|  |TAMS 0x00000000c9400000, 0x00000000c9400000| Untracked 
| 149|0x00000000c9500000, 0x00000000c9500000, 0x00000000c9600000|  0%| F|  |TAMS 0x00000000c9500000, 0x00000000c9500000| Untracked 
| 150|0x00000000c9600000, 0x00000000c9600000, 0x00000000c9700000|  0%| F|  |TAMS 0x00000000c9600000, 0x00000000c9600000| Untracked 
| 151|0x00000000c9700000, 0x00000000c9700000, 0x00000000c9800000|  0%| F|  |TAMS 0x00000000c9700000, 0x00000000c9700000| Untracked 
| 152|0x00000000c9800000, 0x00000000c9800000, 0x00000000c9900000|  0%| F|  |TAMS 0x00000000c9800000, 0x00000000c9800000| Untracked 
| 153|0x00000000c9900000, 0x00000000c9900000, 0x00000000c9a00000|  0%| F|  |TAMS 0x00000000c9900000, 0x00000000c9900000| Untracked 
| 154|0x00000000c9a00000, 0x00000000c9a00000, 0x00000000c9b00000|  0%| F|  |TAMS 0x00000000c9a00000, 0x00000000c9a00000| Untracked 
| 155|0x00000000c9b00000, 0x00000000c9b00000, 0x00000000c9c00000|  0%| F|  |TAMS 0x00000000c9b00000, 0x00000000c9b00000| Untracked 
| 156|0x00000000c9c00000, 0x00000000c9c00000, 0x00000000c9d00000|  0%| F|  |TAMS 0x00000000c9c00000, 0x00000000c9c00000| Untracked 
| 157|0x00000000c9d00000, 0x00000000c9d00000, 0x00000000c9e00000|  0%| F|  |TAMS 0x00000000c9d00000, 0x00000000c9d00000| Untracked 
| 158|0x00000000c9e00000, 0x00000000c9e00000, 0x00000000c9f00000|  0%| F|  |TAMS 0x00000000c9e00000, 0x00000000c9e00000| Untracked 
| 159|0x00000000c9f00000, 0x00000000c9f00000, 0x00000000ca000000|  0%| F|  |TAMS 0x00000000c9f00000, 0x00000000c9f00000| Untracked 
| 160|0x00000000ca000000, 0x00000000ca000000, 0x00000000ca100000|  0%| F|  |TAMS 0x00000000ca000000, 0x00000000ca000000| Untracked 
| 161|0x00000000ca100000, 0x00000000ca100000, 0x00000000ca200000|  0%| F|  |TAMS 0x00000000ca100000, 0x00000000ca100000| Untracked 
| 162|0x00000000ca200000, 0x00000000ca200000, 0x00000000ca300000|  0%| F|  |TAMS 0x00000000ca200000, 0x00000000ca200000| Untracked 
| 163|0x00000000ca300000, 0x00000000ca300000, 0x00000000ca400000|  0%| F|  |TAMS 0x00000000ca300000, 0x00000000ca300000| Untracked 
| 164|0x00000000ca400000, 0x00000000ca400000, 0x00000000ca500000|  0%| F|  |TAMS 0x00000000ca400000, 0x00000000ca400000| Untracked 
| 165|0x00000000ca500000, 0x00000000ca500000, 0x00000000ca600000|  0%| F|  |TAMS 0x00000000ca500000, 0x00000000ca500000| Untracked 
| 166|0x00000000ca600000, 0x00000000ca600000, 0x00000000ca700000|  0%| F|  |TAMS 0x00000000ca600000, 0x00000000ca600000| Untracked 
| 167|0x00000000ca700000, 0x00000000ca700000, 0x00000000ca800000|  0%| F|  |TAMS 0x00000000ca700000, 0x00000000ca700000| Untracked 
| 168|0x00000000ca800000, 0x00000000ca800000, 0x00000000ca900000|  0%| F|  |TAMS 0x00000000ca800000, 0x00000000ca800000| Untracked 
| 169|0x00000000ca900000, 0x00000000ca900000, 0x00000000caa00000|  0%| F|  |TAMS 0x00000000ca900000, 0x00000000ca900000| Untracked 
| 170|0x00000000caa00000, 0x00000000caa00000, 0x00000000cab00000|  0%| F|  |TAMS 0x00000000caa00000, 0x00000000caa00000| Untracked 
| 171|0x00000000cab00000, 0x00000000cab00000, 0x00000000cac00000|  0%| F|  |TAMS 0x00000000cab00000, 0x00000000cab00000| Untracked 
| 172|0x00000000cac00000, 0x00000000cac00000, 0x00000000cad00000|  0%| F|  |TAMS 0x00000000cac00000, 0x00000000cac00000| Untracked 
| 173|0x00000000cad00000, 0x00000000cad00000, 0x00000000cae00000|  0%| F|  |TAMS 0x00000000cad00000, 0x00000000cad00000| Untracked 
| 174|0x00000000cae00000, 0x00000000cae00000, 0x00000000caf00000|  0%| F|  |TAMS 0x00000000cae00000, 0x00000000cae00000| Untracked 
| 175|0x00000000caf00000, 0x00000000caf00000, 0x00000000cb000000|  0%| F|  |TAMS 0x00000000caf00000, 0x00000000caf00000| Untracked 
| 176|0x00000000cb000000, 0x00000000cb000000, 0x00000000cb100000|  0%| F|  |TAMS 0x00000000cb000000, 0x00000000cb000000| Untracked 
| 177|0x00000000cb100000, 0x00000000cb100000, 0x00000000cb200000|  0%| F|  |TAMS 0x00000000cb100000, 0x00000000cb100000| Untracked 
| 178|0x00000000cb200000, 0x00000000cb200000, 0x00000000cb300000|  0%| F|  |TAMS 0x00000000cb200000, 0x00000000cb200000| Untracked 
| 179|0x00000000cb300000, 0x00000000cb300000, 0x00000000cb400000|  0%| F|  |TAMS 0x00000000cb300000, 0x00000000cb300000| Untracked 
| 180|0x00000000cb400000, 0x00000000cb400000, 0x00000000cb500000|  0%| F|  |TAMS 0x00000000cb400000, 0x00000000cb400000| Untracked 
| 181|0x00000000cb500000, 0x00000000cb500000, 0x00000000cb600000|  0%| F|  |TAMS 0x00000000cb500000, 0x00000000cb500000| Untracked 
| 182|0x00000000cb600000, 0x00000000cb600000, 0x00000000cb700000|  0%| F|  |TAMS 0x00000000cb600000, 0x00000000cb600000| Untracked 
| 183|0x00000000cb700000, 0x00000000cb700000, 0x00000000cb800000|  0%| F|  |TAMS 0x00000000cb700000, 0x00000000cb700000| Untracked 
| 184|0x00000000cb800000, 0x00000000cb800000, 0x00000000cb900000|  0%| F|  |TAMS 0x00000000cb800000, 0x00000000cb800000| Untracked 
| 185|0x00000000cb900000, 0x00000000cb900000, 0x00000000cba00000|  0%| F|  |TAMS 0x00000000cb900000, 0x00000000cb900000| Untracked 
| 186|0x00000000cba00000, 0x00000000cba00000, 0x00000000cbb00000|  0%| F|  |TAMS 0x00000000cba00000, 0x00000000cba00000| Untracked 
| 187|0x00000000cbb00000, 0x00000000cbb00000, 0x00000000cbc00000|  0%| F|  |TAMS 0x00000000cbb00000, 0x00000000cbb00000| Untracked 
| 188|0x00000000cbc00000, 0x00000000cbc00000, 0x00000000cbd00000|  0%| F|  |TAMS 0x00000000cbc00000, 0x00000000cbc00000| Untracked 
| 189|0x00000000cbd00000, 0x00000000cbd00000, 0x00000000cbe00000|  0%| F|  |TAMS 0x00000000cbd00000, 0x00000000cbd00000| Untracked 
| 190|0x00000000cbe00000, 0x00000000cbe00000, 0x00000000cbf00000|  0%| F|  |TAMS 0x00000000cbe00000, 0x00000000cbe00000| Untracked 
| 191|0x00000000cbf00000, 0x00000000cbf00000, 0x00000000cc000000|  0%| F|  |TAMS 0x00000000cbf00000, 0x00000000cbf00000| Untracked 
| 192|0x00000000cc000000, 0x00000000cc000000, 0x00000000cc100000|  0%| F|  |TAMS 0x00000000cc000000, 0x00000000cc000000| Untracked 
| 193|0x00000000cc100000, 0x00000000cc100000, 0x00000000cc200000|  0%| F|  |TAMS 0x00000000cc100000, 0x00000000cc100000| Untracked 
| 194|0x00000000cc200000, 0x00000000cc200000, 0x00000000cc300000|  0%| F|  |TAMS 0x00000000cc200000, 0x00000000cc200000| Untracked 
| 195|0x00000000cc300000, 0x00000000cc300000, 0x00000000cc400000|  0%| F|  |TAMS 0x00000000cc300000, 0x00000000cc300000| Untracked 
| 196|0x00000000cc400000, 0x00000000cc400000, 0x00000000cc500000|  0%| F|  |TAMS 0x00000000cc400000, 0x00000000cc400000| Untracked 
| 197|0x00000000cc500000, 0x00000000cc500000, 0x00000000cc600000|  0%| F|  |TAMS 0x00000000cc500000, 0x00000000cc500000| Untracked 
| 198|0x00000000cc600000, 0x00000000cc600000, 0x00000000cc700000|  0%| F|  |TAMS 0x00000000cc600000, 0x00000000cc600000| Untracked 
| 199|0x00000000cc700000, 0x00000000cc700000, 0x00000000cc800000|  0%| F|  |TAMS 0x00000000cc700000, 0x00000000cc700000| Untracked 
| 200|0x00000000cc800000, 0x00000000cc800000, 0x00000000cc900000|  0%| F|  |TAMS 0x00000000cc800000, 0x00000000cc800000| Untracked 
| 201|0x00000000cc900000, 0x00000000cc900000, 0x00000000cca00000|  0%| F|  |TAMS 0x00000000cc900000, 0x00000000cc900000| Untracked 
| 202|0x00000000cca00000, 0x00000000cca00000, 0x00000000ccb00000|  0%| F|  |TAMS 0x00000000cca00000, 0x00000000cca00000| Untracked 
| 203|0x00000000ccb00000, 0x00000000ccb00000, 0x00000000ccc00000|  0%| F|  |TAMS 0x00000000ccb00000, 0x00000000ccb00000| Untracked 
| 204|0x00000000ccc00000, 0x00000000ccc00000, 0x00000000ccd00000|  0%| F|  |TAMS 0x00000000ccc00000, 0x00000000ccc00000| Untracked 
| 205|0x00000000ccd00000, 0x00000000ccd00000, 0x00000000cce00000|  0%| F|  |TAMS 0x00000000ccd00000, 0x00000000ccd00000| Untracked 
| 206|0x00000000cce00000, 0x00000000ccf00000, 0x00000000ccf00000|100%| E|  |TAMS 0x00000000cce00000, 0x00000000cce00000| Complete 
| 207|0x00000000ccf00000, 0x00000000cd000000, 0x00000000cd000000|100%| E|CS|TAMS 0x00000000ccf00000, 0x00000000ccf00000| Complete 
| 208|0x00000000cd000000, 0x00000000cd100000, 0x00000000cd100000|100%| E|CS|TAMS 0x00000000cd000000, 0x00000000cd000000| Complete 
| 209|0x00000000cd100000, 0x00000000cd200000, 0x00000000cd200000|100%| E|CS|TAMS 0x00000000cd100000, 0x00000000cd100000| Complete 
| 210|0x00000000cd200000, 0x00000000cd300000, 0x00000000cd300000|100%| E|CS|TAMS 0x00000000cd200000, 0x00000000cd200000| Complete 
| 211|0x00000000cd300000, 0x00000000cd400000, 0x00000000cd400000|100%| E|CS|TAMS 0x00000000cd300000, 0x00000000cd300000| Complete 
| 212|0x00000000cd400000, 0x00000000cd500000, 0x00000000cd500000|100%| E|CS|TAMS 0x00000000cd400000, 0x00000000cd400000| Complete 
| 213|0x00000000cd500000, 0x00000000cd600000, 0x00000000cd600000|100%| E|CS|TAMS 0x00000000cd500000, 0x00000000cd500000| Complete 
| 214|0x00000000cd600000, 0x00000000cd700000, 0x00000000cd700000|100%| E|CS|TAMS 0x00000000cd600000, 0x00000000cd600000| Complete 
| 215|0x00000000cd700000, 0x00000000cd800000, 0x00000000cd800000|100%| E|CS|TAMS 0x00000000cd700000, 0x00000000cd700000| Complete 
| 216|0x00000000cd800000, 0x00000000cd900000, 0x00000000cd900000|100%| E|CS|TAMS 0x00000000cd800000, 0x00000000cd800000| Complete 
| 217|0x00000000cd900000, 0x00000000cda00000, 0x00000000cda00000|100%| E|CS|TAMS 0x00000000cd900000, 0x00000000cd900000| Complete 
| 218|0x00000000cda00000, 0x00000000cdb00000, 0x00000000cdb00000|100%| E|CS|TAMS 0x00000000cda00000, 0x00000000cda00000| Complete 
| 219|0x00000000cdb00000, 0x00000000cdc00000, 0x00000000cdc00000|100%| E|CS|TAMS 0x00000000cdb00000, 0x00000000cdb00000| Complete 
| 220|0x00000000cdc00000, 0x00000000cdd00000, 0x00000000cdd00000|100%| E|CS|TAMS 0x00000000cdc00000, 0x00000000cdc00000| Complete 
| 221|0x00000000cdd00000, 0x00000000cde00000, 0x00000000cde00000|100%| E|CS|TAMS 0x00000000cdd00000, 0x00000000cdd00000| Complete 
| 222|0x00000000cde00000, 0x00000000cdf00000, 0x00000000cdf00000|100%| E|CS|TAMS 0x00000000cde00000, 0x00000000cde00000| Complete 
| 223|0x00000000cdf00000, 0x00000000ce000000, 0x00000000ce000000|100%| E|CS|TAMS 0x00000000cdf00000, 0x00000000cdf00000| Complete 
| 224|0x00000000ce000000, 0x00000000ce100000, 0x00000000ce100000|100%| E|CS|TAMS 0x00000000ce000000, 0x00000000ce000000| Complete 
| 225|0x00000000ce100000, 0x00000000ce200000, 0x00000000ce200000|100%| E|CS|TAMS 0x00000000ce100000, 0x00000000ce100000| Complete 
| 226|0x00000000ce200000, 0x00000000ce300000, 0x00000000ce300000|100%| E|CS|TAMS 0x00000000ce200000, 0x00000000ce200000| Complete 
| 227|0x00000000ce300000, 0x00000000ce400000, 0x00000000ce400000|100%| E|CS|TAMS 0x00000000ce300000, 0x00000000ce300000| Complete 
| 228|0x00000000ce400000, 0x00000000ce500000, 0x00000000ce500000|100%| E|CS|TAMS 0x00000000ce400000, 0x00000000ce400000| Complete 
| 229|0x00000000ce500000, 0x00000000ce600000, 0x00000000ce600000|100%| E|CS|TAMS 0x00000000ce500000, 0x00000000ce500000| Complete 
| 230|0x00000000ce600000, 0x00000000ce700000, 0x00000000ce700000|100%| E|CS|TAMS 0x00000000ce600000, 0x00000000ce600000| Complete 
| 231|0x00000000ce700000, 0x00000000ce800000, 0x00000000ce800000|100%| E|CS|TAMS 0x00000000ce700000, 0x00000000ce700000| Complete 
| 232|0x00000000ce800000, 0x00000000ce900000, 0x00000000ce900000|100%| E|CS|TAMS 0x00000000ce800000, 0x00000000ce800000| Complete 
| 233|0x00000000ce900000, 0x00000000cea00000, 0x00000000cea00000|100%| E|CS|TAMS 0x00000000ce900000, 0x00000000ce900000| Complete 
| 234|0x00000000cea00000, 0x00000000ceb00000, 0x00000000ceb00000|100%| E|CS|TAMS 0x00000000cea00000, 0x00000000cea00000| Complete 
| 235|0x00000000ceb00000, 0x00000000cec00000, 0x00000000cec00000|100%| E|CS|TAMS 0x00000000ceb00000, 0x00000000ceb00000| Complete 
| 236|0x00000000cec00000, 0x00000000ced00000, 0x00000000ced00000|100%| E|CS|TAMS 0x00000000cec00000, 0x00000000cec00000| Complete 
| 237|0x00000000ced00000, 0x00000000cee00000, 0x00000000cee00000|100%| E|CS|TAMS 0x00000000ced00000, 0x00000000ced00000| Complete 
| 238|0x00000000cee00000, 0x00000000cef00000, 0x00000000cef00000|100%| E|CS|TAMS 0x00000000cee00000, 0x00000000cee00000| Complete 
| 239|0x00000000cef00000, 0x00000000cf000000, 0x00000000cf000000|100%| E|CS|TAMS 0x00000000cef00000, 0x00000000cef00000| Complete 
| 240|0x00000000cf000000, 0x00000000cf100000, 0x00000000cf100000|100%| E|CS|TAMS 0x00000000cf000000, 0x00000000cf000000| Complete 
| 241|0x00000000cf100000, 0x00000000cf200000, 0x00000000cf200000|100%| E|CS|TAMS 0x00000000cf100000, 0x00000000cf100000| Complete 
| 242|0x00000000cf200000, 0x00000000cf300000, 0x00000000cf300000|100%| E|CS|TAMS 0x00000000cf200000, 0x00000000cf200000| Complete 
| 243|0x00000000cf300000, 0x00000000cf400000, 0x00000000cf400000|100%| E|CS|TAMS 0x00000000cf300000, 0x00000000cf300000| Complete 
| 244|0x00000000cf400000, 0x00000000cf500000, 0x00000000cf500000|100%| E|CS|TAMS 0x00000000cf400000, 0x00000000cf400000| Complete 
| 245|0x00000000cf500000, 0x00000000cf600000, 0x00000000cf600000|100%| E|CS|TAMS 0x00000000cf500000, 0x00000000cf500000| Complete 
| 246|0x00000000cf600000, 0x00000000cf700000, 0x00000000cf700000|100%| E|CS|TAMS 0x00000000cf600000, 0x00000000cf600000| Complete 
| 247|0x00000000cf700000, 0x00000000cf800000, 0x00000000cf800000|100%| E|CS|TAMS 0x00000000cf700000, 0x00000000cf700000| Complete 
| 248|0x00000000cf800000, 0x00000000cf900000, 0x00000000cf900000|100%| E|CS|TAMS 0x00000000cf800000, 0x00000000cf800000| Complete 
| 249|0x00000000cf900000, 0x00000000cfa00000, 0x00000000cfa00000|100%| E|CS|TAMS 0x00000000cf900000, 0x00000000cf900000| Complete 
| 250|0x00000000cfa00000, 0x00000000cfb00000, 0x00000000cfb00000|100%| E|CS|TAMS 0x00000000cfa00000, 0x00000000cfa00000| Complete 
| 251|0x00000000cfb00000, 0x00000000cfc00000, 0x00000000cfc00000|100%| E|CS|TAMS 0x00000000cfb00000, 0x00000000cfb00000| Complete 
| 252|0x00000000cfc00000, 0x00000000cfd00000, 0x00000000cfd00000|100%| E|CS|TAMS 0x00000000cfc00000, 0x00000000cfc00000| Complete 
| 253|0x00000000cfd00000, 0x00000000cfe00000, 0x00000000cfe00000|100%| E|CS|TAMS 0x00000000cfd00000, 0x00000000cfd00000| Complete 
| 254|0x00000000cfe00000, 0x00000000cff00000, 0x00000000cff00000|100%| E|CS|TAMS 0x00000000cfe00000, 0x00000000cfe00000| Complete 
| 255|0x00000000cff00000, 0x00000000d0000000, 0x00000000d0000000|100%| E|CS|TAMS 0x00000000cff00000, 0x00000000cff00000| Complete 
| 256|0x00000000d0000000, 0x00000000d0100000, 0x00000000d0100000|100%| E|CS|TAMS 0x00000000d0000000, 0x00000000d0000000| Complete 
| 257|0x00000000d0100000, 0x00000000d0200000, 0x00000000d0200000|100%| E|CS|TAMS 0x00000000d0100000, 0x00000000d0100000| Complete 
| 258|0x00000000d0200000, 0x00000000d0300000, 0x00000000d0300000|100%| E|CS|TAMS 0x00000000d0200000, 0x00000000d0200000| Complete 
| 259|0x00000000d0300000, 0x00000000d0400000, 0x00000000d0400000|100%| E|CS|TAMS 0x00000000d0300000, 0x00000000d0300000| Complete 
| 260|0x00000000d0400000, 0x00000000d0500000, 0x00000000d0500000|100%| E|CS|TAMS 0x00000000d0400000, 0x00000000d0400000| Complete 
| 261|0x00000000d0500000, 0x00000000d0600000, 0x00000000d0600000|100%| E|CS|TAMS 0x00000000d0500000, 0x00000000d0500000| Complete 
| 262|0x00000000d0600000, 0x00000000d0700000, 0x00000000d0700000|100%| E|CS|TAMS 0x00000000d0600000, 0x00000000d0600000| Complete 
| 263|0x00000000d0700000, 0x00000000d0800000, 0x00000000d0800000|100%| E|CS|TAMS 0x00000000d0700000, 0x00000000d0700000| Complete 

Card table byte_map: [0x000001eb0ad00000,0x000001eb0af00000] _byte_map_base: 0x000001eb0a700000

Marking Bits (Prev, Next): (CMBitMap*) 0x000001eafa19def0, (CMBitMap*) 0x000001eafa19deb0
 Prev Bits: [0x000001eb0c100000, 0x000001eb0d100000)
 Next Bits: [0x000001eb0b100000, 0x000001eb0c100000)

Polling page: 0x000001eafae40000

Metaspace:

Usage:
  Non-class:      8.61 MB used.
      Class:      1.46 MB used.
       Both:     10.08 MB used.

Virtual space:
  Non-class space:       16.00 MB reserved,       8.69 MB ( 54%) committed,  2 nodes.
      Class space:        1.00 GB reserved,       1.56 MB ( <1%) committed,  1 nodes.
              Both:        1.02 GB reserved,      10.25 MB ( <1%) committed. 

Chunk freelists:
   Non-Class:  2.08 MB
       Class:  2.47 MB
        Both:  4.55 MB

MaxMetaspaceSize: 17179869184.00 GB
CompressedClassSpaceSize: 1.00 GB
 - commit_granule_bytes: 65536.
 - commit_granule_words: 8192.
 - virtual_space_node_default_size: 1048576.
 - enlarge_chunks_in_place: 1.
 - new_chunks_are_fully_committed: 0.
 - uncommit_free_chunks: 1.
 - use_allocation_guard: 0.
 - handle_deallocations: 1.


Internal statistics:

num_allocs_failed_limit: 0.
num_arena_births: 96.
num_arena_deaths: 0.
num_vsnodes_births: 3.
num_vsnodes_deaths: 0.
num_space_committed: 164.
num_space_uncommitted: 0.
num_chunks_returned_to_freelist: 0.
num_chunks_taken_from_freelist: 405.
num_chunk_merges: 0.
num_chunk_splits: 292.
num_chunks_enlarged: 242.
num_purges: 0.

CodeHeap 'non-profiled nmethods': size=120000Kb used=2775Kb max_used=2795Kb free=117224Kb
 bounds [0x000001eb02930000, 0x000001eb02c10000, 0x000001eb09e60000]
CodeHeap 'profiled nmethods': size=120000Kb used=4031Kb max_used=6393Kb free=115968Kb
 bounds [0x000001eafb400000, 0x000001eafba40000, 0x000001eb02930000]
CodeHeap 'non-nmethods': size=5760Kb used=1168Kb max_used=1312Kb free=4591Kb
 bounds [0x000001eafae60000, 0x000001eafb0d0000, 0x000001eafb400000]
 total_blobs=3401 nmethods=2954 adapters=358
 compilation: enabled
              stopped_count=0, restarted_count=0
 full_count=0

Compilation events (20 events):
Event: 7.577 Thread 0x000001eb0fd36e60 3922       4       scala.collection.immutable.Vector::last (29 bytes)
Event: 7.578 Thread 0x000001eb0fd36e60 nmethod 3922 0x000001eb02966a10 code [0x000001eb02966ba0, 0x000001eb02966cf8]
Event: 7.670 Thread 0x000001eb0fd3b3d0 3923       3       java.util.regex.Pattern$Behind::match (137 bytes)
Event: 7.670 Thread 0x000001eb0fd3b3d0 nmethod 3923 0x000001eafb8e0b90 code [0x000001eafb8e0d80, 0x000001eafb8e1398]
Event: 7.782 Thread 0x000001eb0fd36e60 3924       4       scala.collection.IterableLike$$Lambda$74/0x0000000800d24d18::apply (13 bytes)
Event: 7.786 Thread 0x000001eb0fd36e60 nmethod 3924 0x000001eb02965c10 code [0x000001eb02965dc0, 0x000001eb02966428]
Event: 7.786 Thread 0x000001eb0fd36e60 3925       4       scala.collection.IterableLike::$anonfun$zipWithIndex$1 (33 bytes)
Event: 7.790 Thread 0x000001eb0fd36e60 nmethod 3925 0x000001eb02a33490 code [0x000001eb02a33640, 0x000001eb02a33c28]
Event: 7.856 Thread 0x000001eb0fd36e60 3926       4       org.openkoreantext.processor.util.KoreanSubstantive$::$anonfun$isKoreanNameVariation$2 (213 bytes)
Event: 7.870 Thread 0x000001eb0fd36e60 nmethod 3926 0x000001eb02a13a10 code [0x000001eb02a13d20, 0x000001eb02a15010]
Event: 7.870 Thread 0x000001eb0fd36e60 3927       4       org.openkoreantext.processor.util.KoreanSubstantive$$$Lambda$149/0x0000000800d84670::apply (16 bytes)
Event: 7.871 Thread 0x000001eb0fd36e60 nmethod 3927 0x000001eb02a32f90 code [0x000001eb02a33140, 0x000001eb02a332c8]
Event: 7.919 Thread 0x000001eb0fd36e60 3928       4       kr.lucypark.okt.OktInterface::tokenize (163 bytes)
Event: 8.021 Thread 0x000001eb0fd36e60 nmethod 3928 0x000001eb02c06890 code [0x000001eb02c06d80, 0x000001eb02c0af48]
Event: 8.031 Thread 0x000001eb0fd36e60 3929       4       java.lang.Integer::hashCode (2 bytes)
Event: 8.031 Thread 0x000001eb0fd36e60 nmethod 3929 0x000001eb029f1010 code [0x000001eb029f1180, 0x000001eb029f11d8]
Event: 8.142 Thread 0x000001eb0fd36e60 3930       4       scala.collection.mutable.HashTable$HashUtils::improve (12 bytes)
Event: 8.142 Thread 0x000001eb0fd36e60 nmethod 3930 0x000001eb02a32c90 code [0x000001eb02a32e20, 0x000001eb02a32ed8]
Event: 8.246 Thread 0x000001eb0fd36e60 3931       4       scala.collection.TraversableOnce$$Lambda$150/0x0000000800d878c8::apply (17 bytes)
Event: 8.247 Thread 0x000001eb0fd36e60 nmethod 3931 0x000001eb02a3c990 code [0x000001eb02a3cb40, 0x000001eb02a3cd88]

GC Heap History (20 events):
Event: 6.505 GC heap before
{Heap before GC invocations=59 (full 26):
 garbage-first heap   total 270336K, used 235587K [0x00000000c0000000, 0x0000000100000000)
  region size 1024K, 154 young (157696K), 1 survivors (1024K)
 Metaspace       used 10312K, committed 10496K, reserved 1064960K
  class space    used 1495K, committed 1600K, reserved 1048576K
}
Event: 6.506 GC heap after
{Heap after GC invocations=60 (full 26):
 garbage-first heap   total 270336K, used 78911K [0x00000000c0000000, 0x0000000100000000)
  region size 1024K, 1 young (1024K), 1 survivors (1024K)
 Metaspace       used 10312K, committed 10496K, reserved 1064960K
  class space    used 1495K, committed 1600K, reserved 1048576K
}
Event: 6.694 GC heap before
{Heap before GC invocations=60 (full 26):
 garbage-first heap   total 270336K, used 236607K [0x00000000c0000000, 0x0000000100000000)
  region size 1024K, 155 young (158720K), 1 survivors (1024K)
 Metaspace       used 10312K, committed 10496K, reserved 1064960K
  class space    used 1495K, committed 1600K, reserved 1048576K
}
Event: 6.695 GC heap after
{Heap after GC invocations=61 (full 26):
 garbage-first heap   total 270336K, used 78917K [0x00000000c0000000, 0x0000000100000000)
  region size 1024K, 1 young (1024K), 1 survivors (1024K)
 Metaspace       used 10312K, committed 10496K, reserved 1064960K
  class space    used 1495K, committed 1600K, reserved 1048576K
}
Event: 6.876 GC heap before
{Heap before GC invocations=61 (full 26):
 garbage-first heap   total 270336K, used 236613K [0x00000000c0000000, 0x0000000100000000)
  region size 1024K, 155 young (158720K), 1 survivors (1024K)
 Metaspace       used 10312K, committed 10496K, reserved 1064960K
  class space    used 1495K, committed 1600K, reserved 1048576K
}
Event: 6.877 GC heap after
{Heap after GC invocations=62 (full 26):
 garbage-first heap   total 270336K, used 78913K [0x00000000c0000000, 0x0000000100000000)
  region size 1024K, 1 young (1024K), 1 survivors (1024K)
 Metaspace       used 10312K, committed 10496K, reserved 1064960K
  class space    used 1495K, committed 1600K, reserved 1048576K
}
Event: 7.059 GC heap before
{Heap before GC invocations=62 (full 26):
 garbage-first heap   total 270336K, used 237633K [0x00000000c0000000, 0x0000000100000000)
  region size 1024K, 156 young (159744K), 1 survivors (1024K)
 Metaspace       used 10312K, committed 10496K, reserved 1064960K
  class space    used 1495K, committed 1600K, reserved 1048576K
}
Event: 7.061 GC heap after
{Heap after GC invocations=63 (full 26):
 garbage-first heap   total 270336K, used 78913K [0x00000000c0000000, 0x0000000100000000)
  region size 1024K, 1 young (1024K), 1 survivors (1024K)
 Metaspace       used 10312K, committed 10496K, reserved 1064960K
  class space    used 1495K, committed 1600K, reserved 1048576K
}
Event: 7.254 GC heap before
{Heap before GC invocations=63 (full 26):
 garbage-first heap   total 270336K, used 237633K [0x00000000c0000000, 0x0000000100000000)
  region size 1024K, 156 young (159744K), 1 survivors (1024K)
 Metaspace       used 10312K, committed 10496K, reserved 1064960K
  class space    used 1495K, committed 1600K, reserved 1048576K
}
Event: 7.255 GC heap after
{Heap after GC invocations=64 (full 26):
 garbage-first heap   total 270336K, used 78919K [0x00000000c0000000, 0x0000000100000000)
  region size 1024K, 1 young (1024K), 1 survivors (1024K)
 Metaspace       used 10312K, committed 10496K, reserved 1064960K
  class space    used 1495K, committed 1600K, reserved 1048576K
}
Event: 7.435 GC heap before
{Heap before GC invocations=64 (full 26):
 garbage-first heap   total 270336K, used 237639K [0x00000000c0000000, 0x0000000100000000)
  region size 1024K, 156 young (159744K), 1 survivors (1024K)
 Metaspace       used 10312K, committed 10496K, reserved 1064960K
  class space    used 1495K, committed 1600K, reserved 1048576K
}
Event: 7.436 GC heap after
{Heap after GC invocations=65 (full 26):
 garbage-first heap   total 270336K, used 78913K [0x00000000c0000000, 0x0000000100000000)
  region size 1024K, 1 young (1024K), 1 survivors (1024K)
 Metaspace       used 10312K, committed 10496K, reserved 1064960K
  class space    used 1495K, committed 1600K, reserved 1048576K
}
Event: 7.618 GC heap before
{Heap before GC invocations=65 (full 26):
 garbage-first heap   total 270336K, used 237633K [0x00000000c0000000, 0x0000000100000000)
  region size 1024K, 156 young (159744K), 1 survivors (1024K)
 Metaspace       used 10312K, committed 10496K, reserved 1064960K
  class space    used 1495K, committed 1600K, reserved 1048576K
}
Event: 7.619 GC heap after
{Heap after GC invocations=66 (full 26):
 garbage-first heap   total 270336K, used 78905K [0x00000000c0000000, 0x0000000100000000)
  region size 1024K, 1 young (1024K), 1 survivors (1024K)
 Metaspace       used 10312K, committed 10496K, reserved 1064960K
  class space    used 1495K, committed 1600K, reserved 1048576K
}
Event: 7.805 GC heap before
{Heap before GC invocations=66 (full 26):
 garbage-first heap   total 270336K, used 238649K [0x00000000c0000000, 0x0000000100000000)
  region size 1024K, 157 young (160768K), 1 survivors (1024K)
 Metaspace       used 10312K, committed 10496K, reserved 1064960K
  class space    used 1495K, committed 1600K, reserved 1048576K
}
Event: 7.806 GC heap after
{Heap after GC invocations=67 (full 26):
 garbage-first heap   total 270336K, used 78921K [0x00000000c0000000, 0x0000000100000000)
  region size 1024K, 1 young (1024K), 1 survivors (1024K)
 Metaspace       used 10312K, committed 10496K, reserved 1064960K
  class space    used 1495K, committed 1600K, reserved 1048576K
}
Event: 7.994 GC heap before
{Heap before GC invocations=67 (full 26):
 garbage-first heap   total 270336K, used 238665K [0x00000000c0000000, 0x0000000100000000)
  region size 1024K, 157 young (160768K), 1 survivors (1024K)
 Metaspace       used 10312K, committed 10496K, reserved 1064960K
  class space    used 1495K, committed 1600K, reserved 1048576K
}
Event: 7.995 GC heap after
{Heap after GC invocations=68 (full 26):
 garbage-first heap   total 270336K, used 78917K [0x00000000c0000000, 0x0000000100000000)
  region size 1024K, 1 young (1024K), 1 survivors (1024K)
 Metaspace       used 10312K, committed 10496K, reserved 1064960K
  class space    used 1495K, committed 1600K, reserved 1048576K
}
Event: 8.202 GC heap before
{Heap before GC invocations=68 (full 26):
 garbage-first heap   total 270336K, used 238661K [0x00000000c0000000, 0x0000000100000000)
  region size 1024K, 157 young (160768K), 1 survivors (1024K)
 Metaspace       used 10312K, committed 10496K, reserved 1064960K
  class space    used 1495K, committed 1600K, reserved 1048576K
}
Event: 8.203 GC heap after
{Heap after GC invocations=69 (full 26):
 garbage-first heap   total 270336K, used 78907K [0x00000000c0000000, 0x0000000100000000)
  region size 1024K, 1 young (1024K), 1 survivors (1024K)
 Metaspace       used 10312K, committed 10496K, reserved 1064960K
  class space    used 1495K, committed 1600K, reserved 1048576K
}

Deoptimization events (20 events):
Event: 5.558 Thread 0x000001eaf9f24110 DEOPT PACKING pc=0x000001eb02b2d434 sp=0x000000526cfedf20
Event: 5.558 Thread 0x000001eaf9f24110 DEOPT UNPACKING pc=0x000001eafaead72e sp=0x000000526cfedf28 mode 2
Event: 5.912 Thread 0x000001eaf9f24110 DEOPT PACKING pc=0x000001eafba18ba2 sp=0x000000526cfedca0
Event: 5.912 Thread 0x000001eaf9f24110 DEOPT UNPACKING pc=0x000001eafaeadece sp=0x000000526cfed110 mode 0
Event: 6.174 Thread 0x000001eaf9f24110 DEOPT PACKING pc=0x000001eafb9e34ee sp=0x000000526cfedc60
Event: 6.174 Thread 0x000001eaf9f24110 DEOPT UNPACKING pc=0x000001eafaeadece sp=0x000000526cfed0e8 mode 0
Event: 6.407 Thread 0x000001eaf9f24110 DEOPT PACKING pc=0x000001eafb9fd6d4 sp=0x000000526cfee620
Event: 6.407 Thread 0x000001eaf9f24110 DEOPT UNPACKING pc=0x000001eafaeadece sp=0x000000526cfedb30 mode 0
Event: 7.658 Thread 0x000001eaf9f24110 Uncommon trap: trap_request=0xffffff45 fr.pc=0x000001eb029934e8 relative=0x00000000000000c8
Event: 7.658 Thread 0x000001eaf9f24110 Uncommon trap: reason=unstable_if action=reinterpret pc=0x000001eb029934e8 method=java.util.regex.Pattern$Behind.match(Ljava/util/regex/Matcher;ILjava/lang/CharSequence;)Z @ 79 c2
Event: 7.658 Thread 0x000001eaf9f24110 DEOPT PACKING pc=0x000001eb029934e8 sp=0x000000526cfedcc0
Event: 7.658 Thread 0x000001eaf9f24110 DEOPT UNPACKING pc=0x000001eafaead72e sp=0x000000526cfedc28 mode 2
Event: 8.290 Thread 0x000001eaf9f24110 Uncommon trap: trap_request=0xffffff45 fr.pc=0x000001eb02953694 relative=0x0000000000000434
Event: 8.290 Thread 0x000001eaf9f24110 Uncommon trap: reason=unstable_if action=reinterpret pc=0x000001eb02953694 method=org.jpype.manager.TypeManager.findClassForObject(Ljava/lang/Object;)J @ 8 c2
Event: 8.290 Thread 0x000001eaf9f24110 DEOPT PACKING pc=0x000001eb02953694 sp=0x000000526cfee640
Event: 8.290 Thread 0x000001eaf9f24110 DEOPT UNPACKING pc=0x000001eafaead72e sp=0x000000526cfee610 mode 2
Event: 8.292 Thread 0x000001eaf9f24110 Uncommon trap: trap_request=0xffffff45 fr.pc=0x000001eb02a4eba0 relative=0x0000000000000280
Event: 8.292 Thread 0x000001eaf9f24110 Uncommon trap: reason=unstable_if action=reinterpret pc=0x000001eb02a4eba0 method=jdk.internal.loader.URLClassPath.getLoader(I)Ljdk/internal/loader/URLClassPath$Loader; @ 19 c2
Event: 8.292 Thread 0x000001eaf9f24110 DEOPT PACKING pc=0x000001eb02a4eba0 sp=0x000000526cfdb7c0
Event: 8.292 Thread 0x000001eaf9f24110 DEOPT UNPACKING pc=0x000001eafaead72e sp=0x000000526cfdb748 mode 2

Classes unloaded (0 events):
No events

Classes redefined (0 events):
No events

Internal exceptions (20 events):
Event: 1.790 Thread 0x000001eaf9f24110 Exception <a 'java/lang/NoSuchMethodError'{0x00000000c5c2aab8}: 'java.lang.Object java.lang.invoke.DirectMethodHandle$Holder.invokeStatic(java.lang.Object, java.lang.Object, int, java.lang.Object, java.lang.Object)'> (0x00000000c5c2aab8) 
thrown [t:\workspace\open\src\hotspot\share\interpreter\linkResolver.cpp, line 790]
Event: 1.791 Thread 0x000001eaf9f24110 Exception <a 'java/lang/NoSuchMethodError'{0x00000000c5c35768}: 'java.lang.Object java.lang.invoke.DirectMethodHandle$Holder.newInvokeSpecial(java.lang.Object, java.lang.Object, int, java.lang.Object)'> (0x00000000c5c35768) 
thrown [t:\workspace\open\src\hotspot\share\interpreter\linkResolver.cpp, line 790]
Event: 1.791 Thread 0x000001eaf9f24110 Exception <a 'java/lang/NoSuchMethodError'{0x00000000c5c39ca8}: 'java.lang.Object java.lang.invoke.DirectMethodHandle$Holder.invokeSpecial(java.lang.Object, java.lang.Object, java.lang.Object, int, java.lang.Object)'> (0x00000000c5c39ca8) 
thrown [t:\workspace\open\src\hotspot\share\interpreter\linkResolver.cpp, line 790]
Event: 1.816 Thread 0x000001eaf9f24110 Exception <a 'java/lang/NoSuchMethodError'{0x00000000c5c1c308}: 'java.lang.Object java.lang.invoke.DirectMethodHandle$Holder.invokeStaticInit(java.lang.Object, java.lang.Object, java.lang.Object, java.lang.Object)'> (0x00000000c5c1c308) 
thrown [t:\workspace\open\src\hotspot\share\interpreter\linkResolver.cpp, line 790]
Event: 1.823 Thread 0x000001eaf9f24110 Exception <a 'java/lang/NoSuchMethodError'{0x00000000c5c946d8}: 'void java.lang.invoke.DirectMethodHandle$Holder.invokeStatic(java.lang.Object, java.lang.Object)'> (0x00000000c5c946d8) 
thrown [t:\workspace\open\src\hotspot\share\interpreter\linkResolver.cpp, line 790]
Event: 1.989 Thread 0x000001eaf9f24110 Exception <a 'java/lang/NoSuchMethodError'{0x00000000c19e7e00}: 'java.lang.Object java.lang.invoke.DirectMethodHandle$Holder.invokeStatic(java.lang.Object, java.lang.Object, int, java.lang.Object)'> (0x00000000c19e7e00) 
thrown [t:\workspace\open\src\hotspot\share\interpreter\linkResolver.cpp, line 790]
Event: 1.990 Thread 0x000001eaf9f24110 Exception <a 'java/lang/NoSuchMethodError'{0x00000000c19f0fa8}: 'java.lang.Object java.lang.invoke.DirectMethodHandle$Holder.newInvokeSpecial(java.lang.Object, java.lang.Object, int)'> (0x00000000c19f0fa8) 
thrown [t:\workspace\open\src\hotspot\share\interpreter\linkResolver.cpp, line 790]
Event: 2.010 Thread 0x000001eaf9f24110 Exception <a 'java/lang/NoSuchMethodError'{0x00000000c2719d78}: 'java.lang.Object java.lang.invoke.DirectMethodHandle$Holder.invokeStatic(java.lang.Object, int, java.lang.Object)'> (0x00000000c2719d78) 
thrown [t:\workspace\open\src\hotspot\share\interpreter\linkResolver.cpp, line 790]
Event: 2.783 Thread 0x000001eaf9f24110 Exception <a 'java/lang/NoSuchMethodError'{0x00000000c6231ea0}: 'java.lang.Object java.lang.invoke.DirectMethodHandle$Holder.newInvokeSpecial(java.lang.Object, java.lang.Object, java.lang.Object, java.lang.Object, java.lang.Object, int)'> (0x00000000c6231ea0) 
thrown [t:\workspace\open\src\hotspot\share\interpreter\linkResolver.cpp, line 790]
Event: 2.784 Thread 0x000001eaf9f24110 Exception <a 'java/lang/NoSuchMethodError'{0x00000000c6236618}: 'java.lang.Object java.lang.invoke.DirectMethodHandle$Holder.invokeSpecial(java.lang.Object, java.lang.Object, java.lang.Object, java.lang.Object, java.lang.Object, java.lang.Object, int)'> (0x00000000c6236618) 
thrown [t:\workspace\open\src\hotspot\share\interpreter\linkResolver.cpp, line 790]
Event: 2.807 Thread 0x000001eaf9f24110 Exception <a 'java/lang/NoSuchMethodError'{0x00000000c62f1488}: 'java.lang.Object java.lang.invoke.DirectMethodHandle$Holder.newInvokeSpecial(java.lang.Object, java.lang.Object, java.lang.Object, java.lang.Object, int, java.lang.Object)'> (0x00000000c62f1488) 
thrown [t:\workspace\open\src\hotspot\share\interpreter\linkResolver.cpp, line 790]
Event: 2.807 Thread 0x000001eaf9f24110 Exception <a 'java/lang/NoSuchMethodError'{0x00000000c62f5870}: 'java.lang.Object java.lang.invoke.DirectMethodHandle$Holder.invokeSpecial(java.lang.Object, java.lang.Object, java.lang.Object, java.lang.Object, java.lang.Object, int, java.lang.Object)'> (0x00000000c62f5870) 
thrown [t:\workspace\open\src\hotspot\share\interpreter\linkResolver.cpp, line 790]
Event: 3.023 Thread 0x000001eaf9f24110 Exception <a 'java/lang/NoSuchMethodError'{0x00000000c63e43f0}: 'java.lang.Object java.lang.invoke.DirectMethodHandle$Holder.invokeStaticInit(java.lang.Object, java.lang.Object, java.lang.Object, java.lang.Object, java.lang.Object)'> (0x00000000c63e43f0) 
thrown [t:\workspace\open\src\hotspot\share\interpreter\linkResolver.cpp, line 790]
Event: 3.024 Thread 0x000001eaf9f24110 Exception <a 'java/lang/NoSuchMethodError'{0x00000000c63eb860}: 'java.lang.Object java.lang.invoke.Invokers$Holder.invoke_MT(java.lang.Object, java.lang.Object, java.lang.Object, java.lang.Object, java.lang.Object, java.lang.Object)'> (0x00000000c63eb860) 
thrown [t:\workspace\open\src\hotspot\share\interpreter\linkResolver.cpp, line 790]
Event: 3.026 Thread 0x000001eaf9f24110 Exception <a 'java/lang/NoSuchMethodError'{0x00000000c63f8fe0}: 'java.lang.Object java.lang.invoke.Invokers$Holder.invoker(java.lang.Object, java.lang.Object, java.lang.Object)'> (0x00000000c63f8fe0) 
thrown [t:\workspace\open\src\hotspot\share\interpreter\linkResolver.cpp, line 790]
Event: 3.027 Thread 0x000001eaf9f24110 Exception <a 'java/lang/NoSuchMethodError'{0x00000000c6202fb8}: 'java.lang.Object java.lang.invoke.DirectMethodHandle$Holder.invokeStatic(java.lang.Object, java.lang.Object, int)'> (0x00000000c6202fb8) 
thrown [t:\workspace\open\src\hotspot\share\interpreter\linkResolver.cpp, line 790]
Event: 3.027 Thread 0x000001eaf9f24110 Exception <a 'java/lang/NoSuchMethodError'{0x00000000c620e3d0}: 'void java.lang.invoke.DelegatingMethodHandle$Holder.delegate(java.lang.Object, java.lang.Object, int, java.lang.Object)'> (0x00000000c620e3d0) 
thrown [t:\workspace\open\src\hotspot\share\interpreter\linkResolver.cpp, line 790]
Event: 3.028 Thread 0x000001eaf9f24110 Exception <a 'java/lang/NoSuchMethodError'{0x00000000c6212bc0}: 'int java.lang.invoke.DirectMethodHandle$Holder.invokeSpecial(java.lang.Object, java.lang.Object, java.lang.Object)'> (0x00000000c6212bc0) 
thrown [t:\workspace\open\src\hotspot\share\interpreter\linkResolver.cpp, line 790]
Event: 3.028 Thread 0x000001eaf9f24110 Exception <a 'java/lang/NoSuchMethodError'{0x00000000c621b3e0}: 'java.lang.Object java.lang.invoke.Invokers$Holder.invokeExact_MT(java.lang.Object, java.lang.Object, java.lang.Object, java.lang.Object)'> (0x00000000c621b3e0) 
thrown [t:\workspace\open\src\hotspot\share\interpreter\linkResolver.cpp, line 790]
Event: 8.290 Thread 0x000001eaf9f24110 Exception <a 'java/lang/InterruptedException'{0x00000000ccebd690}: sleep interrupted> (0x00000000ccebd690) 
thrown [t:\workspace\open\src\hotspot\share\prims\jvm.cpp, line 3279]

Events (20 events):
Event: 6.876 Executing  VM operation: G1CollectForAllocation
Event: 6.877 Executing  VM operation: G1CollectForAllocation done
Event: 7.059 Executing  VM operation: G1CollectForAllocation
Event: 7.061 Executing  VM operation: G1CollectForAllocation done
Event: 7.254 Executing  VM operation: G1CollectForAllocation
Event: 7.255 Executing  VM operation: G1CollectForAllocation done
Event: 7.435 Executing  VM operation: G1CollectForAllocation
Event: 7.436 Executing  VM operation: G1CollectForAllocation done
Event: 7.618 Executing  VM operation: G1CollectForAllocation
Event: 7.619 Executing  VM operation: G1CollectForAllocation done
Event: 7.805 Executing  VM operation: G1CollectForAllocation
Event: 7.806 Executing  VM operation: G1CollectForAllocation done
Event: 7.994 Executing  VM operation: G1CollectForAllocation
Event: 7.995 Executing  VM operation: G1CollectForAllocation done
Event: 8.202 Executing  VM operation: G1CollectForAllocation
Event: 8.203 Executing  VM operation: G1CollectForAllocation done
Event: 8.288 loading class jdk/internal/misc/Signal$1
Event: 8.288 loading class jdk/internal/misc/Signal$1 done
Event: 8.288 Thread 0x000001eb124af4a0 Thread added: 0x000001eb124af4a0
Event: 8.288 Thread 0x000001eb124af4a0 Thread exited: 0x000001eb124af4a0


Dynamic libraries:
0x00007ff6bee50000 - 0x00007ff6bee6c000 	C:\Users\CPB06GameN\anaconda3\python.exe
0x00007ff8c0d50000 - 0x00007ff8c0f45000 	C:\WINDOWS\SYSTEM32\ntdll.dll
0x00007ff8bf900000 - 0x00007ff8bf9bd000 	C:\WINDOWS\System32\KERNEL32.DLL
0x00007ff8be800000 - 0x00007ff8beac9000 	C:\WINDOWS\System32\KERNELBASE.dll
0x00007ff8becb0000 - 0x00007ff8bedb0000 	C:\WINDOWS\System32\ucrtbase.dll
0x00007ff8b8f90000 - 0x00007ff8b8fa9000 	C:\Users\CPB06GameN\anaconda3\VCRUNTIME140.dll
0x00007ff877ae0000 - 0x00007ff877f12000 	C:\Users\CPB06GameN\anaconda3\python38.dll
0x00007ff8bf8a0000 - 0x00007ff8bf8f5000 	C:\WINDOWS\System32\SHLWAPI.dll
0x00007ff8bee80000 - 0x00007ff8bef1e000 	C:\WINDOWS\System32\msvcrt.dll
0x00007ff8b7830000 - 0x00007ff8b783a000 	C:\WINDOWS\SYSTEM32\VERSION.dll
0x00007ff8c0ca0000 - 0x00007ff8c0d0b000 	C:\WINDOWS\System32\WS2_32.dll
0x00007ff8c06e0000 - 0x00007ff8c080a000 	C:\WINDOWS\System32\RPCRT4.dll
0x00007ff8bedd0000 - 0x00007ff8bee7c000 	C:\WINDOWS\System32\ADVAPI32.dll
0x00007ff8c0c00000 - 0x00007ff8c0c9b000 	C:\WINDOWS\System32\sechost.dll
0x00007ff8bde30000 - 0x00007ff8bde48000 	C:\WINDOWS\SYSTEM32\CRYPTSP.dll
0x00007ff8bd550000 - 0x00007ff8bd584000 	C:\WINDOWS\system32\rsaenh.dll
0x00007ff8be480000 - 0x00007ff8be4a7000 	C:\WINDOWS\System32\bcrypt.dll
0x00007ff8bde50000 - 0x00007ff8bde5c000 	C:\WINDOWS\SYSTEM32\CRYPTBASE.dll
0x00007ff8bead0000 - 0x00007ff8beb53000 	C:\WINDOWS\System32\bcryptPrimitives.dll
0x00007ff8b8c80000 - 0x00007ff8b8c8f000 	C:\Users\CPB06GameN\anaconda3\python3.DLL
0x00007ff8b8c40000 - 0x00007ff8b8c57000 	C:\Users\CPB06GameN\anaconda3\DLLs\_bz2.pyd
0x00007ff8a4120000 - 0x00007ff8a414a000 	C:\Users\CPB06GameN\anaconda3\DLLs\_lzma.pyd
0x00007ff8b3990000 - 0x00007ff8b39b0000 	C:\Users\CPB06GameN\anaconda3\DLLs\_ctypes.pyd
0x00007ff8bf9c0000 - 0x00007ff8bfaea000 	C:\WINDOWS\System32\ole32.dll
0x00007ff8c08a0000 - 0x00007ff8c0bf5000 	C:\WINDOWS\System32\combase.dll
0x00007ff8b38b0000 - 0x00007ff8b38bb000 	C:\Users\CPB06GameN\anaconda3\DLLs\libffi-7.dll
0x00007ff8bf790000 - 0x00007ff8bf7ba000 	C:\WINDOWS\System32\GDI32.dll
0x00007ff8be670000 - 0x00007ff8be692000 	C:\WINDOWS\System32\win32u.dll
0x00007ff8be4b0000 - 0x00007ff8be5bb000 	C:\WINDOWS\System32\gdi32full.dll
0x00007ff8bec10000 - 0x00007ff8becad000 	C:\WINDOWS\System32\msvcp_win.dll
0x00007ff8bef20000 - 0x00007ff8bf0c0000 	C:\WINDOWS\System32\USER32.dll
0x00007ff8bf7c0000 - 0x00007ff8bf88d000 	C:\WINDOWS\System32\OLEAUT32.dll
0x00007ff8c06b0000 - 0x00007ff8c06e0000 	C:\WINDOWS\System32\IMM32.DLL
0x0000000066d80000 - 0x0000000068b11000 	C:\Users\CPB06GameN\anaconda3\lib\site-packages\numpy\.libs\libopenblas.WCDJNK7YVMPZQ2ME2ZZHJJRJ3JIKNDB7.gfortran-win_amd64.dll
0x00007ff84daf0000 - 0x00007ff84ddb9000 	C:\Users\CPB06GameN\anaconda3\lib\site-packages\numpy\core\_multiarray_umath.cp38-win_amd64.pyd
0x00007ff894800000 - 0x00007ff89481f000 	C:\Users\CPB06GameN\anaconda3\lib\site-packages\numpy\core\_multiarray_tests.cp38-win_amd64.pyd
0x00007ff8a4110000 - 0x00007ff8a4119000 	C:\Users\CPB06GameN\anaconda3\lib\site-packages\numpy\linalg\lapack_lite.cp38-win_amd64.pyd
0x00007ff8946b0000 - 0x00007ff8946da000 	C:\Users\CPB06GameN\anaconda3\lib\site-packages\numpy\linalg\_umath_linalg.cp38-win_amd64.pyd
0x00007ff891ce0000 - 0x00007ff891d23000 	C:\Users\CPB06GameN\anaconda3\DLLs\_decimal.pyd
0x00007ff8947e0000 - 0x00007ff894800000 	C:\Users\CPB06GameN\anaconda3\lib\site-packages\numpy\fft\_pocketfft_internal.cp38-win_amd64.pyd
0x00007ff88aa30000 - 0x00007ff88aac0000 	C:\Users\CPB06GameN\anaconda3\lib\site-packages\numpy\random\mtrand.cp38-win_amd64.pyd
0x00007ff88cb20000 - 0x00007ff88cb49000 	C:\Users\CPB06GameN\anaconda3\lib\site-packages\numpy\random\bit_generator.cp38-win_amd64.pyd
0x00007ff888190000 - 0x00007ff8881c2000 	C:\Users\CPB06GameN\anaconda3\lib\site-packages\numpy\random\_common.cp38-win_amd64.pyd
0x00007ff8a3ed0000 - 0x00007ff8a3edd000 	C:\Users\CPB06GameN\anaconda3\DLLs\_hashlib.pyd
0x00007ff82bfc0000 - 0x00007ff82c30a000 	C:\Users\CPB06GameN\anaconda3\Library\bin\libcrypto-1_1-x64.dll
0x00007ff883090000 - 0x00007ff8830d0000 	C:\Users\CPB06GameN\anaconda3\lib\site-packages\numpy\random\_bounded_integers.cp38-win_amd64.pyd
0x00007ff894690000 - 0x00007ff8946a8000 	C:\Users\CPB06GameN\anaconda3\lib\site-packages\numpy\random\_mt19937.cp38-win_amd64.pyd
0x00007ff88cb00000 - 0x00007ff88cb17000 	C:\Users\CPB06GameN\anaconda3\lib\site-packages\numpy\random\_philox.cp38-win_amd64.pyd
0x00007ff88c7f0000 - 0x00007ff88c805000 	C:\Users\CPB06GameN\anaconda3\lib\site-packages\numpy\random\_pcg64.cp38-win_amd64.pyd
0x00007ff88aa10000 - 0x00007ff88aa22000 	C:\Users\CPB06GameN\anaconda3\lib\site-packages\numpy\random\_sfc64.cp38-win_amd64.pyd
0x00007ff87f390000 - 0x00007ff87f435000 	C:\Users\CPB06GameN\anaconda3\lib\site-packages\numpy\random\_generator.cp38-win_amd64.pyd
0x00007ff88a9c0000 - 0x00007ff88a9e1000 	C:\Users\CPB06GameN\anaconda3\lib\site-packages\matplotlib\ft2font.cp38-win_amd64.pyd
0x00007ff8a6670000 - 0x00007ff8a66fd000 	C:\WINDOWS\SYSTEM32\MSVCP140.dll
0x00007ff8a61a0000 - 0x00007ff8a61ac000 	C:\WINDOWS\SYSTEM32\VCRUNTIME140_1.dll
0x00007ff87a430000 - 0x00007ff87a4cf000 	C:\Users\CPB06GameN\anaconda3\Library\bin\freetype.dll
0x00007ff883070000 - 0x00007ff883089000 	C:\Users\CPB06GameN\anaconda3\Library\bin\zlib.dll
0x00007ff87c210000 - 0x00007ff87c244000 	C:\Users\CPB06GameN\anaconda3\Library\bin\libpng16.dll
0x00007ff87e9e0000 - 0x00007ff87ea03000 	C:\Users\CPB06GameN\anaconda3\lib\site-packages\kiwisolver.cp38-win_amd64.pyd
0x00007ff882e00000 - 0x00007ff882e16000 	C:\Users\CPB06GameN\anaconda3\DLLs\_socket.pyd
0x00007ff8bd8e0000 - 0x00007ff8bd91b000 	C:\WINDOWS\SYSTEM32\IPHLPAPI.DLL
0x00007ff8a3e50000 - 0x00007ff8a3e59000 	C:\Users\CPB06GameN\anaconda3\DLLs\select.pyd
0x00007ff87a400000 - 0x00007ff87a427000 	C:\Users\CPB06GameN\anaconda3\DLLs\_ssl.pyd
0x00007ff8be6a0000 - 0x00007ff8be7ff000 	C:\WINDOWS\System32\CRYPT32.dll
0x00007ff879bf0000 - 0x00007ff879c9c000 	C:\Users\CPB06GameN\anaconda3\Library\bin\libssl-1_1-x64.dll
0x00007ff879b30000 - 0x00007ff879bed000 	C:\Users\CPB06GameN\anaconda3\lib\site-packages\_jpype.cp38-win_amd64.pyd
0x00007ff899fb0000 - 0x00007ff899fb9000 	C:\Users\CPB06GameN\anaconda3\DLLs\_queue.pyd
0x00007ff8bdc40000 - 0x00007ff8bdcaa000 	C:\WINDOWS\system32\mswsock.dll
0x00007ff879a60000 - 0x00007ff879b30000 	C:\Users\CPB06GameN\anaconda3\lib\site-packages\brotli\_brotli.pyd
0x00007ff879a20000 - 0x00007ff879a54000 	C:\Users\CPB06GameN\anaconda3\lib\site-packages\_cffi_backend.cp38-win_amd64.pyd
0x00007ff85e060000 - 0x00007ff85e16e000 	C:\Users\CPB06GameN\anaconda3\DLLs\unicodedata.pyd
0x00007ff8791e0000 - 0x00007ff87920d000 	C:\Users\CPB06GameN\anaconda3\DLLs\_elementtree.pyd
0x00007ff8791a0000 - 0x00007ff8791d1000 	C:\Users\CPB06GameN\anaconda3\DLLs\pyexpat.pyd
0x00007ff84e820000 - 0x00007ff84e9ca000 	C:\Users\CPB06GameN\anaconda3\lib\site-packages\lxml\etree.cp38-win_amd64.pyd
0x00007ff877aa0000 - 0x00007ff877ada000 	C:\Users\CPB06GameN\anaconda3\Library\bin\libxslt.dll
0x00007ff87f0a0000 - 0x00007ff87f0b8000 	C:\Users\CPB06GameN\anaconda3\Library\bin\libexslt.dll
0x00007ff84e3e0000 - 0x00007ff84e51d000 	C:\Users\CPB06GameN\anaconda3\Library\bin\libxml2.dll
0x00007ff8aa670000 - 0x00007ff8aa679000 	C:\WINDOWS\SYSTEM32\WSOCK32.dll
0x00007ff850ae0000 - 0x00007ff850bca000 	C:\Users\CPB06GameN\anaconda3\Library\bin\iconv.dll
0x00007ff899bf0000 - 0x00007ff899bf9000 	C:\Users\CPB06GameN\anaconda3\Library\bin\charset.dll
0x00007ff879170000 - 0x00007ff87919c000 	C:\Users\CPB06GameN\anaconda3\lib\site-packages\lxml\_elementpath.cp38-win_amd64.pyd
0x00007ff828900000 - 0x00007ff8294ab000 	C:\Program Files\Java\jdk-16.0.2\bin\server\jvm.dll
0x00007ff8bedc0000 - 0x00007ff8bedc8000 	C:\WINDOWS\System32\PSAPI.DLL
0x00007ff8a8500000 - 0x00007ff8a8527000 	C:\WINDOWS\SYSTEM32\WINMM.dll
0x00007ff897750000 - 0x00007ff89775a000 	C:\Program Files\Java\jdk-16.0.2\bin\jimage.dll
0x00007ff8a5ed0000 - 0x00007ff8a60b4000 	C:\WINDOWS\SYSTEM32\DBGHELP.DLL
0x00007ff8a5800000 - 0x00007ff8a582c000 	C:\WINDOWS\SYSTEM32\dbgcore.DLL
0x00007ff877a10000 - 0x00007ff877a35000 	C:\Program Files\Java\jdk-16.0.2\bin\java.dll
0x00007ff8bc2b0000 - 0x00007ff8bc2c2000 	C:\WINDOWS\SYSTEM32\kernel.appcore.dll
0x00007ff8bfd40000 - 0x00007ff8c047f000 	C:\WINDOWS\System32\SHELL32.dll
0x00007ff8bc590000 - 0x00007ff8bcd20000 	C:\WINDOWS\SYSTEM32\windows.storage.dll
0x00007ff8bdee0000 - 0x00007ff8bdf0c000 	C:\WINDOWS\SYSTEM32\Wldp.dll
0x00007ff8bfb50000 - 0x00007ff8bfbfe000 	C:\WINDOWS\System32\SHCORE.dll
0x00007ff8be3c0000 - 0x00007ff8be3df000 	C:\WINDOWS\SYSTEM32\profapi.dll
0x00007ff87bfe0000 - 0x00007ff87bff8000 	C:\Program Files\Java\jdk-16.0.2\bin\zip.dll
0x00007ff87bd80000 - 0x00007ff87bd99000 	C:\Program Files\Java\jdk-16.0.2\bin\net.dll
0x00007ff8b1470000 - 0x00007ff8b1578000 	C:\WINDOWS\SYSTEM32\WINHTTP.dll
0x00007ff861d40000 - 0x00007ff861d53000 	C:\Program Files\Java\jdk-16.0.2\bin\nio.dll
0x00007ff83a3e0000 - 0x00007ff83a4ec000 	C:\Users\CPB06GameN\anaconda3\lib\site-packages\pandas\_libs\interval.cp38-win_amd64.pyd
0x00007ff83a2e0000 - 0x00007ff83a3d8000 	C:\Users\CPB06GameN\anaconda3\lib\site-packages\pandas\_libs\hashtable.cp38-win_amd64.pyd
0x00007ff85fa70000 - 0x00007ff85fa9b000 	C:\Users\CPB06GameN\anaconda3\lib\site-packages\pandas\_libs\missing.cp38-win_amd64.pyd
0x00007ff85f8a0000 - 0x00007ff85f8be000 	C:\Users\CPB06GameN\anaconda3\lib\site-packages\pandas\_libs\tslibs\dtypes.cp38-win_amd64.pyd
0x00007ff85e2d0000 - 0x00007ff85e30c000 	C:\Users\CPB06GameN\anaconda3\lib\site-packages\pandas\_libs\tslibs\conversion.cp38-win_amd64.pyd
0x00007ff896950000 - 0x00007ff89695f000 	C:\Users\CPB06GameN\anaconda3\lib\site-packages\pandas\_libs\tslibs\base.cp38-win_amd64.pyd
0x00007ff85e290000 - 0x00007ff85e2c2000 	C:\Users\CPB06GameN\anaconda3\lib\site-packages\pandas\_libs\tslibs\nattype.cp38-win_amd64.pyd
0x00007ff8964e0000 - 0x00007ff8964ef000 	C:\Users\CPB06GameN\anaconda3\lib\site-packages\pandas\_libs\tslibs\np_datetime.cp38-win_amd64.pyd
0x00007ff85e020000 - 0x00007ff85e054000 	C:\Users\CPB06GameN\anaconda3\lib\site-packages\pandas\_libs\tslibs\timezones.cp38-win_amd64.pyd
0x00007ff85dfe0000 - 0x00007ff85e01c000 	C:\Users\CPB06GameN\anaconda3\lib\site-packages\pandas\_libs\tslibs\tzconversion.cp38-win_amd64.pyd
0x00007ff85dfc0000 - 0x00007ff85dfd2000 	C:\Users\CPB06GameN\anaconda3\lib\site-packages\pandas\_libs\tslibs\ccalendar.cp38-win_amd64.pyd
0x00007ff85df00000 - 0x00007ff85df51000 	C:\Users\CPB06GameN\anaconda3\lib\site-packages\pandas\_libs\tslibs\parsing.cp38-win_amd64.pyd
0x00007ff831ec0000 - 0x00007ff831f88000 	C:\Users\CPB06GameN\anaconda3\lib\site-packages\pandas\_libs\tslibs\offsets.cp38-win_amd64.pyd
0x00007ff852650000 - 0x00007ff8526ad000 	C:\Users\CPB06GameN\anaconda3\lib\site-packages\pandas\_libs\tslibs\timedeltas.cp38-win_amd64.pyd
0x00007ff851de0000 - 0x00007ff851e40000 	C:\Users\CPB06GameN\anaconda3\lib\site-packages\pandas\_libs\tslibs\timestamps.cp38-win_amd64.pyd
0x00007ff85d540000 - 0x00007ff85d578000 	C:\Users\CPB06GameN\anaconda3\lib\site-packages\pandas\_libs\tslibs\fields.cp38-win_amd64.pyd
0x00007ff852580000 - 0x00007ff8525ce000 	C:\Users\CPB06GameN\anaconda3\lib\site-packages\pandas\_libs\tslibs\strptime.cp38-win_amd64.pyd
0x00007ff85d0f0000 - 0x00007ff85d103000 	C:\Users\CPB06GameN\anaconda3\lib\site-packages\pandas\_libs\properties.cp38-win_amd64.pyd
0x00007ff84e7c0000 - 0x00007ff84e81b000 	C:\Users\CPB06GameN\anaconda3\lib\site-packages\pandas\_libs\tslibs\period.cp38-win_amd64.pyd
0x00007ff852170000 - 0x00007ff8521a4000 	C:\Users\CPB06GameN\anaconda3\lib\site-packages\pandas\_libs\tslibs\vectorized.cp38-win_amd64.pyd
0x00007ff850ac0000 - 0x00007ff850ad2000 	C:\Users\CPB06GameN\anaconda3\lib\site-packages\pandas\_libs\ops_dispatch.cp38-win_amd64.pyd
0x00007ff831470000 - 0x00007ff8315a6000 	C:\Users\CPB06GameN\anaconda3\lib\site-packages\pandas\_libs\algos.cp38-win_amd64.pyd
0x00007ff83a260000 - 0x00007ff83a2d2000 	C:\Users\CPB06GameN\anaconda3\lib\site-packages\pandas\_libs\lib.cp38-win_amd64.pyd
0x00007ff83a230000 - 0x00007ff83a256000 	C:\Users\CPB06GameN\anaconda3\lib\site-packages\pandas\_libs\tslib.cp38-win_amd64.pyd
0x00007ff832a30000 - 0x00007ff832a5b000 	C:\Users\CPB06GameN\anaconda3\lib\site-packages\pandas\_libs\hashing.cp38-win_amd64.pyd
0x00007ff8329f0000 - 0x00007ff832a22000 	C:\Users\CPB06GameN\anaconda3\lib\site-packages\pandas\_libs\ops.cp38-win_amd64.pyd
0x00007ff84e7a0000 - 0x00007ff84e7b9000 	C:\Users\CPB06GameN\anaconda3\lib\site-packages\bottleneck\reduce.cp38-win_amd64.pyd
0x00007ff8963e0000 - 0x00007ff8963ea000 	C:\Users\CPB06GameN\anaconda3\lib\site-packages\bottleneck\nonreduce.cp38-win_amd64.pyd
0x00007ff895b80000 - 0x00007ff895b8f000 	C:\Users\CPB06GameN\anaconda3\lib\site-packages\bottleneck\nonreduce_axis.cp38-win_amd64.pyd
0x00007ff8329d0000 - 0x00007ff8329e9000 	C:\Users\CPB06GameN\anaconda3\lib\site-packages\bottleneck\move.cp38-win_amd64.pyd
0x00007ff82b970000 - 0x00007ff82b9e4000 	C:\Users\CPB06GameN\anaconda3\lib\site-packages\pandas\_libs\index.cp38-win_amd64.pyd

dbghelp: loaded successfully - version: 4.0.5 - missing functions: none
symbol engine: initialized successfully - sym options: 0x614 - pdb path: .;C:\Users\CPB06GameN\anaconda3;C:\WINDOWS\SYSTEM32;C:\Users\CPB06GameN\anaconda3\DLLs;C:\Users\CPB06GameN\anaconda3\lib\site-packages\numpy\.libs;C:\Users\CPB06GameN\anaconda3\lib\site-packages\numpy\core;C:\Users\CPB06GameN\anaconda3\lib\site-packages\numpy\linalg;C:\Users\CPB06GameN\anaconda3\lib\site-packages\numpy\fft;C:\Users\CPB06GameN\anaconda3\lib\site-packages\numpy\random;C:\Users\CPB06GameN\anaconda3\Library\bin;C:\Users\CPB06GameN\anaconda3\lib\site-packages\matplotlib;C:\Users\CPB06GameN\anaconda3\lib\site-packages;C:\Users\CPB06GameN\anaconda3\lib\site-packages\brotli;C:\Users\CPB06GameN\anaconda3\lib\site-packages\lxml;C:\Program Files\Java\jdk-16.0.2\bin\server;C:\Program Files\Java\jdk-16.0.2\bin;C:\Users\CPB06GameN\anaconda3\lib\site-packages\pandas\_libs;C:\Users\CPB06GameN\anaconda3\lib\site-packages\pandas\_libs\tslibs;C:\Users\CPB06GameN\anaconda3\lib\site-packages\bottleneck;C:\Users\CPB06GameN\anaconda3\lib\site-packages\pandas\_libs\window;C:\Users\CPB06GameN\anaconda3\lib\site-packages\scipy\.libs;C:\Users\CPB06GameN\anaconda3\lib\site-packages\scipy\_lib;C:\Users\CPB06GameN\anaconda3\lib\site-packages\scipy\_lib\_uarray;C:\Users\CPB06GameN\anaconda3\lib\site-packages\scipy\fft\_pocketfft;C:\Users\CPB06GameN\anaconda3\lib\site-packages\scipy\sparse;C:\Users\CPB06GameN\anaconda3\lib\site-packages\scipy\sparse\csgraph;C:\Users\CPB06GameN\anaconda3\lib\site-packages\scipy\spatial;C:\Users\CPB06GameN\anaconda3\lib\site-packages\scipy\linalg;C:\Users\CPB06GameN\anaconda3\lib\site-packages\scipy\special;C:\Users\CPB06GameN\anaconda3\lib\site-packages\scipy\ndimage;C:\Users\CPB06GameN\anaconda3\lib\site-packages\scipy\optimize;C:\Users\CPB06GameN\anaconda3\lib\site-packages\scipy\optimize\_trlib;C:\Users\CPB06GameN\anaconda3\lib\site-packages\scipy\sparse\linalg\isolve;C:\Users\CPB06GameN\anaconda3\lib\site-packages\scipy\sparse\linalg\dsolve;C:\Users\CPB06GameN\anaconda3\lib\site-packages\scipy\sparse\linalg\eigen\arpack;C:\Users\CPB06GameN\anaconda3\lib\site-packages\scipy\optimize\_lsq;C:\Users\CPB06GameN\anaconda3\lib\site-packages\scipy\integrate;C:\Users\CPB06GameN\anaconda3\lib\site-packages\scipy\interpolate;C:\Users\CPB06GameN\anaconda3\lib\site-packages\scipy\stats;C:\Users\CPB06GameN\anaconda3\lib\site-packages\gensim;C:\Users\CPB06GameN\anaconda3\lib\site-packages\gensim\corpora;C:\Users\CPB06GameN\anaconda3\lib\site-packages\gensim\models;C:\Users\CPB06GameN\anaconda3\lib\site-packages\gensim\similarities;C:\Users\CPB06GameN\anaconda3\lib\site-packages\numexpr

VM Arguments:
jvm_args: -Dfile.encoding=UTF8 -ea -Xmx1024m 
java_command: <unknown>
java_class_path (initial): C:\Users\CPB06GameN\anaconda3\Lib\site-packages\konlpy\java;C:\Users\CPB06GameN\anaconda3\Lib\site-packages\konlpy\java\bin;C:\Users\CPB06GameN\anaconda3\Lib\site-packages\konlpy\java\*;C:\Users\CPB06GameN\anaconda3\Lib\site-packages\konlpy\java\jhannanum-0.8.4.jar;C:\Users\CPB06GameN\anaconda3\Lib\site-packages\konlpy\java\kkma-2.0.jar;C:\Users\CPB06GameN\anaconda3\Lib\site-packages\konlpy\java\aho-corasick.jar;C:\Users\CPB06GameN\anaconda3\Lib\site-packages\konlpy\java\shineware-common-1.0.jar;C:\Users\CPB06GameN\anaconda3\Lib\site-packages\konlpy\java\shineware-ds-1.0.jar;C:\Users\CPB06GameN\anaconda3\Lib\site-packages\konlpy\java\komoran-3.0.jar;C:\Users\CPB06GameN\anaconda3\Lib\site-packages\konlpy\java\snakeyaml-1.12.jar;C:\Users\CPB06GameN\anaconda3\Lib\site-packages\konlpy\java\scala-library-2.12.3.jar;C:\Users\CPB06GameN\anaconda3\Lib\site-packages\konlpy\java\open-korean-text-2.1.0.jar;C:\Users\CPB06GameN\anaconda3\Lib\site-packages\konlpy\java\twitter-text-1.14.7.jar;C:\Users\CPB06GameN\anaconda3\Lib\site-packages\konlpy\java\*
Launcher Type: generic

[Global flags]
     intx CICompilerCount                          = 4                                         {product} {ergonomic}
     uint ConcGCThreads                            = 3                                         {product} {ergonomic}
     uint G1ConcRefinementThreads                  = 10                                        {product} {ergonomic}
   size_t G1HeapRegionSize                         = 1048576                                   {product} {ergonomic}
    uintx GCDrainStackTargetSize                   = 64                                        {product} {ergonomic}
   size_t InitialHeapSize                          = 266338304                                 {product} {ergonomic}
   size_t MarkStackSize                            = 4194304                                   {product} {ergonomic}
   size_t MaxHeapSize                              = 1073741824                                {product} {command line}
   size_t MaxNewSize                               = 643825664                                 {product} {ergonomic}
   size_t MinHeapDeltaBytes                        = 1048576                                   {product} {ergonomic}
   size_t MinHeapSize                              = 8388608                                   {product} {ergonomic}
    uintx NonNMethodCodeHeapSize                   = 5839372                                {pd product} {ergonomic}
    uintx NonProfiledCodeHeapSize                  = 122909434                              {pd product} {ergonomic}
    uintx ProfiledCodeHeapSize                     = 122909434                              {pd product} {ergonomic}
    uintx ReservedCodeCacheSize                    = 251658240                              {pd product} {ergonomic}
     bool SegmentedCodeCache                       = true                                      {product} {ergonomic}
   size_t SoftMaxHeapSize                          = 1073741824                             {manageable} {ergonomic}
     bool UseCompressedClassPointers               = true                           {product lp64_product} {ergonomic}
     bool UseCompressedOops                        = true                           {product lp64_product} {ergonomic}
     bool UseG1GC                                  = true                                      {product} {ergonomic}
     bool UseLargePagesIndividualAllocation        = false                                  {pd product} {ergonomic}

Logging:
Log output configuration:
 #0: stdout all=warning uptime,level,tags
 #1: stderr all=off uptime,level,tags

Environment Variables:
JAVA_HOME=C:\Program Files\Java\jdk-16.0.2\bin\server
PATH=C:\Users\CPB06GameN\anaconda3;C:\Users\CPB06GameN\anaconda3\Library\mingw-w64\bin;C:\Users\CPB06GameN\anaconda3\Library\usr\bin;C:\Users\CPB06GameN\anaconda3\Library\bin;C:\Users\CPB06GameN\anaconda3\Scripts;C:\Users\CPB06GameN\anaconda3\bin;C:\Users\CPB06GameN\anaconda3\condabin;C:\Program Files\Common Files\Oracle\Java\javapath;C:\Program Files\NVIDIA GPU Computing Toolkit\CUDA\v11.4\bin;C:\Program Files\NVIDIA GPU Computing Toolkit\CUDA\v11.4\libnvvp;C:\Program Files (x86)\Intel\Intel(R) Management Engine Components\iCLS;C:\Program Files\Intel\Intel(R) Management Engine Components\iCLS;C:\Windows\system32;C:\Windows;C:\Windows\System32\Wbem;C:\Windows\System32\WindowsPowerShell\v1.0;C:\Windows\System32\OpenSSH;C:\Program Files (x86)\Intel\Intel(R) Management Engine Components\DAL;C:\Program Files\Intel\Intel(R) Management Engine Components\DAL;C:\Program Files\Intel\WiFi\bin;C:\Program Files\Common Files\Intel\WirelessCommon;C:\Program Files (x86)\NVIDIA Corporation\PhysX\Common;C:\Program Files\NVIDIA Corporation\NVIDIA NvDLISR;C:\WINDOWS\system32;C:\WINDOWS;C:\WINDOWS\System32\Wbem;C:\WINDOWS\System32\WindowsPowerShell\v1.0;C:\WINDOWS\System32\OpenSSH;C:\Program Files\MySQL\MySQL Shell 8.0\bin;C:\Program Files\Git\cmd;C:\Program Files\Git LFS;C:\Program Files\NVIDIA Corporation\Nsight Compute 2021.2.1;C:\Users\CPB06GameN\AppData\Local\Programs\Python\Python38\Scripts;C:\Users\CPB06GameN\AppData\Local\Programs\Python\Python38;C:\Program Files\MySQL\MySQL Shell 8.0\bin;C:\Users\CPB06GameN\AppData\Local\Programs\Python\Python39\Scripts;C:\Users\CPB06GameN\AppData\Local\Programs\Python\Python39;C:\Users\CPB06GameN\AppData\Local\Microsoft\WindowsApps;C:\Program Files\Intel\WiFi\bin;C:\Program Files\Common Files\Intel\WirelessCommon;C:\Program Files\Bandizip;C:\Users\CPB06GameN\AppData\Local\Programs\Microsoft VS Code\bin;C:\Program Files\JetBrains\PyCharm Community Edition 2021.1.3\bin;.;C:\Program Files\NVIDIA GPU Computing Toolkit\CUDA\v11.4\bin;C:\Program Files
USERNAME=CPB06GameN
OS=Windows_NT
PROCESSOR_IDENTIFIER=Intel64 Family 6 Model 158 Stepping 10, GenuineIntel



---------------  S Y S T E M  ---------------

OS:
 Windows 10 , 64 bit Build 19041 (10.0.19041.1151)
OS uptime: 4 days 21:27 hours

CPU: total 12 (initial active 12) (6 cores per cpu, 2 threads per core) family 6 model 158 stepping 10 microcode 0xb4, cx8, cmov, fxsr, ht, mmx, 3dnowpref, sse, sse2, sse3, ssse3, sse4.1, sse4.2, popcnt, lzcnt, tsc, tscinvbit, avx, avx2, aes, erms, clmul, bmi1, bmi2, adx, fma, vzeroupper, clflush, clflushopt

Memory: 4k page, system-wide physical 16223M (2142M free)
TotalPageFile size 40837M (AvailPageFile size 11068M)
current process WorkingSet (physical memory assigned to process): 486M, peak: 514M
current process commit charge ("private bytes"): 2419M, peak: 2742M

vm_info: Java HotSpot(TM) 64-Bit Server VM (16.0.2+7-67) for windows-amd64 JRE (16.0.2+7-67), built on Jun  8 2021 23:24:19 by "mach5one" with MS VC++ 16.7 (VS2019)

END.
