#
# A fatal error has been detected by the Java Runtime Environment:
#
#  EXCEPTION_ACCESS_VIOLATION (0xc0000005) at pc=0x00007ffd8305e1a8, pid=19436, tid=16348
#
# JRE version: Java(TM) SE Runtime Environment (16.0.2+7) (build 16.0.2+7-67)
# Java VM: Java HotSpot(TM) 64-Bit Server VM (16.0.2+7-67, mixed mode, sharing, tiered, compressed oops, compressed class ptrs, g1 gc, windows-amd64)
# Problematic frame:
# C  0x00007ffd8305e1a8  JPypeException::convertPythonToJava+0x158
#
# No core dump will be written. Minidumps are not enabled by default on client versions of Windows
#
# If you would like to submit a bug report, please visit:
#   https://bugreport.java.com/bugreport/crash.jsp
# The crash happened outside the Java Virtual Machine in native code.
# See problematic frame for where to report the bug.
#

---------------  S U M M A R Y ------------

Command Line: -Dfile.encoding=UTF8 -ea -Xmx1024m 

Host: Intel(R) Core(TM) i7-8750H CPU @ 2.20GHz, 12 cores, 15G,  Windows 10 , 64 bit Build 19041 (10.0.19041.1151)
Time: Wed Sep  8 15:54:57 2021 대한민국 표준시 elapsed time: 3.486697 seconds (0d 0h 0m 3s)

---------------  T H R E A D  ---------------

Current thread (0x000001338260e260):  JavaThread "main" [_thread_in_native, id=16348, stack(0x0000002a90c00000,0x0000002a90df0000)]

Stack: [0x0000002a90c00000,0x0000002a90df0000],  sp=0x0000002a90ddc770,  free space=1905k
Native frames: (J=compiled Java code, j=interpreted, Vv=VM code, C=native code)
C  0x00007ffd8305e1a8  JPypeException::convertPythonToJava+0x158  (jp_exception.cpp:266)
C  0x00007ffd8305d59a  JPypeException::toJava+0x1fa  (jp_exception.cpp:432)
C  0x00007ffd8308fae9  `JPTypeFactory_rethrow'::`1'::catch$0+0x1d  (jp_typefactory.cpp:50)
C  [VCRUNTIME140.dll+0x1030]
C  [VCRUNTIME140.dll+0x43a8]
C  [ntdll.dll+0xa1506]
C  0x00007ffd83072b7b  JPTypeFactory_rethrow+0x1b  (jp_typefactory.cpp:47)
C  0x00007ffd8308fabd  `JPTypeFactory_newWrapper'::`1'::catch$4+0x16  (jp_typefactory.cpp:97)
C  [VCRUNTIME140.dll+0x1030]
C  [VCRUNTIME140.dll+0x43a8]
C  [ntdll.dll+0xa1506]
C  0x00007ffd83072b12  JPTypeFactory_newWrapper+0x72  (jp_typefactory.cpp:97)
C  0x000001338d46dd22

Java frames: (J=compiled Java code, j=interpreted, Vv=VM code)
j  org.jpype.manager.TypeFactoryNative.newWrapper(JJ)V+0
j  org.jpype.JPypeContext.newWrapper(J)V+16
v  ~StubRoutines::call_stub

siginfo: EXCEPTION_ACCESS_VIOLATION (0xc0000005), writing address 0x0000000000000000


Register to memory mapping:

RIP=0x00007ffd8305e1a8 points into unknown readable memory: 0xddfe0d8d4c03ff48 | 48 ff 03 4c 8d 0d fe dd
RAX=0x0 is NULL
RBX=0x0 is NULL
RCX=0x000001337e0f1710 points into unknown readable memory: 0x0000013381e69d10 | 10 9d e6 81 33 01 00 00
RDX=0x0 is NULL
RSP=0x0000002a90ddc770 is pointing into the stack for thread: 0x000001338260e260
RBP=0x0000002a90ddeaf0 is pointing into the stack for thread: 0x000001338260e260
RSI=0x0000013381e69d10 points into unknown readable memory: 0x00007ffd830a5d58 | 58 5d 0a 83 fd 7f 00 00
RDI=0x00007ffe09291b50 python38.dll::_PyExc_KeyboardInterrupt + 0x0
R8 =0x0 is NULL
R9 =0x0000000000000002 is an unknown value
R10=0x00000133826331b0 points into unknown readable memory: 0x0000040000000001 | 01 00 00 00 00 04 00 00
R11=0x0000002a90ddc760 is pointing into the stack for thread: 0x000001338260e260
R12=0x0000002a90ddc970 is pointing into the stack for thread: 0x000001338260e260
R13=0x0000002a90de0400 is pointing into the stack for thread: 0x000001338260e260
R14=0x00000133857b76f0 points into unknown readable memory: 0x00000000cb65dca0 | a0 dc 65 cb 00 00 00 00
R15=0x0 is NULL


Registers:
RAX=0x0000000000000000, RBX=0x0000000000000000, RCX=0x000001337e0f1710, RDX=0x0000000000000000
RSP=0x0000002a90ddc770, RBP=0x0000002a90ddeaf0, RSI=0x0000013381e69d10, RDI=0x00007ffe09291b50
R8 =0x0000000000000000, R9 =0x0000000000000002, R10=0x00000133826331b0, R11=0x0000002a90ddc760
R12=0x0000002a90ddc970, R13=0x0000002a90de0400, R14=0x00000133857b76f0, R15=0x0000000000000000
RIP=0x00007ffd8305e1a8, EFLAGS=0x0000000000010246

Top of Stack: (sp=0x0000002a90ddc770)
0x0000002a90ddc770:   0000000000000000 0000000000000000
0x0000002a90ddc780:   0000013381e69d10 00007ffe09291b50
0x0000002a90ddc790:   fffffffffffffffe 00007ffe08f918a9
0x0000002a90ddc7a0:   00007ffe09291b50 0000000000000000
0x0000002a90ddc7b0:   0000013381e69d10 000001338260e570
0x0000002a90ddc7c0:   0000013381e60100 00007ffe09291b50
0x0000002a90ddc7d0:   0000000000000000 00000133a3df7f40
0x0000002a90ddc7e0:   00004ace9ff62e01 00000133c10d6150
0x0000002a90ddc7f0:   0000002a90ddd7e8 00007ffd8305d59a
0x0000002a90ddc800:   000001338260e570 000001338260e570
0x0000002a90ddc810:   00000133a3742580 0000013381e69d10
0x0000002a90ddc820:   0000000000000000 00000133a3742580
0x0000002a90ddc830:   0000013381e69d10 000001338260e570
0x0000002a90ddc840:   0000000000000000 00007ffe548c97fb
0x0000002a90ddc850:   fffffffffffffffe 0000002a90ddcee0
0x0000002a90ddc860:   00004e5df420a7de 0000000a656e6f4e 

Instructions: (pc=0x00007ffd8305e1a8)
0x00007ffd8305e0a8:   24 60 48 89 5c 24 68 4c 8d 44 24 68 48 8d 54 24
0x00007ffd8305e0b8:   60 48 8d 4c 24 58 e8 fd 5c 01 00 88 44 24 70 48
0x00007ffd8305e0c8:   8b 7c 24 58 84 c0 74 78 48 8b cf e8 78 02 02 00
0x00007ffd8305e0d8:   48 85 c0 74 6b 8b 80 98 00 00 00 48 c1 e8 11 24
0x00007ffd8305e0e8:   01 74 5d 88 5c 24 70 48 8b 5c 24 60 48 8b cb e8
0x00007ffd8305e0f8:   84 bc 02 00 48 85 c0 74 4c 48 8d 0c 03 48 83 39
0x00007ffd8305e108:   00 74 42 e8 70 53 01 00 48 8b 4c 24 48 4c 8b 01
0x00007ffd8305e118:   48 8b d0 41 ff 50 68 90 48 8d 4c 24 58 e8 e6 63
0x00007ffd8305e128:   01 00 90 80 7c 24 50 00 75 11 48 8b 4c 24 48 48
0x00007ffd8305e138:   8b 01 33 d2 ff 90 a0 00 00 00 90 e9 ac 00 00 00
0x00007ffd8305e148:   48 8b 5c 24 60 48 89 7c 24 30 48 89 5c 24 38 48
0x00007ffd8305e158:   8b 4c 24 48 48 8b 01 4c 8d 4c 24 30 4c 8b 86 80
0x00007ffd8305e168:   01 00 00 48 8b 96 e8 00 00 00 ff 90 20 01 00 00
0x00007ffd8305e178:   4c 8b f0 48 8d 4c 24 40 e8 9b 5b 00 00 48 8b 8e
0x00007ffd8305e188:   08 01 00 00 48 ff 07 4c 8d 0d 1a de 00 00 4c 8b
0x00007ffd8305e198:   c7 49 8b d6 e8 ef db 00 00 48 8b 8e 08 01 00 00
0x00007ffd8305e1a8:   48 ff 03 4c 8d 0d fe dd 00 00 4c 8b c3 49 8b d6
0x00007ffd8305e1b8:   e8 d3 db 00 00 c6 44 24 70 00 48 8b 4c 24 48 48
0x00007ffd8305e1c8:   8b 01 49 8b d6 ff 50 68 90 48 8d 4c 24 58 e8 35
0x00007ffd8305e1d8:   63 01 00 90 80 7c 24 50 00 75 11 48 8b 4c 24 48
0x00007ffd8305e1e8:   48 8b 01 33 d2 ff 90 a0 00 00 00 90 4c 8d 9c 24
0x00007ffd8305e1f8:   80 00 00 00 49 8b 5b 18 49 8b 73 20 49 8b 7b 28
0x00007ffd8305e208:   49 8b e3 41 5e c3 cc cc cc cc cc cc cc cc cc cc
0x00007ffd8305e218:   cc cc cc cc cc cc cc cc 48 8b c4 57 48 81 ec 00
0x00007ffd8305e228:   01 00 00 48 c7 40 a8 fe ff ff ff 48 89 58 10 48
0x00007ffd8305e238:   89 70 18 48 8b 05 ce 8d 06 00 48 33 c4 48 89 84
0x00007ffd8305e248:   24 f0 00 00 00 48 8b f9 48 8b 09 48 85 c9 75 1c
0x00007ffd8305e258:   48 8d 15 a1 96 03 00 48 8b 0d 8a 64 03 00 48 8b
0x00007ffd8305e268:   09 ff 15 29 65 03 00 e9 16 07 00 00 e8 e7 be ff
0x00007ffd8305e278:   ff 48 8b c8 48 8b 07 48 89 44 24 30 48 89 4c 24
0x00007ffd8305e288:   38 66 c7 44 24 40 00 00 48 85 c9 75 10 48 8b c8
0x00007ffd8305e298:   e8 c3 be ff ff 48 8b c8 48 89 44 24 38 48 8b 01 


Stack slot to memory mapping:
stack at sp + 0 slots: 0x0 is NULL
stack at sp + 1 slots: 0x0 is NULL
stack at sp + 2 slots: 0x0000013381e69d10 points into unknown readable memory: 0x00007ffd830a5d58 | 58 5d 0a 83 fd 7f 00 00
stack at sp + 3 slots: 0x00007ffe09291b50 python38.dll::_PyExc_KeyboardInterrupt + 0x0
stack at sp + 4 slots: 0xfffffffffffffffe is an unknown value
stack at sp + 5 slots: 0x00007ffe08f918a9 python38.dll::PyThread_tss_get + 0x29
stack at sp + 6 slots: 0x00007ffe09291b50 python38.dll::_PyExc_KeyboardInterrupt + 0x0
stack at sp + 7 slots: 0x0 is NULL


---------------  P R O C E S S  ---------------

Threads class SMR info:
_java_thread_list=0x00000133a4e22670, length=14, elements={
0x000001338260e260, 0x000001338260e7b0, 0x000001338260f250, 0x0000013382613cb0,
0x0000013382610ce0, 0x000001338260fcf0, 0x000001338260f7a0, 0x0000013382019f50,
0x000001338201a4e0, 0x0000013382610240, 0x0000013382612220, 0x0000013382610790,
0x0000013382612770, 0x00000133a3331900
}

Java Threads: ( => current thread )
=>0x000001338260e260 JavaThread "main" [_thread_in_native, id=16348, stack(0x0000002a90c00000,0x0000002a90df0000)]
  0x000001338260e7b0 JavaThread "Reference Handler" daemon [_thread_blocked, id=26232, stack(0x0000002a94a00000,0x0000002a94bf0000)]
  0x000001338260f250 JavaThread "Finalizer" daemon [_thread_blocked, id=23012, stack(0x0000002a94bf0000,0x0000002a94de0000)]
  0x0000013382613cb0 JavaThread "Signal Dispatcher" daemon [_thread_blocked, id=21932, stack(0x0000002a94de0000,0x0000002a94fd0000)]
  0x0000013382610ce0 JavaThread "Attach Listener" daemon [_thread_blocked, id=15344, stack(0x0000002a94fd0000,0x0000002a951c0000)]
  0x000001338260fcf0 JavaThread "Service Thread" daemon [_thread_blocked, id=22536, stack(0x0000002a951c0000,0x0000002a953b0000)]
  0x000001338260f7a0 JavaThread "Monitor Deflation Thread" daemon [_thread_blocked, id=25012, stack(0x0000002a953b0000,0x0000002a955a0000)]
  0x0000013382019f50 JavaThread "C2 CompilerThread0" daemon [_thread_blocked, id=27472, stack(0x0000002a955a0000,0x0000002a95790000)]
  0x000001338201a4e0 JavaThread "C1 CompilerThread0" daemon [_thread_blocked, id=26772, stack(0x0000002a95790000,0x0000002a95980000)]
  0x0000013382610240 JavaThread "Sweeper thread" daemon [_thread_blocked, id=12328, stack(0x0000002a95980000,0x0000002a95b70000)]
  0x0000013382612220 JavaThread "Notification Thread" daemon [_thread_blocked, id=13500, stack(0x0000002a95b70000,0x0000002a95d60000)]
  0x0000013382610790 JavaThread "Common-Cleaner" daemon [_thread_blocked, id=25676, stack(0x0000002a95f50000,0x0000002a96140000)]
  0x0000013382612770 JavaThread "Python Reference Queue" daemon [_thread_blocked, id=23492, stack(0x0000002a96520000,0x0000002a96710000)]
  0x00000133a3331900 JavaThread "C2 CompilerThread1" daemon [_thread_blocked, id=8328, stack(0x0000002a96140000,0x0000002a96330000)]

Other Threads:
  0x000001338211f960 VMThread "VM Thread" [stack: 0x0000002a94810000,0x0000002a94a00000] [id=5220]
  0x0000013382146920 WatcherThread [stack: 0x0000002a95d60000,0x0000002a95f50000] [id=1632]
  0x00000133821ddbb0 GCTaskThread "GC Thread#0" [stack: 0x0000002a93e60000,0x0000002a94050000] [id=8824]
  0x00000133821e0cb0 GCTaskThread "GC Thread#1" [stack: 0x0000002a96710000,0x0000002a96900000] [id=27584]
  0x00000133821e15e0 GCTaskThread "GC Thread#2" [stack: 0x0000002a96900000,0x0000002a96af0000] [id=17724]
  0x00000133821dfa50 GCTaskThread "GC Thread#3" [stack: 0x0000002a96af0000,0x0000002a96ce0000] [id=3236]
  0x00000133821df430 GCTaskThread "GC Thread#4" [stack: 0x0000002a96ce0000,0x0000002a96ed0000] [id=19976]
  0x00000133821e1c00 GCTaskThread "GC Thread#5" [stack: 0x0000002a96ed0000,0x0000002a970c0000] [id=17600]
  0x00000133a344fbb0 GCTaskThread "GC Thread#6" [stack: 0x0000002a96330000,0x0000002a96520000] [id=21524]
  0x00000133a3448a60 GCTaskThread "GC Thread#7" [stack: 0x0000002a98040000,0x0000002a98230000] [id=13200]
  0x00000133a344be70 GCTaskThread "GC Thread#8" [stack: 0x0000002a98be0000,0x0000002a98dd0000] [id=22388]
  0x0000013381c605d0 ConcurrentGCThread "G1 Main Marker" [stack: 0x0000002a94050000,0x0000002a94240000] [id=14180]
  0x00000133821df120 ConcurrentGCThread "G1 Conc#0" [stack: 0x0000002a94240000,0x0000002a94430000] [id=12096]
  0x00000133a344c490 ConcurrentGCThread "G1 Conc#1" [stack: 0x0000002a98230000,0x0000002a98420000] [id=27024]
  0x00000133a344a5f0 ConcurrentGCThread "G1 Conc#2" [stack: 0x0000002a98420000,0x0000002a98610000] [id=26084]
  0x00000133819fee70 ConcurrentGCThread "G1 Refine#0" [stack: 0x0000002a94430000,0x0000002a94620000] [id=12088]
  0x00000133a3210c40 ConcurrentGCThread "G1 Refine#1" [stack: 0x0000002a98610000,0x0000002a98800000] [id=8496]
  0x00000133a3210280 ConcurrentGCThread "G1 Refine#2" [stack: 0x0000002a98800000,0x0000002a989f0000] [id=26540]
  0x00000133825e9070 ConcurrentGCThread "G1 Service" [stack: 0x0000002a94620000,0x0000002a94810000] [id=26184]

Threads with active compile tasks:

VM state: not at safepoint (normal execution)

VM Mutex/Monitor currently owned by a thread: None

Heap address: 0x00000000c0000000, size: 1024 MB, Compressed Oops mode: 32-bit

CDS archive(s) mapped at: [0x0000000800000000-0x0000000800bb0000-0x0000000800bb0000), size 12255232, SharedBaseAddress: 0x0000000800000000, ArchiveRelocationMode: 0.
Compressed class space mapped at: 0x0000000800c00000-0x0000000840c00000, reserved size: 1073741824
Narrow klass base: 0x0000000800000000, Narrow klass shift: 3, Narrow klass range: 0x100000000

GC Precious Log:
 CPUs: 12 total, 12 available
 Memory: 16223M
 Large Page Support: Disabled
 NUMA Support: Disabled
 Compressed Oops: Enabled (32-bit)
 Heap Region Size: 1M
 Heap Min Capacity: 8M
 Heap Initial Capacity: 254M
 Heap Max Capacity: 1G
 Pre-touch: Disabled
 Parallel Workers: 10
 Concurrent Workers: 3
 Concurrent Refinement Workers: 10
 Periodic GC: Disabled

Heap:
 garbage-first heap   total 225280K, used 118254K [0x00000000c0000000, 0x0000000100000000)
  region size 1024K, 38 young (38912K), 0 survivors (0K)
 Metaspace       used 9796K, committed 10048K, reserved 1064960K
  class space    used 1473K, committed 1600K, reserved 1048576K

Heap Regions: E=young(eden), S=young(survivor), O=old, HS=humongous(starts), HC=humongous(continues), CS=collection set, F=free, OA=open archive, CA=closed archive, TAMS=top-at-mark-start (previous, next)
|   0|0x00000000c0000000, 0x00000000c0100000, 0x00000000c0100000|100%| O|  |TAMS 0x00000000c0000000, 0x00000000c0000000| Untracked 
|   1|0x00000000c0100000, 0x00000000c0200000, 0x00000000c0200000|100%| O|  |TAMS 0x00000000c0100000, 0x00000000c0100000| Untracked 
|   2|0x00000000c0200000, 0x00000000c02ffff0, 0x00000000c0300000| 99%| O|  |TAMS 0x00000000c0200000, 0x00000000c0200000| Untracked 
|   3|0x00000000c0300000, 0x00000000c0400000, 0x00000000c0400000|100%| O|  |TAMS 0x00000000c0300000, 0x00000000c0300000| Untracked 
|   4|0x00000000c0400000, 0x00000000c04ffff8, 0x00000000c0500000| 99%| O|  |TAMS 0x00000000c0400000, 0x00000000c0400000| Untracked 
|   5|0x00000000c0500000, 0x00000000c05ffff0, 0x00000000c0600000| 99%| O|  |TAMS 0x00000000c0500000, 0x00000000c0500000| Untracked 
|   6|0x00000000c0600000, 0x00000000c06ffff8, 0x00000000c0700000| 99%| O|  |TAMS 0x00000000c0600000, 0x00000000c0600000| Untracked 
|   7|0x00000000c0700000, 0x00000000c0800000, 0x00000000c0800000|100%| O|  |TAMS 0x00000000c0700000, 0x00000000c0700000| Untracked 
|   8|0x00000000c0800000, 0x00000000c0900000, 0x00000000c0900000|100%| O|  |TAMS 0x00000000c0800000, 0x00000000c0800000| Untracked 
|   9|0x00000000c0900000, 0x00000000c09ffff8, 0x00000000c0a00000| 99%| O|  |TAMS 0x00000000c0900000, 0x00000000c0900000| Untracked 
|  10|0x00000000c0a00000, 0x00000000c0b00000, 0x00000000c0b00000|100%| O|  |TAMS 0x00000000c0a00000, 0x00000000c0a00000| Untracked 
|  11|0x00000000c0b00000, 0x00000000c0c00000, 0x00000000c0c00000|100%| O|  |TAMS 0x00000000c0b00000, 0x00000000c0b00000| Untracked 
|  12|0x00000000c0c00000, 0x00000000c0cffff8, 0x00000000c0d00000| 99%| O|  |TAMS 0x00000000c0c00000, 0x00000000c0c00000| Untracked 
|  13|0x00000000c0d00000, 0x00000000c0dffff0, 0x00000000c0e00000| 99%| O|  |TAMS 0x00000000c0d00000, 0x00000000c0d00000| Untracked 
|  14|0x00000000c0e00000, 0x00000000c0f00000, 0x00000000c0f00000|100%|HS|  |TAMS 0x00000000c0f00000, 0x00000000c0e00000| Untracked 
|  15|0x00000000c0f00000, 0x00000000c1000000, 0x00000000c1000000|100%|HC|  |TAMS 0x00000000c1000000, 0x00000000c0f00000| Untracked 
|  16|0x00000000c1000000, 0x00000000c1100000, 0x00000000c1100000|100%|HS|  |TAMS 0x00000000c1100000, 0x00000000c1000000| Untracked 
|  17|0x00000000c1100000, 0x00000000c1200000, 0x00000000c1200000|100%|HC|  |TAMS 0x00000000c1200000, 0x00000000c1100000| Untracked 
|  18|0x00000000c1200000, 0x00000000c1300000, 0x00000000c1300000|100%| O|  |TAMS 0x00000000c1200000, 0x00000000c1200000| Untracked 
|  19|0x00000000c1300000, 0x00000000c1400000, 0x00000000c1400000|100%| O|  |TAMS 0x00000000c1300000, 0x00000000c1300000| Untracked 
|  20|0x00000000c1400000, 0x00000000c1500000, 0x00000000c1500000|100%| O|  |TAMS 0x00000000c1400000, 0x00000000c1400000| Untracked 
|  21|0x00000000c1500000, 0x00000000c15ffff8, 0x00000000c1600000| 99%| O|  |TAMS 0x00000000c1500000, 0x00000000c1500000| Untracked 
|  22|0x00000000c1600000, 0x00000000c1700000, 0x00000000c1700000|100%| O|  |TAMS 0x00000000c1600000, 0x00000000c1600000| Untracked 
|  23|0x00000000c1700000, 0x00000000c17ffff0, 0x00000000c1800000| 99%| O|  |TAMS 0x00000000c1700000, 0x00000000c1700000| Untracked 
|  24|0x00000000c1800000, 0x00000000c1900000, 0x00000000c1900000|100%|HS|  |TAMS 0x00000000c1900000, 0x00000000c1800000| Untracked 
|  25|0x00000000c1900000, 0x00000000c1a00000, 0x00000000c1a00000|100%|HS|  |TAMS 0x00000000c1a00000, 0x00000000c1900000| Untracked 
|  26|0x00000000c1a00000, 0x00000000c1b00000, 0x00000000c1b00000|100%| O|  |TAMS 0x00000000c1a00000, 0x00000000c1a00000| Untracked 
|  27|0x00000000c1b00000, 0x00000000c1c00000, 0x00000000c1c00000|100%|HS|  |TAMS 0x00000000c1c00000, 0x00000000c1b00000| Untracked 
|  28|0x00000000c1c00000, 0x00000000c1cffff8, 0x00000000c1d00000| 99%| O|  |TAMS 0x00000000c1c00000, 0x00000000c1c00000| Untracked 
|  29|0x00000000c1d00000, 0x00000000c1dffff0, 0x00000000c1e00000| 99%| O|  |TAMS 0x00000000c1d00000, 0x00000000c1d00000| Untracked 
|  30|0x00000000c1e00000, 0x00000000c1f00000, 0x00000000c1f00000|100%|HS|  |TAMS 0x00000000c1f00000, 0x00000000c1e00000| Untracked 
|  31|0x00000000c1f00000, 0x00000000c2000000, 0x00000000c2000000|100%|HC|  |TAMS 0x00000000c2000000, 0x00000000c1f00000| Untracked 
|  32|0x00000000c2000000, 0x00000000c2100000, 0x00000000c2100000|100%|HS|  |TAMS 0x00000000c2100000, 0x00000000c2000000| Untracked 
|  33|0x00000000c2100000, 0x00000000c2200000, 0x00000000c2200000|100%|HC|  |TAMS 0x00000000c2200000, 0x00000000c2100000| Untracked 
|  34|0x00000000c2200000, 0x00000000c2300000, 0x00000000c2300000|100%| O|  |TAMS 0x00000000c2200000, 0x00000000c2200000| Untracked 
|  35|0x00000000c2300000, 0x00000000c23ffff8, 0x00000000c2400000| 99%| O|  |TAMS 0x00000000c2300000, 0x00000000c2300000| Untracked 
|  36|0x00000000c2400000, 0x00000000c24ffff0, 0x00000000c2500000| 99%| O|  |TAMS 0x00000000c2400000, 0x00000000c2400000| Untracked 
|  37|0x00000000c2500000, 0x00000000c25ffff0, 0x00000000c2600000| 99%| O|  |TAMS 0x00000000c2500000, 0x00000000c2500000| Untracked 
|  38|0x00000000c2600000, 0x00000000c26ffff0, 0x00000000c2700000| 99%| O|  |TAMS 0x00000000c2600000, 0x00000000c2600000| Untracked 
|  39|0x00000000c2700000, 0x00000000c2800000, 0x00000000c2800000|100%| O|  |TAMS 0x00000000c2700000, 0x00000000c2700000| Untracked 
|  40|0x00000000c2800000, 0x00000000c2900000, 0x00000000c2900000|100%|HS|  |TAMS 0x00000000c2900000, 0x00000000c2800000| Untracked 
|  41|0x00000000c2900000, 0x00000000c2a00000, 0x00000000c2a00000|100%|HC|  |TAMS 0x00000000c2a00000, 0x00000000c2900000| Untracked 
|  42|0x00000000c2a00000, 0x00000000c2b00000, 0x00000000c2b00000|100%| O|  |TAMS 0x00000000c2a00000, 0x00000000c2a00000| Untracked 
|  43|0x00000000c2b00000, 0x00000000c2c00000, 0x00000000c2c00000|100%|HS|  |TAMS 0x00000000c2c00000, 0x00000000c2b00000| Untracked 
|  44|0x00000000c2c00000, 0x00000000c2d00000, 0x00000000c2d00000|100%|HC|  |TAMS 0x00000000c2d00000, 0x00000000c2c00000| Untracked 
|  45|0x00000000c2d00000, 0x00000000c2dffff8, 0x00000000c2e00000| 99%| O|  |TAMS 0x00000000c2d00000, 0x00000000c2d00000| Untracked 
|  46|0x00000000c2e00000, 0x00000000c2effff0, 0x00000000c2f00000| 99%| O|  |TAMS 0x00000000c2e00000, 0x00000000c2e00000| Untracked 
|  47|0x00000000c2f00000, 0x00000000c2fffff0, 0x00000000c3000000| 99%| O|  |TAMS 0x00000000c2f00000, 0x00000000c2f00000| Untracked 
|  48|0x00000000c3000000, 0x00000000c30ffff8, 0x00000000c3100000| 99%| O|  |TAMS 0x00000000c3000000, 0x00000000c3000000| Untracked 
|  49|0x00000000c3100000, 0x00000000c31ffff0, 0x00000000c3200000| 99%| O|  |TAMS 0x00000000c3100000, 0x00000000c3100000| Untracked 
|  50|0x00000000c3200000, 0x00000000c32ffff0, 0x00000000c3300000| 99%| O|  |TAMS 0x00000000c3200000, 0x00000000c3200000| Untracked 
|  51|0x00000000c3300000, 0x00000000c33ffff8, 0x00000000c3400000| 99%| O|  |TAMS 0x00000000c3300000, 0x00000000c3300000| Untracked 
|  52|0x00000000c3400000, 0x00000000c34ffff8, 0x00000000c3500000| 99%| O|  |TAMS 0x00000000c3400000, 0x00000000c3400000| Untracked 
|  53|0x00000000c3500000, 0x00000000c3600000, 0x00000000c3600000|100%| O|  |TAMS 0x00000000c3500000, 0x00000000c3500000| Untracked 
|  54|0x00000000c3600000, 0x00000000c36ffff0, 0x00000000c3700000| 99%| O|  |TAMS 0x00000000c3600000, 0x00000000c3600000| Untracked 
|  55|0x00000000c3700000, 0x00000000c37ffff8, 0x00000000c3800000| 99%| O|  |TAMS 0x00000000c3700000, 0x00000000c3700000| Untracked 
|  56|0x00000000c3800000, 0x00000000c38ffff0, 0x00000000c3900000| 99%| O|  |TAMS 0x00000000c3800000, 0x00000000c3800000| Untracked 
|  57|0x00000000c3900000, 0x00000000c39ffff0, 0x00000000c3a00000| 99%| O|  |TAMS 0x00000000c3900000, 0x00000000c3900000| Untracked 
|  58|0x00000000c3a00000, 0x00000000c3affff0, 0x00000000c3b00000| 99%| O|  |TAMS 0x00000000c3a00000, 0x00000000c3a00000| Untracked 
|  59|0x00000000c3b00000, 0x00000000c3bfffe8, 0x00000000c3c00000| 99%| O|  |TAMS 0x00000000c3b00000, 0x00000000c3b00000| Untracked 
|  60|0x00000000c3c00000, 0x00000000c3d00000, 0x00000000c3d00000|100%| O|  |TAMS 0x00000000c3c00000, 0x00000000c3c00000| Untracked 
|  61|0x00000000c3d00000, 0x00000000c3d60800, 0x00000000c3e00000| 37%| O|  |TAMS 0x00000000c3d00000, 0x00000000c3d00000| Untracked 
|  62|0x00000000c3e00000, 0x00000000c3e00000, 0x00000000c3f00000|  0%| F|  |TAMS 0x00000000c3e00000, 0x00000000c3e00000| Untracked 
|  63|0x00000000c3f00000, 0x00000000c3f00000, 0x00000000c4000000|  0%| F|  |TAMS 0x00000000c3f00000, 0x00000000c3f00000| Untracked 
|  64|0x00000000c4000000, 0x00000000c4000000, 0x00000000c4100000|  0%| F|  |TAMS 0x00000000c4000000, 0x00000000c4000000| Untracked 
|  65|0x00000000c4100000, 0x00000000c4100000, 0x00000000c4200000|  0%| F|  |TAMS 0x00000000c4100000, 0x00000000c4100000| Untracked 
|  66|0x00000000c4200000, 0x00000000c4200000, 0x00000000c4300000|  0%| F|  |TAMS 0x00000000c4200000, 0x00000000c4200000| Untracked 
|  67|0x00000000c4300000, 0x00000000c4300000, 0x00000000c4400000|  0%| F|  |TAMS 0x00000000c4300000, 0x00000000c4300000| Untracked 
|  68|0x00000000c4400000, 0x00000000c4400000, 0x00000000c4500000|  0%| F|  |TAMS 0x00000000c4400000, 0x00000000c4400000| Untracked 
|  69|0x00000000c4500000, 0x00000000c4500000, 0x00000000c4600000|  0%| F|  |TAMS 0x00000000c4500000, 0x00000000c4500000| Untracked 
|  70|0x00000000c4600000, 0x00000000c4600000, 0x00000000c4700000|  0%| F|  |TAMS 0x00000000c4600000, 0x00000000c4600000| Untracked 
|  71|0x00000000c4700000, 0x00000000c4700000, 0x00000000c4800000|  0%| F|  |TAMS 0x00000000c4700000, 0x00000000c4700000| Untracked 
|  72|0x00000000c4800000, 0x00000000c4800000, 0x00000000c4900000|  0%| F|  |TAMS 0x00000000c4800000, 0x00000000c4800000| Untracked 
|  73|0x00000000c4900000, 0x00000000c4900000, 0x00000000c4a00000|  0%| F|  |TAMS 0x00000000c4900000, 0x00000000c4900000| Untracked 
|  74|0x00000000c4a00000, 0x00000000c4a00000, 0x00000000c4b00000|  0%| F|  |TAMS 0x00000000c4a00000, 0x00000000c4a00000| Untracked 
|  75|0x00000000c4b00000, 0x00000000c4b00000, 0x00000000c4c00000|  0%| F|  |TAMS 0x00000000c4b00000, 0x00000000c4b00000| Untracked 
|  76|0x00000000c4c00000, 0x00000000c4c00000, 0x00000000c4d00000|  0%| F|  |TAMS 0x00000000c4c00000, 0x00000000c4c00000| Untracked 
|  77|0x00000000c4d00000, 0x00000000c4d00000, 0x00000000c4e00000|  0%| F|  |TAMS 0x00000000c4d00000, 0x00000000c4d00000| Untracked 
|  78|0x00000000c4e00000, 0x00000000c4effff0, 0x00000000c4f00000| 99%| O|  |TAMS 0x00000000c4e00000, 0x00000000c4e00000| Untracked 
|  79|0x00000000c4f00000, 0x00000000c4fffff0, 0x00000000c5000000| 99%| O|  |TAMS 0x00000000c4f00000, 0x00000000c4f00000| Untracked 
|  80|0x00000000c5000000, 0x00000000c5100000, 0x00000000c5100000|100%| O|  |TAMS 0x00000000c5000000, 0x00000000c5000000| Untracked 
|  81|0x00000000c5100000, 0x00000000c51fffa8, 0x00000000c5200000| 99%| O|  |TAMS 0x00000000c5100000, 0x00000000c5100000| Untracked 
|  82|0x00000000c5200000, 0x00000000c52ffff8, 0x00000000c5300000| 99%| O|  |TAMS 0x00000000c5200000, 0x00000000c5200000| Untracked 
|  83|0x00000000c5300000, 0x00000000c53ffff8, 0x00000000c5400000| 99%| O|  |TAMS 0x00000000c5300000, 0x00000000c5300000| Untracked 
|  84|0x00000000c5400000, 0x00000000c54ffff8, 0x00000000c5500000| 99%| O|  |TAMS 0x00000000c5400000, 0x00000000c5400000| Untracked 
|  85|0x00000000c5500000, 0x00000000c55ffff0, 0x00000000c5600000| 99%| O|  |TAMS 0x00000000c5500000, 0x00000000c5500000| Untracked 
|  86|0x00000000c5600000, 0x00000000c56ffff0, 0x00000000c5700000| 99%| O|  |TAMS 0x00000000c5600000, 0x00000000c5600000| Untracked 
|  87|0x00000000c5700000, 0x00000000c5800000, 0x00000000c5800000|100%| O|  |TAMS 0x00000000c5700000, 0x00000000c5700000| Untracked 
|  88|0x00000000c5800000, 0x00000000c5873bf0, 0x00000000c5900000| 45%| O|  |TAMS 0x00000000c5800000, 0x00000000c5800000| Untracked 
|  89|0x00000000c5900000, 0x00000000c59ffff0, 0x00000000c5a00000| 99%| O|  |TAMS 0x00000000c5900000, 0x00000000c5900000| Untracked 
|  90|0x00000000c5a00000, 0x00000000c5a6ba20, 0x00000000c5b00000| 42%| O|  |TAMS 0x00000000c5a00000, 0x00000000c5a00000| Untracked 
|  91|0x00000000c5b00000, 0x00000000c5b00000, 0x00000000c5c00000|  0%| F|  |TAMS 0x00000000c5b00000, 0x00000000c5b00000| Untracked 
|  92|0x00000000c5c00000, 0x00000000c5d00000, 0x00000000c5d00000|100%| O|  |TAMS 0x00000000c5c00000, 0x00000000c5c00000| Untracked 
|  93|0x00000000c5d00000, 0x00000000c5e00000, 0x00000000c5e00000|100%| O|  |TAMS 0x00000000c5d00000, 0x00000000c5d00000| Untracked 
|  94|0x00000000c5e00000, 0x00000000c5efa1e8, 0x00000000c5f00000| 97%| O|  |TAMS 0x00000000c5e00000, 0x00000000c5e00000| Untracked 
|  95|0x00000000c5f00000, 0x00000000c5f00000, 0x00000000c6000000|  0%| F|  |TAMS 0x00000000c5f00000, 0x00000000c5f00000| Untracked 
|  96|0x00000000c6000000, 0x00000000c6000000, 0x00000000c6100000|  0%| F|  |TAMS 0x00000000c6000000, 0x00000000c6000000| Untracked 
|  97|0x00000000c6100000, 0x00000000c6100000, 0x00000000c6200000|  0%| F|  |TAMS 0x00000000c6100000, 0x00000000c6100000| Untracked 
|  98|0x00000000c6200000, 0x00000000c6200000, 0x00000000c6300000|  0%| F|  |TAMS 0x00000000c6200000, 0x00000000c6200000| Untracked 
|  99|0x00000000c6300000, 0x00000000c6300000, 0x00000000c6400000|  0%| F|  |TAMS 0x00000000c6300000, 0x00000000c6300000| Untracked 
| 100|0x00000000c6400000, 0x00000000c6400000, 0x00000000c6500000|  0%| F|  |TAMS 0x00000000c6400000, 0x00000000c6400000| Untracked 
| 101|0x00000000c6500000, 0x00000000c6500000, 0x00000000c6600000|  0%| F|  |TAMS 0x00000000c6500000, 0x00000000c6500000| Untracked 
| 102|0x00000000c6600000, 0x00000000c6600000, 0x00000000c6700000|  0%| F|  |TAMS 0x00000000c6600000, 0x00000000c6600000| Untracked 
| 103|0x00000000c6700000, 0x00000000c6700000, 0x00000000c6800000|  0%| F|  |TAMS 0x00000000c6700000, 0x00000000c6700000| Untracked 
| 104|0x00000000c6800000, 0x00000000c6800000, 0x00000000c6900000|  0%| F|  |TAMS 0x00000000c6800000, 0x00000000c6800000| Untracked 
| 105|0x00000000c6900000, 0x00000000c6900000, 0x00000000c6a00000|  0%| F|  |TAMS 0x00000000c6900000, 0x00000000c6900000| Untracked 
| 106|0x00000000c6a00000, 0x00000000c6a00000, 0x00000000c6b00000|  0%| F|  |TAMS 0x00000000c6a00000, 0x00000000c6a00000| Untracked 
| 107|0x00000000c6b00000, 0x00000000c6b00000, 0x00000000c6c00000|  0%| F|  |TAMS 0x00000000c6b00000, 0x00000000c6b00000| Untracked 
| 108|0x00000000c6c00000, 0x00000000c6c00000, 0x00000000c6d00000|  0%| F|  |TAMS 0x00000000c6c00000, 0x00000000c6c00000| Untracked 
| 109|0x00000000c6d00000, 0x00000000c6d00000, 0x00000000c6e00000|  0%| F|  |TAMS 0x00000000c6d00000, 0x00000000c6d00000| Untracked 
| 110|0x00000000c6e00000, 0x00000000c6e00000, 0x00000000c6f00000|  0%| F|  |TAMS 0x00000000c6e00000, 0x00000000c6e00000| Untracked 
| 111|0x00000000c6f00000, 0x00000000c6f00000, 0x00000000c7000000|  0%| F|  |TAMS 0x00000000c6f00000, 0x00000000c6f00000| Untracked 
| 112|0x00000000c7000000, 0x00000000c7000000, 0x00000000c7100000|  0%| F|  |TAMS 0x00000000c7000000, 0x00000000c7000000| Untracked 
| 113|0x00000000c7100000, 0x00000000c7100000, 0x00000000c7200000|  0%| F|  |TAMS 0x00000000c7100000, 0x00000000c7100000| Untracked 
| 114|0x00000000c7200000, 0x00000000c7200000, 0x00000000c7300000|  0%| F|  |TAMS 0x00000000c7200000, 0x00000000c7200000| Untracked 
| 115|0x00000000c7300000, 0x00000000c7300000, 0x00000000c7400000|  0%| F|  |TAMS 0x00000000c7300000, 0x00000000c7300000| Untracked 
| 116|0x00000000c7400000, 0x00000000c7400000, 0x00000000c7500000|  0%| F|  |TAMS 0x00000000c7400000, 0x00000000c7400000| Untracked 
| 117|0x00000000c7500000, 0x00000000c7500000, 0x00000000c7600000|  0%| F|  |TAMS 0x00000000c7500000, 0x00000000c7500000| Untracked 
| 118|0x00000000c7600000, 0x00000000c7600000, 0x00000000c7700000|  0%| F|  |TAMS 0x00000000c7600000, 0x00000000c7600000| Untracked 
| 119|0x00000000c7700000, 0x00000000c7700000, 0x00000000c7800000|  0%| F|  |TAMS 0x00000000c7700000, 0x00000000c7700000| Untracked 
| 120|0x00000000c7800000, 0x00000000c7800000, 0x00000000c7900000|  0%| F|  |TAMS 0x00000000c7800000, 0x00000000c7800000| Untracked 
| 121|0x00000000c7900000, 0x00000000c79ffff0, 0x00000000c7a00000| 99%| O|  |TAMS 0x00000000c7900000, 0x00000000c7900000| Untracked 
| 122|0x00000000c7a00000, 0x00000000c7a00000, 0x00000000c7b00000|  0%| F|  |TAMS 0x00000000c7a00000, 0x00000000c7a00000| Untracked 
| 123|0x00000000c7b00000, 0x00000000c7b00000, 0x00000000c7c00000|  0%| F|  |TAMS 0x00000000c7b00000, 0x00000000c7b00000| Untracked 
| 124|0x00000000c7c00000, 0x00000000c7c00000, 0x00000000c7d00000|  0%| F|  |TAMS 0x00000000c7c00000, 0x00000000c7c00000| Untracked 
| 125|0x00000000c7d00000, 0x00000000c7d00000, 0x00000000c7e00000|  0%| F|  |TAMS 0x00000000c7d00000, 0x00000000c7d00000| Untracked 
| 126|0x00000000c7e00000, 0x00000000c7e00000, 0x00000000c7f00000|  0%| F|  |TAMS 0x00000000c7e00000, 0x00000000c7e00000| Untracked 
| 127|0x00000000c7f00000, 0x00000000c7f00000, 0x00000000c8000000|  0%| F|  |TAMS 0x00000000c7f00000, 0x00000000c7f00000| Untracked 
| 128|0x00000000c8000000, 0x00000000c8000000, 0x00000000c8100000|  0%| F|  |TAMS 0x00000000c8000000, 0x00000000c8000000| Untracked 
| 129|0x00000000c8100000, 0x00000000c8100000, 0x00000000c8200000|  0%| F|  |TAMS 0x00000000c8100000, 0x00000000c8100000| Untracked 
| 130|0x00000000c8200000, 0x00000000c8200000, 0x00000000c8300000|  0%| F|  |TAMS 0x00000000c8200000, 0x00000000c8200000| Untracked 
| 131|0x00000000c8300000, 0x00000000c8300000, 0x00000000c8400000|  0%| F|  |TAMS 0x00000000c8300000, 0x00000000c8300000| Untracked 
| 132|0x00000000c8400000, 0x00000000c8400000, 0x00000000c8500000|  0%| F|  |TAMS 0x00000000c8400000, 0x00000000c8400000| Untracked 
| 133|0x00000000c8500000, 0x00000000c8500000, 0x00000000c8600000|  0%| F|  |TAMS 0x00000000c8500000, 0x00000000c8500000| Untracked 
| 134|0x00000000c8600000, 0x00000000c8600000, 0x00000000c8700000|  0%| F|  |TAMS 0x00000000c8600000, 0x00000000c8600000| Untracked 
| 135|0x00000000c8700000, 0x00000000c8700000, 0x00000000c8800000|  0%| F|  |TAMS 0x00000000c8700000, 0x00000000c8700000| Untracked 
| 136|0x00000000c8800000, 0x00000000c8800000, 0x00000000c8900000|  0%| F|  |TAMS 0x00000000c8800000, 0x00000000c8800000| Untracked 
| 137|0x00000000c8900000, 0x00000000c8900000, 0x00000000c8a00000|  0%| F|  |TAMS 0x00000000c8900000, 0x00000000c8900000| Untracked 
| 138|0x00000000c8a00000, 0x00000000c8a00000, 0x00000000c8b00000|  0%| F|  |TAMS 0x00000000c8a00000, 0x00000000c8a00000| Untracked 
| 139|0x00000000c8b00000, 0x00000000c8b00000, 0x00000000c8c00000|  0%| F|  |TAMS 0x00000000c8b00000, 0x00000000c8b00000| Untracked 
| 140|0x00000000c8c00000, 0x00000000c8c00000, 0x00000000c8d00000|  0%| F|  |TAMS 0x00000000c8c00000, 0x00000000c8c00000| Untracked 
| 141|0x00000000c8d00000, 0x00000000c8d00000, 0x00000000c8e00000|  0%| F|  |TAMS 0x00000000c8d00000, 0x00000000c8d00000| Untracked 
| 142|0x00000000c8e00000, 0x00000000c8e00000, 0x00000000c8f00000|  0%| F|  |TAMS 0x00000000c8e00000, 0x00000000c8e00000| Untracked 
| 143|0x00000000c8f00000, 0x00000000c8f00000, 0x00000000c9000000|  0%| F|  |TAMS 0x00000000c8f00000, 0x00000000c8f00000| Untracked 
| 144|0x00000000c9000000, 0x00000000c9000000, 0x00000000c9100000|  0%| F|  |TAMS 0x00000000c9000000, 0x00000000c9000000| Untracked 
| 145|0x00000000c9100000, 0x00000000c9100000, 0x00000000c9200000|  0%| F|  |TAMS 0x00000000c9100000, 0x00000000c9100000| Untracked 
| 146|0x00000000c9200000, 0x00000000c9200000, 0x00000000c9300000|  0%| F|  |TAMS 0x00000000c9200000, 0x00000000c9200000| Untracked 
| 147|0x00000000c9300000, 0x00000000c9300000, 0x00000000c9400000|  0%| F|  |TAMS 0x00000000c9300000, 0x00000000c9300000| Untracked 
| 148|0x00000000c9400000, 0x00000000c9400000, 0x00000000c9500000|  0%| F|  |TAMS 0x00000000c9400000, 0x00000000c9400000| Untracked 
| 149|0x00000000c9500000, 0x00000000c9500000, 0x00000000c9600000|  0%| F|  |TAMS 0x00000000c9500000, 0x00000000c9500000| Untracked 
| 150|0x00000000c9600000, 0x00000000c9600000, 0x00000000c9700000|  0%| F|  |TAMS 0x00000000c9600000, 0x00000000c9600000| Untracked 
| 151|0x00000000c9700000, 0x00000000c9700000, 0x00000000c9800000|  0%| F|  |TAMS 0x00000000c9700000, 0x00000000c9700000| Untracked 
| 152|0x00000000c9800000, 0x00000000c9800000, 0x00000000c9900000|  0%| F|  |TAMS 0x00000000c9800000, 0x00000000c9800000| Untracked 
| 153|0x00000000c9900000, 0x00000000c9900000, 0x00000000c9a00000|  0%| F|  |TAMS 0x00000000c9900000, 0x00000000c9900000| Untracked 
| 154|0x00000000c9a00000, 0x00000000c9a00000, 0x00000000c9b00000|  0%| F|  |TAMS 0x00000000c9a00000, 0x00000000c9a00000| Untracked 
| 155|0x00000000c9b00000, 0x00000000c9bffff8, 0x00000000c9c00000| 99%| O|  |TAMS 0x00000000c9b00000, 0x00000000c9b00000| Untracked 
| 156|0x00000000c9c00000, 0x00000000c9c00000, 0x00000000c9d00000|  0%| F|  |TAMS 0x00000000c9c00000, 0x00000000c9c00000| Untracked 
| 157|0x00000000c9d00000, 0x00000000c9d00000, 0x00000000c9e00000|  0%| F|  |TAMS 0x00000000c9d00000, 0x00000000c9d00000| Untracked 
| 158|0x00000000c9e00000, 0x00000000c9e00000, 0x00000000c9f00000|  0%| F|  |TAMS 0x00000000c9e00000, 0x00000000c9e00000| Untracked 
| 159|0x00000000c9f00000, 0x00000000c9f00000, 0x00000000ca000000|  0%| F|  |TAMS 0x00000000c9f00000, 0x00000000c9f00000| Untracked 
| 160|0x00000000ca000000, 0x00000000ca041ad0, 0x00000000ca100000| 25%| O|  |TAMS 0x00000000ca000000, 0x00000000ca000000| Untracked 
| 161|0x00000000ca100000, 0x00000000ca100000, 0x00000000ca200000|  0%| F|  |TAMS 0x00000000ca100000, 0x00000000ca100000| Untracked 
| 162|0x00000000ca200000, 0x00000000ca200000, 0x00000000ca300000|  0%| F|  |TAMS 0x00000000ca200000, 0x00000000ca200000| Untracked 
| 163|0x00000000ca300000, 0x00000000ca300000, 0x00000000ca400000|  0%| F|  |TAMS 0x00000000ca300000, 0x00000000ca300000| Untracked 
| 164|0x00000000ca400000, 0x00000000ca400000, 0x00000000ca500000|  0%| F|  |TAMS 0x00000000ca400000, 0x00000000ca400000| Untracked 
| 165|0x00000000ca500000, 0x00000000ca500000, 0x00000000ca600000|  0%| F|  |TAMS 0x00000000ca500000, 0x00000000ca500000| Untracked 
| 166|0x00000000ca600000, 0x00000000ca600000, 0x00000000ca700000|  0%| F|  |TAMS 0x00000000ca600000, 0x00000000ca600000| Untracked 
| 167|0x00000000ca700000, 0x00000000ca700000, 0x00000000ca800000|  0%| F|  |TAMS 0x00000000ca700000, 0x00000000ca700000| Untracked 
| 168|0x00000000ca800000, 0x00000000ca800000, 0x00000000ca900000|  0%| F|  |TAMS 0x00000000ca800000, 0x00000000ca800000| Untracked 
| 169|0x00000000ca900000, 0x00000000ca900000, 0x00000000caa00000|  0%| F|  |TAMS 0x00000000ca900000, 0x00000000ca900000| Untracked 
| 170|0x00000000caa00000, 0x00000000caa00000, 0x00000000cab00000|  0%| F|  |TAMS 0x00000000caa00000, 0x00000000caa00000| Untracked 
| 171|0x00000000cab00000, 0x00000000cab00000, 0x00000000cac00000|  0%| F|  |TAMS 0x00000000cab00000, 0x00000000cab00000| Untracked 
| 172|0x00000000cac00000, 0x00000000cac00000, 0x00000000cad00000|  0%| F|  |TAMS 0x00000000cac00000, 0x00000000cac00000| Untracked 
| 173|0x00000000cad00000, 0x00000000cad00000, 0x00000000cae00000|  0%| F|  |TAMS 0x00000000cad00000, 0x00000000cad00000| Untracked 
| 174|0x00000000cae00000, 0x00000000cae00000, 0x00000000caf00000|  0%| F|  |TAMS 0x00000000cae00000, 0x00000000cae00000| Untracked 
| 175|0x00000000caf00000, 0x00000000caf00000, 0x00000000cb000000|  0%| F|  |TAMS 0x00000000caf00000, 0x00000000caf00000| Untracked 
| 176|0x00000000cb000000, 0x00000000cb000000, 0x00000000cb100000|  0%| F|  |TAMS 0x00000000cb000000, 0x00000000cb000000| Untracked 
| 177|0x00000000cb100000, 0x00000000cb100000, 0x00000000cb200000|  0%| F|  |TAMS 0x00000000cb100000, 0x00000000cb100000| Untracked 
| 178|0x00000000cb200000, 0x00000000cb200000, 0x00000000cb300000|  0%| F|  |TAMS 0x00000000cb200000, 0x00000000cb200000| Untracked 
| 179|0x00000000cb300000, 0x00000000cb300000, 0x00000000cb400000|  0%| F|  |TAMS 0x00000000cb300000, 0x00000000cb300000| Untracked 
| 180|0x00000000cb400000, 0x00000000cb400000, 0x00000000cb500000|  0%| F|  |TAMS 0x00000000cb400000, 0x00000000cb400000| Untracked 
| 181|0x00000000cb500000, 0x00000000cb500000, 0x00000000cb600000|  0%| F|  |TAMS 0x00000000cb500000, 0x00000000cb500000| Untracked 
| 182|0x00000000cb600000, 0x00000000cb6866c0, 0x00000000cb700000| 52%| E|  |TAMS 0x00000000cb600000, 0x00000000cb600000| Complete 
| 183|0x00000000cb700000, 0x00000000cb800000, 0x00000000cb800000|100%| E|CS|TAMS 0x00000000cb700000, 0x00000000cb700000| Complete 
| 184|0x00000000cb800000, 0x00000000cb900000, 0x00000000cb900000|100%| E|CS|TAMS 0x00000000cb800000, 0x00000000cb800000| Complete 
| 185|0x00000000cb900000, 0x00000000cba00000, 0x00000000cba00000|100%| E|CS|TAMS 0x00000000cb900000, 0x00000000cb900000| Complete 
| 186|0x00000000cba00000, 0x00000000cbb00000, 0x00000000cbb00000|100%| E|CS|TAMS 0x00000000cba00000, 0x00000000cba00000| Complete 
| 187|0x00000000cbb00000, 0x00000000cbc00000, 0x00000000cbc00000|100%| E|CS|TAMS 0x00000000cbb00000, 0x00000000cbb00000| Complete 
| 188|0x00000000cbc00000, 0x00000000cbd00000, 0x00000000cbd00000|100%| E|CS|TAMS 0x00000000cbc00000, 0x00000000cbc00000| Complete 
| 189|0x00000000cbd00000, 0x00000000cbe00000, 0x00000000cbe00000|100%| E|CS|TAMS 0x00000000cbd00000, 0x00000000cbd00000| Complete 
| 190|0x00000000cbe00000, 0x00000000cbf00000, 0x00000000cbf00000|100%| E|CS|TAMS 0x00000000cbe00000, 0x00000000cbe00000| Complete 
| 191|0x00000000cbf00000, 0x00000000cc000000, 0x00000000cc000000|100%| E|CS|TAMS 0x00000000cbf00000, 0x00000000cbf00000| Complete 
| 192|0x00000000cc000000, 0x00000000cc100000, 0x00000000cc100000|100%| E|CS|TAMS 0x00000000cc000000, 0x00000000cc000000| Complete 
| 193|0x00000000cc100000, 0x00000000cc200000, 0x00000000cc200000|100%| E|CS|TAMS 0x00000000cc100000, 0x00000000cc100000| Complete 
| 194|0x00000000cc200000, 0x00000000cc300000, 0x00000000cc300000|100%| E|CS|TAMS 0x00000000cc200000, 0x00000000cc200000| Complete 
| 195|0x00000000cc300000, 0x00000000cc400000, 0x00000000cc400000|100%| E|CS|TAMS 0x00000000cc300000, 0x00000000cc300000| Complete 
| 196|0x00000000cc400000, 0x00000000cc500000, 0x00000000cc500000|100%| E|CS|TAMS 0x00000000cc400000, 0x00000000cc400000| Complete 
| 197|0x00000000cc500000, 0x00000000cc600000, 0x00000000cc600000|100%| E|CS|TAMS 0x00000000cc500000, 0x00000000cc500000| Complete 
| 198|0x00000000cc600000, 0x00000000cc700000, 0x00000000cc700000|100%| E|CS|TAMS 0x00000000cc600000, 0x00000000cc600000| Complete 
| 199|0x00000000cc700000, 0x00000000cc800000, 0x00000000cc800000|100%| E|CS|TAMS 0x00000000cc700000, 0x00000000cc700000| Complete 
| 200|0x00000000cc800000, 0x00000000cc900000, 0x00000000cc900000|100%| E|CS|TAMS 0x00000000cc800000, 0x00000000cc800000| Complete 
| 201|0x00000000cc900000, 0x00000000cca00000, 0x00000000cca00000|100%| E|CS|TAMS 0x00000000cc900000, 0x00000000cc900000| Complete 
| 202|0x00000000cca00000, 0x00000000ccb00000, 0x00000000ccb00000|100%| E|CS|TAMS 0x00000000cca00000, 0x00000000cca00000| Complete 
| 203|0x00000000ccb00000, 0x00000000ccc00000, 0x00000000ccc00000|100%| E|CS|TAMS 0x00000000ccb00000, 0x00000000ccb00000| Complete 
| 204|0x00000000ccc00000, 0x00000000ccd00000, 0x00000000ccd00000|100%| E|CS|TAMS 0x00000000ccc00000, 0x00000000ccc00000| Complete 
| 205|0x00000000ccd00000, 0x00000000cce00000, 0x00000000cce00000|100%| E|CS|TAMS 0x00000000ccd00000, 0x00000000ccd00000| Complete 
| 206|0x00000000cce00000, 0x00000000ccf00000, 0x00000000ccf00000|100%| E|CS|TAMS 0x00000000cce00000, 0x00000000cce00000| Complete 
| 207|0x00000000ccf00000, 0x00000000cd000000, 0x00000000cd000000|100%| E|CS|TAMS 0x00000000ccf00000, 0x00000000ccf00000| Complete 
| 208|0x00000000cd000000, 0x00000000cd100000, 0x00000000cd100000|100%| E|CS|TAMS 0x00000000cd000000, 0x00000000cd000000| Complete 
| 209|0x00000000cd100000, 0x00000000cd200000, 0x00000000cd200000|100%| E|CS|TAMS 0x00000000cd100000, 0x00000000cd100000| Complete 
| 210|0x00000000cd200000, 0x00000000cd300000, 0x00000000cd300000|100%| E|CS|TAMS 0x00000000cd200000, 0x00000000cd200000| Complete 
| 211|0x00000000cd300000, 0x00000000cd400000, 0x00000000cd400000|100%| E|CS|TAMS 0x00000000cd300000, 0x00000000cd300000| Complete 
| 212|0x00000000cd400000, 0x00000000cd500000, 0x00000000cd500000|100%| E|CS|TAMS 0x00000000cd400000, 0x00000000cd400000| Complete 
| 213|0x00000000cd500000, 0x00000000cd600000, 0x00000000cd600000|100%| E|CS|TAMS 0x00000000cd500000, 0x00000000cd500000| Complete 
| 214|0x00000000cd600000, 0x00000000cd700000, 0x00000000cd700000|100%| E|CS|TAMS 0x00000000cd600000, 0x00000000cd600000| Complete 
| 215|0x00000000cd700000, 0x00000000cd800000, 0x00000000cd800000|100%| E|CS|TAMS 0x00000000cd700000, 0x00000000cd700000| Complete 
| 216|0x00000000cd800000, 0x00000000cd900000, 0x00000000cd900000|100%| E|CS|TAMS 0x00000000cd800000, 0x00000000cd800000| Complete 
| 217|0x00000000cd900000, 0x00000000cda00000, 0x00000000cda00000|100%| E|CS|TAMS 0x00000000cd900000, 0x00000000cd900000| Complete 
| 218|0x00000000cda00000, 0x00000000cdb00000, 0x00000000cdb00000|100%| E|CS|TAMS 0x00000000cda00000, 0x00000000cda00000| Complete 
| 219|0x00000000cdb00000, 0x00000000cdc00000, 0x00000000cdc00000|100%| E|CS|TAMS 0x00000000cdb00000, 0x00000000cdb00000| Complete 

Card table byte_map: [0x000001339d310000,0x000001339d510000] _byte_map_base: 0x000001339cd10000

Marking Bits (Prev, Next): (CMBitMap*) 0x00000133824530a0, (CMBitMap*) 0x00000133824530e0
 Prev Bits: [0x000001339d710000, 0x000001339e710000)
 Next Bits: [0x000001339e710000, 0x000001339f710000)

Polling page: 0x000001338d440000

Metaspace:

Usage:
  Non-class:      8.13 MB used.
      Class:      1.44 MB used.
       Both:      9.57 MB used.

Virtual space:
  Non-class space:       16.00 MB reserved,       8.25 MB ( 52%) committed,  2 nodes.
      Class space:        1.00 GB reserved,       1.56 MB ( <1%) committed,  1 nodes.
              Both:        1.02 GB reserved,       9.81 MB ( <1%) committed. 

Chunk freelists:
   Non-Class:  2.47 MB
       Class:  2.47 MB
        Both:  4.94 MB

MaxMetaspaceSize: 17179869184.00 GB
CompressedClassSpaceSize: 1.00 GB
 - commit_granule_bytes: 65536.
 - commit_granule_words: 8192.
 - virtual_space_node_default_size: 1048576.
 - enlarge_chunks_in_place: 1.
 - new_chunks_are_fully_committed: 0.
 - uncommit_free_chunks: 1.
 - use_allocation_guard: 0.
 - handle_deallocations: 1.


Internal statistics:

num_allocs_failed_limit: 0.
num_arena_births: 96.
num_arena_deaths: 0.
num_vsnodes_births: 3.
num_vsnodes_deaths: 0.
num_space_committed: 157.
num_space_uncommitted: 0.
num_chunks_returned_to_freelist: 0.
num_chunks_taken_from_freelist: 372.
num_chunk_merges: 0.
num_chunk_splits: 279.
num_chunks_enlarged: 233.
num_purges: 0.

CodeHeap 'non-profiled nmethods': size=120000Kb used=1818Kb max_used=1818Kb free=118182Kb
 bounds [0x0000013394f30000, 0x00000133951a0000, 0x000001339c460000]
CodeHeap 'profiled nmethods': size=120000Kb used=4852Kb max_used=4852Kb free=115147Kb
 bounds [0x000001338da00000, 0x000001338dec0000, 0x0000013394f30000]
CodeHeap 'non-nmethods': size=5760Kb used=1166Kb max_used=1296Kb free=4593Kb
 bounds [0x000001338d460000, 0x000001338d6d0000, 0x000001338da00000]
 total_blobs=3225 nmethods=2778 adapters=358
 compilation: enabled
              stopped_count=0, restarted_count=0
 full_count=0

Compilation events (20 events):
Event: 3.394 Thread 0x000001338201a4e0 2772       3       jdk.internal.reflect.ClassFileAssembler::cpi (22 bytes)
Event: 3.395 Thread 0x000001338201a4e0 nmethod 2772 0x000001338debc290 code [0x000001338debc440, 0x000001338debc668]
Event: 3.395 Thread 0x000001338201a4e0 2775       3       jdk.internal.reflect.ByteVectorImpl::getLength (7 bytes)
Event: 3.395 Thread 0x000001338201a4e0 nmethod 2775 0x000001338debc710 code [0x000001338debc8a0, 0x000001338debc9b8]
Event: 3.395 Thread 0x000001338201a4e0 2777       3       java.lang.Integer::hashCode (8 bytes)
Event: 3.395 Thread 0x000001338201a4e0 nmethod 2777 0x000001338debca90 code [0x000001338debcc40, 0x000001338debcd98]
Event: 3.395 Thread 0x000001338201a4e0 2778       3       java.lang.Integer::hashCode (2 bytes)
Event: 3.395 Thread 0x000001338201a4e0 nmethod 2778 0x000001338debce90 code [0x000001338debd020, 0x000001338debd118]
Event: 3.395 Thread 0x000001338201a4e0 2776       1       scala.collection.mutable.HashMap::seedvalue (5 bytes)
Event: 3.396 Thread 0x000001338201a4e0 nmethod 2776 0x00000133950f4f90 code [0x00000133950f5120, 0x00000133950f51f8]
Event: 3.396 Thread 0x000001338201a4e0 2779       1       scala.collection.mutable.HashMap::sizemap (5 bytes)
Event: 3.396 Thread 0x000001338201a4e0 nmethod 2779 0x00000133950f5290 code [0x00000133950f5420, 0x00000133950f54f8]
Event: 3.396 Thread 0x000001338201a4e0 2780       1       scala.collection.mutable.DefaultEntry::next_$eq (6 bytes)
Event: 3.396 Thread 0x0000013382019f50 nmethod 2765 0x00000133950f5590 code [0x00000133950f5720, 0x00000133950f5938]
Event: 3.396 Thread 0x000001338201a4e0 nmethod 2780 0x00000133950f5a90 code [0x00000133950f5c20, 0x00000133950f5d38]
Event: 3.396 Thread 0x000001338201a4e0 2781       1       scala.collection.mutable.DefaultEntry::key (5 bytes)
Event: 3.396 Thread 0x000001338201a4e0 nmethod 2781 0x00000133950f5d90 code [0x00000133950f5f20, 0x00000133950f5ff8]
Event: 3.396 Thread 0x000001338201a4e0 2782       1       scala.collection.mutable.DefaultEntry::next (5 bytes)
Event: 3.396 Thread 0x000001338201a4e0 nmethod 2782 0x00000133950f6090 code [0x00000133950f6220, 0x00000133950f62f8]
Event: 3.396 Thread 0x00000133a3331900 nmethod 2774 0x00000133950f6390 code [0x00000133950f6520, 0x00000133950f6668]

GC Heap History (20 events):
Event: 2.363 GC heap before
{Heap before GC invocations=28 (full 10):
 garbage-first heap   total 130048K, used 40393K [0x00000000c0000000, 0x0000000100000000)
  region size 1024K, 4 young (4096K), 0 survivors (0K)
 Metaspace       used 8645K, committed 8832K, reserved 1064960K
  class space    used 1313K, committed 1408K, reserved 1048576K
}
Event: 2.392 GC heap after
{Heap after GC invocations=29 (full 11):
 garbage-first heap   total 130048K, used 37811K [0x00000000c0000000, 0x0000000100000000)
  region size 1024K, 0 young (0K), 0 survivors (0K)
 Metaspace       used 8645K, committed 8832K, reserved 1064960K
  class space    used 1313K, committed 1408K, reserved 1048576K
}
Event: 2.608 GC heap before
{Heap before GC invocations=29 (full 11):
 garbage-first heap   total 130048K, used 81843K [0x00000000c0000000, 0x0000000100000000)
  region size 1024K, 42 young (43008K), 0 survivors (0K)
 Metaspace       used 9443K, committed 9664K, reserved 1064960K
  class space    used 1412K, committed 1536K, reserved 1048576K
}
Event: 2.619 GC heap after
{Heap after GC invocations=30 (full 11):
 garbage-first heap   total 130048K, used 45850K [0x00000000c0000000, 0x0000000100000000)
  region size 1024K, 6 young (6144K), 6 survivors (6144K)
 Metaspace       used 9443K, committed 9664K, reserved 1064960K
  class space    used 1412K, committed 1536K, reserved 1048576K
}
Event: 2.691 GC heap before
{Heap before GC invocations=30 (full 11):
 garbage-first heap   total 130048K, used 86810K [0x00000000c0000000, 0x0000000100000000)
  region size 1024K, 46 young (47104K), 6 survivors (6144K)
 Metaspace       used 9483K, committed 9728K, reserved 1064960K
  class space    used 1412K, committed 1536K, reserved 1048576K
}
Event: 2.702 GC heap after
{Heap after GC invocations=31 (full 11):
 garbage-first heap   total 130048K, used 51394K [0x00000000c0000000, 0x0000000100000000)
  region size 1024K, 6 young (6144K), 6 survivors (6144K)
 Metaspace       used 9483K, committed 9728K, reserved 1064960K
  class space    used 1412K, committed 1536K, reserved 1048576K
}
Event: 2.702 GC heap before
{Heap before GC invocations=31 (full 11):
 garbage-first heap   total 130048K, used 51394K [0x00000000c0000000, 0x0000000100000000)
  region size 1024K, 7 young (7168K), 6 survivors (6144K)
 Metaspace       used 9483K, committed 9728K, reserved 1064960K
  class space    used 1412K, committed 1536K, reserved 1048576K
}
Event: 2.744 GC heap after
{Heap after GC invocations=32 (full 12):
 garbage-first heap   total 130048K, used 50821K [0x00000000c0000000, 0x0000000100000000)
  region size 1024K, 0 young (0K), 0 survivors (0K)
 Metaspace       used 9483K, committed 9728K, reserved 1064960K
  class space    used 1412K, committed 1536K, reserved 1048576K
}
Event: 2.789 GC heap before
{Heap before GC invocations=32 (full 12):
 garbage-first heap   total 130048K, used 90757K [0x00000000c0000000, 0x0000000100000000)
  region size 1024K, 39 young (39936K), 0 survivors (0K)
 Metaspace       used 9483K, committed 9728K, reserved 1064960K
  class space    used 1412K, committed 1536K, reserved 1048576K
}
Event: 2.797 GC heap after
{Heap after GC invocations=33 (full 12):
 garbage-first heap   total 130048K, used 56567K [0x00000000c0000000, 0x0000000100000000)
  region size 1024K, 5 young (5120K), 5 survivors (5120K)
 Metaspace       used 9483K, committed 9728K, reserved 1064960K
  class space    used 1412K, committed 1536K, reserved 1048576K
}
Event: 2.845 GC heap before
{Heap before GC invocations=33 (full 12):
 garbage-first heap   total 130048K, used 93431K [0x00000000c0000000, 0x0000000100000000)
  region size 1024K, 41 young (41984K), 5 survivors (5120K)
 Metaspace       used 9560K, committed 9792K, reserved 1064960K
  class space    used 1453K, committed 1536K, reserved 1048576K
}
Event: 2.858 GC heap after
{Heap after GC invocations=34 (full 12):
 garbage-first heap   total 390144K, used 61583K [0x00000000c0000000, 0x0000000100000000)
  region size 1024K, 6 young (6144K), 6 survivors (6144K)
 Metaspace       used 9560K, committed 9792K, reserved 1064960K
  class space    used 1453K, committed 1536K, reserved 1048576K
}
Event: 2.900 GC heap before
{Heap before GC invocations=34 (full 12):
 garbage-first heap   total 390144K, used 81039K [0x00000000c0000000, 0x0000000100000000)
  region size 1024K, 26 young (26624K), 6 survivors (6144K)
 Metaspace       used 9564K, committed 9792K, reserved 1064960K
  class space    used 1453K, committed 1536K, reserved 1048576K
}
Event: 2.941 GC heap after
{Heap after GC invocations=35 (full 13):
 garbage-first heap   total 229376K, used 62114K [0x00000000c0000000, 0x0000000100000000)
  region size 1024K, 0 young (0K), 0 survivors (0K)
 Metaspace       used 9564K, committed 9792K, reserved 1064960K
  class space    used 1453K, committed 1536K, reserved 1048576K
}
Event: 3.011 GC heap before
{Heap before GC invocations=35 (full 13):
 garbage-first heap   total 229376K, used 105122K [0x00000000c0000000, 0x0000000100000000)
  region size 1024K, 43 young (44032K), 0 survivors (0K)
 Metaspace       used 9571K, committed 9792K, reserved 1064960K
  class space    used 1453K, committed 1536K, reserved 1048576K
}
Event: 3.059 GC heap after
{Heap after GC invocations=36 (full 14):
 garbage-first heap   total 225280K, used 62468K [0x00000000c0000000, 0x0000000100000000)
  region size 1024K, 0 young (0K), 0 survivors (0K)
 Metaspace       used 9571K, committed 9792K, reserved 1064960K
  class space    used 1453K, committed 1536K, reserved 1048576K
}
Event: 3.187 GC heap before
{Heap before GC invocations=36 (full 14):
 garbage-first heap   total 225280K, used 157700K [0x00000000c0000000, 0x0000000100000000)
  region size 1024K, 93 young (95232K), 0 survivors (0K)
 Metaspace       used 9573K, committed 9792K, reserved 1064960K
  class space    used 1453K, committed 1536K, reserved 1048576K
}
Event: 3.196 GC heap after
{Heap after GC invocations=37 (full 14):
 garbage-first heap   total 225280K, used 73548K [0x00000000c0000000, 0x0000000100000000)
  region size 1024K, 11 young (11264K), 11 survivors (11264K)
 Metaspace       used 9573K, committed 9792K, reserved 1064960K
  class space    used 1453K, committed 1536K, reserved 1048576K
}
Event: 3.270 GC heap before
{Heap before GC invocations=37 (full 14):
 garbage-first heap   total 225280K, used 144204K [0x00000000c0000000, 0x0000000100000000)
  region size 1024K, 81 young (82944K), 11 survivors (11264K)
 Metaspace       used 9575K, committed 9792K, reserved 1064960K
  class space    used 1453K, committed 1536K, reserved 1048576K
}
Event: 3.335 GC heap after
{Heap after GC invocations=38 (full 15):
 garbage-first heap   total 225280K, used 80366K [0x00000000c0000000, 0x0000000100000000)
  region size 1024K, 0 young (0K), 0 survivors (0K)
 Metaspace       used 9575K, committed 9792K, reserved 1064960K
  class space    used 1453K, committed 1536K, reserved 1048576K
}

Deoptimization events (20 events):
Event: 3.246 Thread 0x000001338260e260 Uncommon trap: trap_request=0xffffffc6 fr.pc=0x00000133950bc324 relative=0x0000000000002c44
Event: 3.246 Thread 0x000001338260e260 Uncommon trap: reason=bimorphic_or_optimized_type_check action=maybe_recompile pc=0x00000133950bc324 method=scala.collection.immutable.HashMap$HashTrieMap.updated0(Ljava/lang/Object;IILjava/lang/Object;Lscala/Tuple2;Lscala/collection/immutable/HashMap$Mer
Event: 3.246 Thread 0x000001338260e260 DEOPT PACKING pc=0x00000133950bc324 sp=0x0000002a90ded620
Event: 3.246 Thread 0x000001338260e260 DEOPT UNPACKING pc=0x000001338d4ad72e sp=0x0000002a90ded428 mode 2
Event: 3.377 Thread 0x000001338260e260 Uncommon trap: trap_request=0xffffff45 fr.pc=0x000001339500b75c relative=0x0000000000000afc
Event: 3.377 Thread 0x000001338260e260 Uncommon trap: reason=unstable_if action=reinterpret pc=0x000001339500b75c method=scala.collection.immutable.HashMap$HashTrieMap.get0(Ljava/lang/Object;II)Lscala/Option; @ 13 c2
Event: 3.377 Thread 0x000001338260e260 DEOPT PACKING pc=0x000001339500b75c sp=0x0000002a90dedc40
Event: 3.377 Thread 0x000001338260e260 DEOPT UNPACKING pc=0x000001338d4ad72e sp=0x0000002a90deda30 mode 2
Event: 3.377 Thread 0x000001338260e260 Uncommon trap: trap_request=0xffffff45 fr.pc=0x0000013394ffbf28 relative=0x0000000000000608
Event: 3.377 Thread 0x000001338260e260 Uncommon trap: reason=unstable_if action=reinterpret pc=0x0000013394ffbf28 method=scala.collection.immutable.HashMap$HashTrieMap.get0(Ljava/lang/Object;II)Lscala/Option; @ 13 c2
Event: 3.377 Thread 0x000001338260e260 DEOPT PACKING pc=0x0000013394ffbf28 sp=0x0000002a90deda00
Event: 3.377 Thread 0x000001338260e260 DEOPT UNPACKING pc=0x000001338d4ad72e sp=0x0000002a90ded990 mode 2
Event: 3.377 Thread 0x000001338260e260 Uncommon trap: trap_request=0xffffff45 fr.pc=0x000001339500d7dc relative=0x0000000000000afc
Event: 3.377 Thread 0x000001338260e260 Uncommon trap: reason=unstable_if action=reinterpret pc=0x000001339500d7dc method=scala.collection.immutable.HashMap$HashTrieMap.get0(Ljava/lang/Object;II)Lscala/Option; @ 13 c2
Event: 3.377 Thread 0x000001338260e260 DEOPT PACKING pc=0x000001339500d7dc sp=0x0000002a90dedb90
Event: 3.377 Thread 0x000001338260e260 DEOPT UNPACKING pc=0x000001338d4ad72e sp=0x0000002a90deda40 mode 2
Event: 3.408 Thread 0x000001338260e260 Uncommon trap: trap_request=0xffffff45 fr.pc=0x0000013395078420 relative=0x0000000000000280
Event: 3.408 Thread 0x000001338260e260 Uncommon trap: reason=unstable_if action=reinterpret pc=0x0000013395078420 method=jdk.internal.loader.URLClassPath.getLoader(I)Ljdk/internal/loader/URLClassPath$Loader; @ 19 c2
Event: 3.408 Thread 0x000001338260e260 DEOPT PACKING pc=0x0000013395078420 sp=0x0000002a90ddb2a0
Event: 3.408 Thread 0x000001338260e260 DEOPT UNPACKING pc=0x000001338d4ad72e sp=0x0000002a90ddb228 mode 2

Classes unloaded (0 events):
No events

Classes redefined (0 events):
No events

Internal exceptions (20 events):
Event: 1.100 Thread 0x000001338260e260 Exception <a 'java/lang/NoSuchMethodError'{0x00000000c16ae640}: 'java.lang.Object java.lang.invoke.DirectMethodHandle$Holder.invokeStatic(java.lang.Object, java.lang.Object, int, java.lang.Object, java.lang.Object)'> (0x00000000c16ae640) 
thrown [t:\workspace\open\src\hotspot\share\interpreter\linkResolver.cpp, line 790]
Event: 1.101 Thread 0x000001338260e260 Exception <a 'java/lang/NoSuchMethodError'{0x00000000c16b9540}: 'java.lang.Object java.lang.invoke.DirectMethodHandle$Holder.newInvokeSpecial(java.lang.Object, java.lang.Object, int, java.lang.Object)'> (0x00000000c16b9540) 
thrown [t:\workspace\open\src\hotspot\share\interpreter\linkResolver.cpp, line 790]
Event: 1.101 Thread 0x000001338260e260 Exception <a 'java/lang/NoSuchMethodError'{0x00000000c16bd790}: 'java.lang.Object java.lang.invoke.DirectMethodHandle$Holder.invokeSpecial(java.lang.Object, java.lang.Object, java.lang.Object, int, java.lang.Object)'> (0x00000000c16bd790) 
thrown [t:\workspace\open\src\hotspot\share\interpreter\linkResolver.cpp, line 790]
Event: 1.122 Thread 0x000001338260e260 Exception <a 'java/lang/NoSuchMethodError'{0x00000000c157f208}: 'java.lang.Object java.lang.invoke.DirectMethodHandle$Holder.invokeStaticInit(java.lang.Object, java.lang.Object, java.lang.Object, java.lang.Object)'> (0x00000000c157f208) 
thrown [t:\workspace\open\src\hotspot\share\interpreter\linkResolver.cpp, line 790]
Event: 1.130 Thread 0x000001338260e260 Exception <a 'java/lang/NoSuchMethodError'{0x00000000c15f7538}: 'void java.lang.invoke.DirectMethodHandle$Holder.invokeStatic(java.lang.Object, java.lang.Object)'> (0x00000000c15f7538) 
thrown [t:\workspace\open\src\hotspot\share\interpreter\linkResolver.cpp, line 790]
Event: 1.429 Thread 0x000001338260e260 Exception <a 'java/lang/NoSuchMethodError'{0x00000000c28a3810}: 'java.lang.Object java.lang.invoke.DirectMethodHandle$Holder.invokeStatic(java.lang.Object, java.lang.Object, int, java.lang.Object)'> (0x00000000c28a3810) 
thrown [t:\workspace\open\src\hotspot\share\interpreter\linkResolver.cpp, line 790]
Event: 1.430 Thread 0x000001338260e260 Exception <a 'java/lang/NoSuchMethodError'{0x00000000c28ac9b8}: 'java.lang.Object java.lang.invoke.DirectMethodHandle$Holder.newInvokeSpecial(java.lang.Object, java.lang.Object, int)'> (0x00000000c28ac9b8) 
thrown [t:\workspace\open\src\hotspot\share\interpreter\linkResolver.cpp, line 790]
Event: 1.440 Thread 0x000001338260e260 Exception <a 'java/lang/NoSuchMethodError'{0x00000000c28d2fc8}: 'java.lang.Object java.lang.invoke.DirectMethodHandle$Holder.invokeStatic(java.lang.Object, int, java.lang.Object)'> (0x00000000c28d2fc8) 
thrown [t:\workspace\open\src\hotspot\share\interpreter\linkResolver.cpp, line 790]
Event: 2.315 Thread 0x000001338260e260 Exception <a 'java/lang/NoSuchMethodError'{0x00000000c7c249e0}: 'java.lang.Object java.lang.invoke.DirectMethodHandle$Holder.newInvokeSpecial(java.lang.Object, java.lang.Object, java.lang.Object, java.lang.Object, java.lang.Object, int)'> (0x00000000c7c249e0) 
thrown [t:\workspace\open\src\hotspot\share\interpreter\linkResolver.cpp, line 790]
Event: 2.316 Thread 0x000001338260e260 Exception <a 'java/lang/NoSuchMethodError'{0x00000000c7c29158}: 'java.lang.Object java.lang.invoke.DirectMethodHandle$Holder.invokeSpecial(java.lang.Object, java.lang.Object, java.lang.Object, java.lang.Object, java.lang.Object, java.lang.Object, int)'> (0x00000000c7c29158) 
thrown [t:\workspace\open\src\hotspot\share\interpreter\linkResolver.cpp, line 790]
Event: 2.346 Thread 0x000001338260e260 Exception <a 'java/lang/NoSuchMethodError'{0x00000000c7ce4398}: 'java.lang.Object java.lang.invoke.DirectMethodHandle$Holder.newInvokeSpecial(java.lang.Object, java.lang.Object, java.lang.Object, java.lang.Object, int, java.lang.Object)'> (0x00000000c7ce4398) 
thrown [t:\workspace\open\src\hotspot\share\interpreter\linkResolver.cpp, line 790]
Event: 2.346 Thread 0x000001338260e260 Exception <a 'java/lang/NoSuchMethodError'{0x00000000c7ce8780}: 'java.lang.Object java.lang.invoke.DirectMethodHandle$Holder.invokeSpecial(java.lang.Object, java.lang.Object, java.lang.Object, java.lang.Object, java.lang.Object, int, java.lang.Object)'> (0x00000000c7ce8780) 
thrown [t:\workspace\open\src\hotspot\share\interpreter\linkResolver.cpp, line 790]
Event: 2.542 Thread 0x000001338260e260 Exception <a 'java/lang/NoSuchMethodError'{0x00000000c5bd59c8}: 'java.lang.Object java.lang.invoke.DirectMethodHandle$Holder.invokeStaticInit(java.lang.Object, java.lang.Object, java.lang.Object, java.lang.Object, java.lang.Object)'> (0x00000000c5bd59c8) 
thrown [t:\workspace\open\src\hotspot\share\interpreter\linkResolver.cpp, line 790]
Event: 2.543 Thread 0x000001338260e260 Exception <a 'java/lang/NoSuchMethodError'{0x00000000c5bdce38}: 'java.lang.Object java.lang.invoke.Invokers$Holder.invoke_MT(java.lang.Object, java.lang.Object, java.lang.Object, java.lang.Object, java.lang.Object, java.lang.Object)'> (0x00000000c5bdce38) 
thrown [t:\workspace\open\src\hotspot\share\interpreter\linkResolver.cpp, line 790]
Event: 2.545 Thread 0x000001338260e260 Exception <a 'java/lang/NoSuchMethodError'{0x00000000c5bea5b8}: 'java.lang.Object java.lang.invoke.Invokers$Holder.invoker(java.lang.Object, java.lang.Object, java.lang.Object)'> (0x00000000c5bea5b8) 
thrown [t:\workspace\open\src\hotspot\share\interpreter\linkResolver.cpp, line 790]
Event: 2.546 Thread 0x000001338260e260 Exception <a 'java/lang/NoSuchMethodError'{0x00000000c5bf40c8}: 'java.lang.Object java.lang.invoke.DirectMethodHandle$Holder.invokeStatic(java.lang.Object, java.lang.Object, int)'> (0x00000000c5bf40c8) 
thrown [t:\workspace\open\src\hotspot\share\interpreter\linkResolver.cpp, line 790]
Event: 2.547 Thread 0x000001338260e260 Exception <a 'java/lang/NoSuchMethodError'{0x00000000c5bff4e0}: 'void java.lang.invoke.DelegatingMethodHandle$Holder.delegate(java.lang.Object, java.lang.Object, int, java.lang.Object)'> (0x00000000c5bff4e0) 
thrown [t:\workspace\open\src\hotspot\share\interpreter\linkResolver.cpp, line 790]
Event: 2.548 Thread 0x000001338260e260 Exception <a 'java/lang/NoSuchMethodError'{0x00000000c5a04170}: 'int java.lang.invoke.DirectMethodHandle$Holder.invokeSpecial(java.lang.Object, java.lang.Object, java.lang.Object)'> (0x00000000c5a04170) 
thrown [t:\workspace\open\src\hotspot\share\interpreter\linkResolver.cpp, line 790]
Event: 2.548 Thread 0x000001338260e260 Exception <a 'java/lang/NoSuchMethodError'{0x00000000c5a0c990}: 'java.lang.Object java.lang.invoke.Invokers$Holder.invokeExact_MT(java.lang.Object, java.lang.Object, java.lang.Object, java.lang.Object)'> (0x00000000c5a0c990) 
thrown [t:\workspace\open\src\hotspot\share\interpreter\linkResolver.cpp, line 790]
Event: 3.399 Thread 0x000001338260e260 Exception <a 'java/lang/InterruptedException'{0x00000000cb65a868}: sleep interrupted> (0x00000000cb65a868) 
thrown [t:\workspace\open\src\hotspot\share\prims\jvm.cpp, line 3279]

Events (20 events):
Event: 2.555 Executing  VM operation: HandshakeAllThreads done
Event: 2.608 Executing  VM operation: G1CollectForAllocation
Event: 2.619 Executing  VM operation: G1CollectForAllocation done
Event: 2.691 Executing  VM operation: G1CollectForAllocation
Event: 2.702 Executing  VM operation: G1CollectForAllocation done
Event: 2.702 Executing  VM operation: G1CollectFull
Event: 2.744 Executing  VM operation: G1CollectFull done
Event: 2.789 Executing  VM operation: G1CollectForAllocation
Event: 2.797 Executing  VM operation: G1CollectForAllocation done
Event: 2.845 Executing  VM operation: G1CollectForAllocation
Event: 2.858 Executing  VM operation: G1CollectForAllocation done
Event: 2.900 Executing  VM operation: G1CollectFull
Event: 2.941 Executing  VM operation: G1CollectFull done
Event: 3.011 Executing  VM operation: G1CollectFull
Event: 3.060 Executing  VM operation: G1CollectFull done
Event: 3.114 Thread 0x00000133a33329b0 Thread exited: 0x00000133a33329b0
Event: 3.187 Executing  VM operation: G1CollectForAllocation
Event: 3.196 Executing  VM operation: G1CollectForAllocation done
Event: 3.270 Executing  VM operation: G1CollectFull
Event: 3.335 Executing  VM operation: G1CollectFull done


Dynamic libraries:
0x00007ff6c76a0000 - 0x00007ff6c76bc000 	C:\Users\CPB06GameN\anaconda3\python.exe
0x00007ffe56e30000 - 0x00007ffe57025000 	C:\WINDOWS\SYSTEM32\ntdll.dll
0x00007ffe562f0000 - 0x00007ffe563ad000 	C:\WINDOWS\System32\KERNEL32.DLL
0x00007ffe54880000 - 0x00007ffe54b49000 	C:\WINDOWS\System32\KERNELBASE.dll
0x00007ffe545b0000 - 0x00007ffe546b0000 	C:\WINDOWS\System32\ucrtbase.dll
0x00007ffe08ef0000 - 0x00007ffe09322000 	C:\Users\CPB06GameN\anaconda3\python38.dll
0x00007ffe4f060000 - 0x00007ffe4f079000 	C:\Users\CPB06GameN\anaconda3\VCRUNTIME140.dll
0x00007ffe56740000 - 0x00007ffe56795000 	C:\WINDOWS\System32\SHLWAPI.dll
0x00007ffe55f30000 - 0x00007ffe55fce000 	C:\WINDOWS\System32\msvcrt.dll
0x00007ffe4cc20000 - 0x00007ffe4cc2a000 	C:\WINDOWS\SYSTEM32\VERSION.dll
0x00007ffe56ca0000 - 0x00007ffe56d0b000 	C:\WINDOWS\System32\WS2_32.dll
0x00007ffe54ea0000 - 0x00007ffe54fca000 	C:\WINDOWS\System32\RPCRT4.dll
0x00007ffe55530000 - 0x00007ffe555dc000 	C:\WINDOWS\System32\ADVAPI32.dll
0x00007ffe56250000 - 0x00007ffe562eb000 	C:\WINDOWS\System32\sechost.dll
0x00007ffe53f10000 - 0x00007ffe53f28000 	C:\WINDOWS\SYSTEM32\CRYPTSP.dll
0x00007ffe535d0000 - 0x00007ffe53604000 	C:\WINDOWS\system32\rsaenh.dll
0x00007ffe546b0000 - 0x00007ffe546d7000 	C:\WINDOWS\System32\bcrypt.dll
0x00007ffe53f30000 - 0x00007ffe53f3c000 	C:\WINDOWS\SYSTEM32\CRYPTBASE.dll
0x00007ffe547f0000 - 0x00007ffe54873000 	C:\WINDOWS\System32\bcryptPrimitives.dll
0x00007ffe500c0000 - 0x00007ffe500cf000 	C:\Users\CPB06GameN\anaconda3\python3.DLL
0x00007ffe4eb70000 - 0x00007ffe4eb87000 	C:\Users\CPB06GameN\anaconda3\DLLs\_bz2.pyd
0x00007ffe3fc30000 - 0x00007ffe3fc5a000 	C:\Users\CPB06GameN\anaconda3\DLLs\_lzma.pyd
0x00007ffe41900000 - 0x00007ffe41920000 	C:\Users\CPB06GameN\anaconda3\DLLs\_ctypes.pyd
0x00007ffe564c0000 - 0x00007ffe565ea000 	C:\WINDOWS\System32\ole32.dll
0x00007ffe54fd0000 - 0x00007ffe55325000 	C:\WINDOWS\System32\combase.dll
0x00007ffe4eb40000 - 0x00007ffe4eb4b000 	C:\Users\CPB06GameN\anaconda3\DLLs\libffi-7.dll
0x00007ffe565f0000 - 0x00007ffe5661a000 	C:\WINDOWS\System32\GDI32.dll
0x00007ffe54c60000 - 0x00007ffe54c82000 	C:\WINDOWS\System32\win32u.dll
0x00007ffe54b50000 - 0x00007ffe54c5b000 	C:\WINDOWS\System32\gdi32full.dll
0x00007ffe54c90000 - 0x00007ffe54d2d000 	C:\WINDOWS\System32\msvcp_win.dll
0x00007ffe55330000 - 0x00007ffe554d0000 	C:\WINDOWS\System32\USER32.dll
0x00007ffe56180000 - 0x00007ffe5624d000 	C:\WINDOWS\System32\OLEAUT32.dll
0x00007ffe55710000 - 0x00007ffe55740000 	C:\WINDOWS\System32\IMM32.DLL
0x0000000066d80000 - 0x0000000068b11000 	C:\Users\CPB06GameN\anaconda3\lib\site-packages\numpy\.libs\libopenblas.WCDJNK7YVMPZQ2ME2ZZHJJRJ3JIKNDB7.gfortran-win_amd64.dll
0x00007ffe09590000 - 0x00007ffe09859000 	C:\Users\CPB06GameN\anaconda3\lib\site-packages\numpy\core\_multiarray_umath.cp38-win_amd64.pyd
0x00007ffe3fc10000 - 0x00007ffe3fc2f000 	C:\Users\CPB06GameN\anaconda3\lib\site-packages\numpy\core\_multiarray_tests.cp38-win_amd64.pyd
0x00007ffe4e230000 - 0x00007ffe4e239000 	C:\Users\CPB06GameN\anaconda3\lib\site-packages\numpy\linalg\lapack_lite.cp38-win_amd64.pyd
0x00007ffe35ea0000 - 0x00007ffe35eca000 	C:\Users\CPB06GameN\anaconda3\lib\site-packages\numpy\linalg\_umath_linalg.cp38-win_amd64.pyd
0x00007ffe2c270000 - 0x00007ffe2c2b3000 	C:\Users\CPB06GameN\anaconda3\DLLs\_decimal.pyd
0x00007ffe3f500000 - 0x00007ffe3f520000 	C:\Users\CPB06GameN\anaconda3\lib\site-packages\numpy\fft\_pocketfft_internal.cp38-win_amd64.pyd
0x00007ffe2bb80000 - 0x00007ffe2bc10000 	C:\Users\CPB06GameN\anaconda3\lib\site-packages\numpy\random\mtrand.cp38-win_amd64.pyd
0x00007ffe2e000000 - 0x00007ffe2e029000 	C:\Users\CPB06GameN\anaconda3\lib\site-packages\numpy\random\bit_generator.cp38-win_amd64.pyd
0x00007ffe2cc70000 - 0x00007ffe2cca2000 	C:\Users\CPB06GameN\anaconda3\lib\site-packages\numpy\random\_common.cp38-win_amd64.pyd
0x00007ffe4dfe0000 - 0x00007ffe4dfed000 	C:\Users\CPB06GameN\anaconda3\DLLs\_hashlib.pyd
0x00007ffdd6530000 - 0x00007ffdd687a000 	C:\Users\CPB06GameN\anaconda3\Library\bin\libcrypto-1_1-x64.dll
0x00007ffe2c3c0000 - 0x00007ffe2c400000 	C:\Users\CPB06GameN\anaconda3\lib\site-packages\numpy\random\_bounded_integers.cp38-win_amd64.pyd
0x00007ffe3eaa0000 - 0x00007ffe3eab8000 	C:\Users\CPB06GameN\anaconda3\lib\site-packages\numpy\random\_mt19937.cp38-win_amd64.pyd
0x00007ffe33cb0000 - 0x00007ffe33cc7000 	C:\Users\CPB06GameN\anaconda3\lib\site-packages\numpy\random\_philox.cp38-win_amd64.pyd
0x00007ffe31660000 - 0x00007ffe31675000 	C:\Users\CPB06GameN\anaconda3\lib\site-packages\numpy\random\_pcg64.cp38-win_amd64.pyd
0x00007ffe2c9f0000 - 0x00007ffe2ca02000 	C:\Users\CPB06GameN\anaconda3\lib\site-packages\numpy\random\_sfc64.cp38-win_amd64.pyd
0x00007ffe0b410000 - 0x00007ffe0b4b5000 	C:\Users\CPB06GameN\anaconda3\lib\site-packages\numpy\random\_generator.cp38-win_amd64.pyd
0x00007ffe2bb50000 - 0x00007ffe2bb71000 	C:\Users\CPB06GameN\anaconda3\lib\site-packages\matplotlib\ft2font.cp38-win_amd64.pyd
0x00007ffe3a180000 - 0x00007ffe3a20d000 	C:\WINDOWS\SYSTEM32\MSVCP140.dll
0x00007ffe3ea70000 - 0x00007ffe3ea7c000 	C:\WINDOWS\SYSTEM32\VCRUNTIME140_1.dll
0x00007ffe0b370000 - 0x00007ffe0b40f000 	C:\Users\CPB06GameN\anaconda3\Library\bin\freetype.dll
0x00007ffe2bb30000 - 0x00007ffe2bb49000 	C:\Users\CPB06GameN\anaconda3\Library\bin\zlib.dll
0x00007ffe2b750000 - 0x00007ffe2b784000 	C:\Users\CPB06GameN\anaconda3\Library\bin\libpng16.dll
0x00007ffe2b720000 - 0x00007ffe2b743000 	C:\Users\CPB06GameN\anaconda3\lib\site-packages\kiwisolver.cp38-win_amd64.pyd
0x00007ffe2bb10000 - 0x00007ffe2bb26000 	C:\Users\CPB06GameN\anaconda3\DLLs\_socket.pyd
0x00007ffe539c0000 - 0x00007ffe539fb000 	C:\WINDOWS\SYSTEM32\IPHLPAPI.DLL
0x00007ffe4caf0000 - 0x00007ffe4caf9000 	C:\Users\CPB06GameN\anaconda3\DLLs\select.pyd
0x00007ffe2ad70000 - 0x00007ffe2ad8e000 	C:\Users\CPB06GameN\anaconda3\lib\site-packages\google\protobuf\internal\_api_implementation.cp38-win_amd64.pyd
0x00007ffe04220000 - 0x00007ffe043b0000 	C:\Users\CPB06GameN\anaconda3\lib\site-packages\google\protobuf\pyext\_message.cp38-win_amd64.pyd
0x00007ffe4c9c0000 - 0x00007ffe4c9c9000 	C:\Users\CPB06GameN\anaconda3\msvcp140_1.dll
0x00007ffd89520000 - 0x00007ffdad0bc000 	C:\Users\CPB06GameN\anaconda3\lib\site-packages\tensorflow\python\_pywrap_tensorflow_internal.pyd
0x00007ffe54d30000 - 0x00007ffe54e8f000 	C:\WINDOWS\System32\CRYPT32.dll
0x00007ffe55e90000 - 0x00007ffe55e98000 	C:\WINDOWS\System32\Normaliz.dll
0x00007ffe55740000 - 0x00007ffe55e7f000 	C:\WINDOWS\System32\SHELL32.dll
0x00007ffe39f90000 - 0x00007ffe3a174000 	C:\WINDOWS\SYSTEM32\dbghelp.dll
0x00007ffdbd090000 - 0x00007ffdbd64f000 	C:\Users\CPB06GameN\anaconda3\lib\site-packages\tensorflow\python\_pywrap_tfe.pyd
0x00007ffdd6200000 - 0x00007ffdd6527000 	C:\Users\CPB06GameN\anaconda3\lib\site-packages\tensorflow\python\platform\_pywrap_tf2.pyd
0x00007ffdbcad0000 - 0x00007ffdbd084000 	C:\Users\CPB06GameN\anaconda3\lib\site-packages\tensorflow\python\client\_pywrap_tf_session.pyd
0x00007ffe4c830000 - 0x00007ffe4c83e000 	C:\Users\CPB06GameN\anaconda3\lib\site-packages\wrapt\_wrappers.cp38-win_amd64.pyd
0x00007ffe2ad40000 - 0x00007ffe2ad67000 	C:\Users\CPB06GameN\anaconda3\lib\site-packages\tensorflow\python\util\_pywrap_utils.pyd
0x00007ffe2a980000 - 0x00007ffe2a999000 	C:\Users\CPB06GameN\anaconda3\lib\site-packages\tensorflow\python\util\_pywrap_nest.pyd
0x00007ffdca580000 - 0x00007ffdca80e000 	C:\Users\CPB06GameN\anaconda3\lib\site-packages\tensorflow\python\_pywrap_py_exception_registry.pyd
0x00007ffdbc830000 - 0x00007ffdbcac4000 	C:\Users\CPB06GameN\anaconda3\lib\site-packages\tensorflow\python\framework\_dtypes.pyd
0x00007ffe29e50000 - 0x00007ffe29e68000 	C:\Users\CPB06GameN\anaconda3\lib\site-packages\tensorflow\python\lib\core\_pywrap_bfloat16.pyd
0x00007ffdbc500000 - 0x00007ffdbc82a000 	C:\Users\CPB06GameN\anaconda3\lib\site-packages\tensorflow\python\profiler\internal\_pywrap_traceme.pyd
0x00007ffe03cf0000 - 0x00007ffe03dff000 	C:\Users\CPB06GameN\anaconda3\lib\site-packages\tensorflow\python\util\_tf_stack.pyd
0x00007ffdbc1d0000 - 0x00007ffdbc4f6000 	C:\Users\CPB06GameN\anaconda3\lib\site-packages\tensorflow\python\framework\_op_def_registry.pyd
0x00007ffd89170000 - 0x00007ffd89511000 	C:\Users\CPB06GameN\anaconda3\lib\site-packages\tensorflow\python\framework\_proto_comparators.pyd
0x00007ffd88c50000 - 0x00007ffd8916e000 	C:\Users\CPB06GameN\anaconda3\lib\site-packages\tensorflow\python\data\experimental\service\_pywrap_utils.pyd
0x00007ffe4c5f0000 - 0x00007ffe4c5f9000 	C:\Users\CPB06GameN\anaconda3\DLLs\_queue.pyd
0x00007ffd88910000 - 0x00007ffd88c49000 	C:\Users\CPB06GameN\anaconda3\lib\site-packages\tensorflow\python\lib\io\_pywrap_file_io.pyd
0x00007ffd885c0000 - 0x00007ffd88908000 	C:\Users\CPB06GameN\anaconda3\lib\site-packages\tensorflow\python\lib\io\_pywrap_record_io.pyd
0x00007ffd88220000 - 0x00007ffd885b6000 	C:\Users\CPB06GameN\anaconda3\lib\site-packages\tensorflow\python\util\_pywrap_checkpoint_reader.pyd
0x00007ffd87ee0000 - 0x00007ffd88214000 	C:\Users\CPB06GameN\anaconda3\lib\site-packages\tensorflow\python\_pywrap_parallel_device.pyd
0x00007ffe29e30000 - 0x00007ffe29e49000 	C:\Users\CPB06GameN\anaconda3\lib\site-packages\tensorflow\python\util\_pywrap_tensor_float_32_execution.pyd
0x00007ffe29c20000 - 0x00007ffe29c38000 	C:\Users\CPB06GameN\anaconda3\lib\site-packages\tensorflow\python\lib\core\_pywrap_py_func.pyd
0x00007ffd87bb0000 - 0x00007ffd87edd000 	C:\Users\CPB06GameN\anaconda3\lib\site-packages\tensorflow\python\data\experimental\service\_pywrap_server_lib.pyd
0x00007ffd87880000 - 0x00007ffd87bac000 	C:\Users\CPB06GameN\anaconda3\lib\site-packages\tensorflow\python\client\_pywrap_events_writer.pyd
0x00007ffd87160000 - 0x00007ffd87873000 	C:\Users\CPB06GameN\anaconda3\lib\site-packages\tensorflow\python\profiler\internal\_pywrap_profiler.pyd
0x00007ffe27ad0000 - 0x00007ffe27af7000 	C:\Users\CPB06GameN\anaconda3\DLLs\_ssl.pyd
0x00007ffe08e40000 - 0x00007ffe08eec000 	C:\Users\CPB06GameN\anaconda3\Library\bin\libssl-1_1-x64.dll
0x00007ffe27740000 - 0x00007ffe27752000 	C:\Users\CPB06GameN\anaconda3\DLLs\_asyncio.pyd
0x00007ffe4c5b0000 - 0x00007ffe4c5bd000 	C:\Users\CPB06GameN\anaconda3\DLLs\_overlapped.pyd
0x00007ffe53d20000 - 0x00007ffe53d8a000 	C:\WINDOWS\system32\mswsock.dll
0x00007ffd86e30000 - 0x00007ffd87158000 	C:\Users\CPB06GameN\anaconda3\lib\site-packages\tensorflow\python\saved_model\experimental\pywrap_libexport.pyd
0x00007ffe49d10000 - 0x00007ffe49d19000 	C:\Users\CPB06GameN\anaconda3\DLLs\_multiprocessing.pyd
0x00007ffd86b00000 - 0x00007ffd86e26000 	C:\Users\CPB06GameN\anaconda3\lib\site-packages\tensorflow\python\client\_pywrap_device_lib.pyd
0x00007ffe25740000 - 0x00007ffe2576d000 	C:\Users\CPB06GameN\anaconda3\DLLs\_elementtree.pyd
0x00007ffe1b5b0000 - 0x00007ffe1b5e1000 	C:\Users\CPB06GameN\anaconda3\DLLs\pyexpat.pyd
0x00007ffdf5e50000 - 0x00007ffdf5eee000 	C:\Users\CPB06GameN\anaconda3\lib\site-packages\PIL\_imaging.cp38-win_amd64.pyd
0x00007ffdf5700000 - 0x00007ffdf57a2000 	C:\Users\CPB06GameN\anaconda3\Library\bin\tiff.dll
0x00007ffe1baf0000 - 0x00007ffe1bb1a000 	C:\Users\CPB06GameN\anaconda3\Library\bin\liblzma.dll
0x00007ffe04cc0000 - 0x00007ffe04d36000 	C:\Users\CPB06GameN\anaconda3\Library\bin\zstd.dll
0x0000000070bc0000 - 0x0000000070be8000 	C:\Users\CPB06GameN\anaconda3\lib\site-packages\scipy\.libs\libansari.R6EA3HQP5KZ6TAXU4Y4ZVTRPT7UVA53Z.gfortran-win_amd64.dll
0x000000006af00000 - 0x000000006afa6000 	C:\Users\CPB06GameN\anaconda3\lib\site-packages\scipy\.libs\libbanded5x.ZCD4YVWE76FRGRP64SGAP7BX4MU5BEFM.gfortran-win_amd64.dll
0x0000000000dc0000 - 0x0000000002a48000 	C:\Users\CPB06GameN\anaconda3\lib\site-packages\scipy\.libs\libopenblas.PYQHXLVVQ7VESDPUVUADXEVJOBGHJPAY.gfortran-win_amd64.dll
0x0000000071200000 - 0x00000000713bf000 	C:\Users\CPB06GameN\anaconda3\lib\site-packages\scipy\.libs\libbispeu.7AH3PCQ2E2NGLC3AQD7FFAH73KGJTZCJ.gfortran-win_amd64.dll
0x0000000064840000 - 0x00000000648e3000 	C:\Users\CPB06GameN\anaconda3\lib\site-packages\scipy\.libs\libblkdta00.5USURWRMG6FPFEKUZDHXY7U7LNUM2WK6.gfortran-win_amd64.dll
0x000000006dc40000 - 0x000000006dc8a000 	C:\Users\CPB06GameN\anaconda3\lib\site-packages\scipy\.libs\libchkder.G7WSOGIYYQO3UWFVEZ3PPXCXR53ADVPA.gfortran-win_amd64.dll
0x0000000002a50000 - 0x0000000002af1000 	C:\Users\CPB06GameN\anaconda3\lib\site-packages\scipy\.libs\libcobyla2.25EVUSEBAW7VKISARB7LO3UGZPN2HXE3.gfortran-win_amd64.dll
0x0000000063400000 - 0x0000000063418000 	C:\Users\CPB06GameN\anaconda3\lib\site-packages\scipy\.libs\libdcsrch.I2AOPDCXAPDRFNPWY55H5UE7XZSU5CVN.gfortran-win_amd64.dll
0x0000000062880000 - 0x000000006289e000 	C:\Users\CPB06GameN\anaconda3\lib\site-packages\scipy\.libs\libdet.F6RQ4OV2DGIJ2MARDTCBP35QSS4MLVQE.gfortran-win_amd64.dll
0x0000000070980000 - 0x0000000070adf000 	C:\Users\CPB06GameN\anaconda3\lib\site-packages\scipy\.libs\libdfft_sub.U5C2BGSVP4A24TBEJAO6QCQJ2B6LPVGU.gfortran-win_amd64.dll
0x0000000066340000 - 0x00000000664ff000 	C:\Users\CPB06GameN\anaconda3\lib\site-packages\scipy\.libs\libdfitpack.F5IA373IXQXRMNVIGRAXL6SPJ4PKDPUB.gfortran-win_amd64.dll
0x0000000002b00000 - 0x0000000002d6a000 	C:\Users\CPB06GameN\anaconda3\lib\site-packages\scipy\.libs\libdgamln.UIFGIOJQL54NTBYWYZ56OJCM4CZSNWEI.gfortran-win_amd64.dll
0x0000000066600000 - 0x0000000066699000 	C:\Users\CPB06GameN\anaconda3\lib\site-packages\scipy\.libs\libdop853.6TJTQZW3I3Q3QIDQHEOBEZKJ3NYRXI4B.gfortran-win_amd64.dll
0x000000006f5c0000 - 0x000000006f683000 	C:\Users\CPB06GameN\anaconda3\lib\site-packages\scipy\.libs\libdqag.DX5EAYYNPFO66EWHYQS3FJBH7SZRQOKL.gfortran-win_amd64.dll
0x0000000070340000 - 0x000000007045e000 	C:\Users\CPB06GameN\anaconda3\lib\site-packages\scipy\.libs\libd_odr.HY35LCTJLWN56VS6T57IRQDDWOT6C433.gfortran-win_amd64.dll
0x000000006b300000 - 0x000000006b35b000 	C:\Users\CPB06GameN\anaconda3\lib\site-packages\scipy\.libs\libgetbreak.A43LEPYTRXGJCAFEE2XXOUDQX2I7BT74.gfortran-win_amd64.dll
0x0000000064100000 - 0x00000000641ac000 	C:\Users\CPB06GameN\anaconda3\lib\site-packages\scipy\.libs\liblbfgsb.754DFFB6OF2BEPR5ANJHBKOOGAKJT2PV.gfortran-win_amd64.dll
0x000000006c040000 - 0x000000006c167000 	C:\Users\CPB06GameN\anaconda3\lib\site-packages\scipy\.libs\libmvndst.IUWFZM2WSUQ3UTGQHFQ26ATH2A2TIUVI.gfortran-win_amd64.dll
0x000000006a440000 - 0x000000006a4c2000 	C:\Users\CPB06GameN\anaconda3\lib\site-packages\scipy\.libs\libnnls.IXEEHJUCGHJL42YZEM6UIEMROJWXHMLJ.gfortran-win_amd64.dll
0x0000000066940000 - 0x0000000066987000 	C:\Users\CPB06GameN\anaconda3\lib\site-packages\scipy\.libs\libslsqp_op.RGGN6ZOFD2K47X7YRNDYCM7JFP4AGLER.gfortran-win_amd64.dll
0x000000006e180000 - 0x000000006e2db000 	C:\Users\CPB06GameN\anaconda3\lib\site-packages\scipy\.libs\libspecfun.LQCTHMCYNULEOOGKIO6AGREE6D6V37RU.gfortran-win_amd64.dll

dbghelp: loaded successfully - version: 4.0.5 - missing functions: none
symbol engine: initialized successfully - sym options: 0x614 - pdb path: .;C:\Users\CPB06GameN\anaconda3;C:\WINDOWS\SYSTEM32;C:\Users\CPB06GameN\anaconda3\DLLs;C:\Users\CPB06GameN\anaconda3\lib\site-packages\numpy\.libs;C:\Users\CPB06GameN\anaconda3\lib\site-packages\numpy\core;C:\Users\CPB06GameN\anaconda3\lib\site-packages\numpy\linalg;C:\Users\CPB06GameN\anaconda3\lib\site-packages\numpy\fft;C:\Users\CPB06GameN\anaconda3\lib\site-packages\numpy\random;C:\Users\CPB06GameN\anaconda3\Library\bin;C:\Users\CPB06GameN\anaconda3\lib\site-packages\matplotlib;C:\Users\CPB06GameN\anaconda3\lib\site-packages;C:\Users\CPB06GameN\anaconda3\lib\site-packages\google\protobuf\internal;C:\Users\CPB06GameN\anaconda3\lib\site-packages\google\protobuf\pyext;C:\Users\CPB06GameN\anaconda3\lib\site-packages\tensorflow\python;C:\Users\CPB06GameN\anaconda3\lib\site-packages\tensorflow\python\platform;C:\Users\CPB06GameN\anaconda3\lib\site-packages\tensorflow\python\client;C:\Users\CPB06GameN\anaconda3\lib\site-packages\wrapt;C:\Users\CPB06GameN\anaconda3\lib\site-packages\tensorflow\python\util;C:\Users\CPB06GameN\anaconda3\lib\site-packages\tensorflow\python\framework;C:\Users\CPB06GameN\anaconda3\lib\site-packages\tensorflow\python\lib\core;C:\Users\CPB06GameN\anaconda3\lib\site-packages\tensorflow\python\profiler\internal;C:\Users\CPB06GameN\anaconda3\lib\site-packages\tensorflow\python\data\experimental\service;C:\Users\CPB06GameN\anaconda3\lib\site-packages\tensorflow\python\lib\io;C:\Users\CPB06GameN\anaconda3\lib\site-packages\tensorflow\python\saved_model\experimental;C:\Users\CPB06GameN\anaconda3\lib\site-packages\PIL;C:\Users\CPB06GameN\anaconda3\lib\site-packages\scipy\.libs;C:\Users\CPB06GameN\anaconda3\lib\site-packages\scipy\_lib;C:\Users\CPB06GameN\anaconda3\lib\site-packages\scipy\_lib\_uarray;C:\Users\CPB06GameN\anaconda3\lib\site-packages\scipy\fft\_pocketfft;C:\Users\CPB06GameN\anaconda3\lib\site-packages\scipy\ndimage;C:\Users\CPB06GameN\anaconda3\lib\site-packages\scipy\linalg;C:\Users\CPB06GameN\anaconda3\lib\site-packages\scipy\sparse;C:\Users\CPB06GameN\anaconda3\lib\site-packages\scipy\sparse\csgraph;C:\Users\CPB06GameN\anaconda3\lib\site-packages\brotli;C:\Users\CPB06GameN\anaconda3\lib\site-packages\h5py;C:\Users\CPB06GameN\anaconda3\lib\site-packages\tensorflow\lite\experimental\microfrontend\python\ops;C:\Users\CPB06GameN\anaconda3\lib\site-packages\tensorflow\python\grappler;C:\Users\CPB06GameN\anaconda3\lib\site-packages\tensorflow\lite\python\metrics_wrapper;C:\Users\CPB06GameN\anaconda3\lib\site-packages\tensorflow\lite\python\interpreter_wrapper;C:\Users\CPB06GameN\anaconda3\lib\site-packages\sklearn\__check_build;C:\Users\CPB06GameN\anaconda3\lib\site-packages\sklearn\utils;C:\Users\CPB06GameN\anaconda3\lib\site-packages\psutil;C:\Users\CPB06GameN\anaconda3\lib\site-packages\scipy\spatial;C:\Users\CPB06GameN\anaconda3\lib\site-packages\scipy\special;C:\Users\CPB06GameN\anaconda3\lib\site-packages\scipy\optimize;C:\Users\CPB06GameN\anaconda3\lib\site-packages\scipy\optimize\_trlib;C:\Users\CPB06GameN\anaconda3\lib\site-packages\scipy\sparse\linalg\isolve;C:\Users\CPB06GameN\anaconda3\lib\site-packages\scipy\sparse\linalg\dsolve;C:\Users\CPB06GameN\anaconda3\lib\site-packages\scipy\sparse\linalg\eigen\arpack;C:\Users\CPB06GameN\anaconda3\lib\site-packages\scipy\optimize\_lsq;C:\Users\CPB06GameN\anaconda3\lib\site-packages\scipy\integrate;C:\Users\CPB06GameN\anaconda3\lib\site-packages\scipy\interpolate;C:\Users\CPB06GameN\anaconda3\lib\site-packages\scipy\stats;C:\Users\CPB06GameN\anaconda3\lib\site-packages\win32;C:\Users\CPB06GameN\anaconda3\lib\site-packages\sklearn\preprocessing;C:\Users\CPB06GameN\anaconda3\lib\site-packages\sklearn\metrics\cluster;C:\Users\CPB06GameN\anaconda3\lib\site-packages\sklearn\metrics;C:\Users\CPB06GameN\anaconda3\lib\site-packages\sklearn\neighbors;C:\Users\CPB06GameN\anaconda3\lib\site-packages\sklearn\decomposition;C:\Users\CPB06GameN\anaconda3\lib\site-packages\sklearn\linear_model;C:\Users\CPB06GameN\anaconda3\lib\site-packages\sklearn\svm;C:\Users\CPB06GameN\anaconda3\lib\site-packages\sklearn;C:\Users\CPB06GameN\anaconda3\lib\site-packages\sklearn\manifold;C:\Users\CPB06GameN\anaconda3\lib\site-packages\sklearn\tree;C:\Users\CPB06GameN\anaconda3\lib\site-packages\sklearn\cluster;C:\Users\CPB06GameN\anaconda3\lib\site-packages\pandas\_libs;C:\Users\CPB06GameN\anaconda3\lib\site-packages\pandas\_libs\tslibs;C:\Users\CPB06GameN\anaconda3\lib\site-packages\bottleneck;C:\Users\CPB06GameN\anaconda3\lib\site-packages\pandas\_libs\window;C:\Users\CPB06GameN\anaconda3\lib\site-packages\lxml;C:\Program Files\Java\jdk-16.0.2\bin\server;C:\Program Files\Java\jdk-16.0.2\bin;C:\Users\CPB06GameN\anaconda3\lib\site-packages\gensim;C:\Users\CPB06GameN\anaconda3\lib\site-packages\gensim\corpora;C:\Users\CPB06GameN\anaconda3\lib\site-packages\gensim\models;C:\Users\CPB06GameN\anaconda3\lib\site-packages\gensim\similarities;C:\Users\CPB06GameN\anaconda3\lib\site-packages\numexpr

VM Arguments:
jvm_args: -Dfile.encoding=UTF8 -ea -Xmx1024m 
java_command: <unknown>
java_class_path (initial): C:\Users\CPB06GameN\anaconda3\Lib\site-packages\konlpy\java;C:\Users\CPB06GameN\anaconda3\Lib\site-packages\konlpy\java\bin;C:\Users\CPB06GameN\anaconda3\Lib\site-packages\konlpy\java\*;C:\Users\CPB06GameN\anaconda3\Lib\site-packages\konlpy\java\jhannanum-0.8.4.jar;C:\Users\CPB06GameN\anaconda3\Lib\site-packages\konlpy\java\kkma-2.0.jar;C:\Users\CPB06GameN\anaconda3\Lib\site-packages\konlpy\java\aho-corasick.jar;C:\Users\CPB06GameN\anaconda3\Lib\site-packages\konlpy\java\shineware-common-1.0.jar;C:\Users\CPB06GameN\anaconda3\Lib\site-packages\konlpy\java\shineware-ds-1.0.jar;C:\Users\CPB06GameN\anaconda3\Lib\site-packages\konlpy\java\komoran-3.0.jar;C:\Users\CPB06GameN\anaconda3\Lib\site-packages\konlpy\java\snakeyaml-1.12.jar;C:\Users\CPB06GameN\anaconda3\Lib\site-packages\konlpy\java\scala-library-2.12.3.jar;C:\Users\CPB06GameN\anaconda3\Lib\site-packages\konlpy\java\open-korean-text-2.1.0.jar;C:\Users\CPB06GameN\anaconda3\Lib\site-packages\konlpy\java\twitter-text-1.14.7.jar;C:\Users\CPB06GameN\anaconda3\Lib\site-packages\konlpy\java\*
Launcher Type: generic

[Global flags]
     intx CICompilerCount                          = 4                                         {product} {ergonomic}
     uint ConcGCThreads                            = 3                                         {product} {ergonomic}
     uint G1ConcRefinementThreads                  = 10                                        {product} {ergonomic}
   size_t G1HeapRegionSize                         = 1048576                                   {product} {ergonomic}
    uintx GCDrainStackTargetSize                   = 64                                        {product} {ergonomic}
   size_t InitialHeapSize                          = 266338304                                 {product} {ergonomic}
   size_t MarkStackSize                            = 4194304                                   {product} {ergonomic}
   size_t MaxHeapSize                              = 1073741824                                {product} {command line}
   size_t MaxNewSize                               = 643825664                                 {product} {ergonomic}
   size_t MinHeapDeltaBytes                        = 1048576                                   {product} {ergonomic}
   size_t MinHeapSize                              = 8388608                                   {product} {ergonomic}
    uintx NonNMethodCodeHeapSize                   = 5839372                                {pd product} {ergonomic}
    uintx NonProfiledCodeHeapSize                  = 122909434                              {pd product} {ergonomic}
    uintx ProfiledCodeHeapSize                     = 122909434                              {pd product} {ergonomic}
    uintx ReservedCodeCacheSize                    = 251658240                              {pd product} {ergonomic}
     bool SegmentedCodeCache                       = true                                      {product} {ergonomic}
   size_t SoftMaxHeapSize                          = 1073741824                             {manageable} {ergonomic}
     bool UseCompressedClassPointers               = true                           {product lp64_product} {ergonomic}
     bool UseCompressedOops                        = true                           {product lp64_product} {ergonomic}
     bool UseG1GC                                  = true                                      {product} {ergonomic}
     bool UseLargePagesIndividualAllocation        = false                                  {pd product} {ergonomic}

Logging:
Log output configuration:
 #0: stdout all=warning uptime,level,tags
 #1: stderr all=off uptime,level,tags

Environment Variables:
PATH=C:\Users\CPB06GameN\anaconda3;C:\Users\CPB06GameN\anaconda3\Library\mingw-w64\bin;C:\Users\CPB06GameN\anaconda3\Library\usr\bin;C:\Users\CPB06GameN\anaconda3\Library\bin;C:\Users\CPB06GameN\anaconda3\Scripts;C:\Users\CPB06GameN\anaconda3\bin;C:\Users\CPB06GameN\anaconda3\condabin;C:\Program Files\NVIDIA GPU Computing Toolkit\CUDA\v11.4\bin;C:\Program Files\NVIDIA GPU Computing Toolkit\CUDA\v11.4\libnvvp;C:\Program Files (x86)\Intel\Intel(R) Management Engine Components\iCLS;C:\Program Files\Intel\Intel(R) Management Engine Components\iCLS;C:\Windows\system32;C:\Windows;C:\Windows\System32\Wbem;C:\Windows\System32\WindowsPowerShell\v1.0;C:\Windows\System32\OpenSSH;C:\Program Files (x86)\Intel\Intel(R) Management Engine Components\DAL;C:\Program Files\Intel\Intel(R) Management Engine Components\DAL;C:\Program Files\Intel\WiFi\bin;C:\Program Files\Common Files\Intel\WirelessCommon;C:\Program Files (x86)\NVIDIA Corporation\PhysX\Common;C:\Program Files\NVIDIA Corporation\NVIDIA NvDLISR;C:\WINDOWS\system32;C:\WINDOWS;C:\WINDOWS\System32\Wbem;C:\WINDOWS\System32\WindowsPowerShell\v1.0;C:\WINDOWS\System32\OpenSSH;C:\Program Files\MySQL\MySQL Shell 8.0\bin;C:\Program Files\Git\cmd;C:\Program Files\Git LFS;C:\Program Files\NVIDIA Corporation\Nsight Compute 2021.2.1;C:\Users\CPB06GameN\AppData\Local\Programs\Python\Python38\Scripts;C:\Users\CPB06GameN\AppData\Local\Programs\Python\Python38;C:\Program Files\MySQL\MySQL Shell 8.0\bin;C:\Users\CPB06GameN\AppData\Local\Programs\Python\Python39\Scripts;C:\Users\CPB06GameN\AppData\Local\Programs\Python\Python39;C:\Users\CPB06GameN\AppData\Local\Microsoft\WindowsApps;C:\Program Files\Intel\WiFi\bin;C:\Program Files\Common Files\Intel\WirelessCommon;C:\Program Files\Bandizip;C:\Users\CPB06GameN\AppData\Local\Programs\Microsoft VS Code\bin;C:\Program Files\JetBrains\PyCharm Community Edition 2021.1.3\bin;.;C:\Program Files\NVIDIA GPU Computing Toolkit\CUDA\v11.4\bin;C:\Program Files\NVIDIA GPU Computing Toolkit\CUDA\v11.4\extras\CUP
USERNAME=CPB06GameN
OS=Windows_NT
PROCESSOR_IDENTIFIER=Intel64 Family 6 Model 158 Stepping 10, GenuineIntel



---------------  S Y S T E M  ---------------

OS:
 Windows 10 , 64 bit Build 19041 (10.0.19041.1151)
OS uptime: 9 days 4:21 hours

CPU: total 12 (initial active 12) (6 cores per cpu, 2 threads per core) family 6 model 158 stepping 10 microcode 0xb4, cx8, cmov, fxsr, ht, mmx, 3dnowpref, sse, sse2, sse3, ssse3, sse4.1, sse4.2, popcnt, lzcnt, tsc, tscinvbit, avx, avx2, aes, erms, clmul, bmi1, bmi2, adx, fma, vzeroupper, clflush, clflushopt

Memory: 4k page, system-wide physical 16223M (2466M free)
TotalPageFile size 41695M (AvailPageFile size 9929M)
current process WorkingSet (physical memory assigned to process): 634M, peak: 637M
current process commit charge ("private bytes"): 2519M, peak: 2720M

vm_info: Java HotSpot(TM) 64-Bit Server VM (16.0.2+7-67) for windows-amd64 JRE (16.0.2+7-67), built on Jun  8 2021 23:24:19 by "mach5one" with MS VC++ 16.7 (VS2019)

END.
